This is pdfTeX, Version 3.1415926-2.5-1.40.14 (TeX Live 2013/Debian) (format=pdflatex 2014.5.26)  13 SEP 2014 14:54
entering extended mode
 restricted \write18 enabled.
 file:line:error style messages enabled.
 %&-line parsing enabled.
**thesis.tex
(./thesis.tex
LaTeX2e <2011/06/27>
Babel <3.9f> and hyphenation patterns for 2 languages loaded.
(./cam-thesis.cls
Document Class: cam-thesis 2012/04/12 University of Cambridge thesis class

***********************************************
***********************************************

(/usr/share/texlive/texmf-dist/tex/latex/base/report.cls
Document Class: report 2007/10/19 v1.4h Standard LaTeX document class
(/usr/share/texlive/texmf-dist/tex/latex/base/size12.clo
File: size12.clo 2007/10/19 v1.4h Standard LaTeX file (size option)
)
\c@part=\count79
\c@chapter=\count80
\c@section=\count81
\c@subsection=\count82
\c@subsubsection=\count83
\c@paragraph=\count84
\c@subparagraph=\count85
\c@figure=\count86
\c@table=\count87
\abovecaptionskip=\skip41
\belowcaptionskip=\skip42
\bibindent=\dimen102
) (/usr/share/texlive/texmf-dist/tex/latex/graphics/graphicx.sty
Package: graphicx 1999/02/16 v1.0f Enhanced LaTeX Graphics (DPC,SPQR)
(/usr/share/texlive/texmf-dist/tex/latex/graphics/keyval.sty
Package: keyval 1999/03/16 v1.13 key=value parser (DPC)
\KV@toks@=\toks14
) (/usr/share/texlive/texmf-dist/tex/latex/graphics/graphics.sty
Package: graphics 2009/02/05 v1.0o Standard LaTeX Graphics (DPC,SPQR)
(/usr/share/texlive/texmf-dist/tex/latex/graphics/trig.sty
Package: trig 1999/03/16 v1.09 sin cos tan (DPC)
) (/usr/share/texlive/texmf-dist/tex/latex/latexconfig/graphics.cfg
File: graphics.cfg 2010/04/23 v1.9 graphics configuration of TeX Live
)
Package graphics Info: Driver file: pdftex.def on input line 91.
(/usr/share/texlive/texmf-dist/tex/latex/pdftex-def/pdftex.def
File: pdftex.def 2011/05/27 v0.06d Graphics/color for pdfTeX
(/usr/share/texlive/texmf-dist/tex/generic/oberdiek/infwarerr.sty
Package: infwarerr 2010/04/08 v1.3 Providing info/warning/error messages (HO)
) (/usr/share/texlive/texmf-dist/tex/generic/oberdiek/ltxcmds.sty
Package: ltxcmds 2011/11/09 v1.22 LaTeX kernel commands for general use (HO)
)
\Gread@gobject=\count88
))
\Gin@req@height=\dimen103
\Gin@req@width=\dimen104
) (/usr/share/texlive/texmf-dist/tex/latex/tools/calc.sty
Package: calc 2007/08/22 v4.3 Infix arithmetic (KKT,FJ)
\calc@Acount=\count89
\calc@Bcount=\count90
\calc@Adimen=\dimen105
\calc@Bdimen=\dimen106
\calc@Askip=\skip43
\calc@Bskip=\skip44
LaTeX Info: Redefining \setlength on input line 76.
LaTeX Info: Redefining \addtolength on input line 77.
\calc@Ccount=\count91
\calc@Cskip=\skip45
) (/usr/share/texlive/texmf-dist/tex/latex/setspace/setspace.sty
Package: setspace 2011/12/19 v6.7a set line spacing
) (/usr/share/texlive/texmf-dist/tex/latex/oberdiek/pdflscape.sty
Package: pdflscape 2008/08/11 v0.10 Display of landscape pages in PDF (HO)
(/usr/share/texlive/texmf-dist/tex/latex/graphics/lscape.sty
Package: lscape 2000/10/22 v3.01 Landscape Pages (DPC)
) (/usr/share/texlive/texmf-dist/tex/generic/oberdiek/ifpdf.sty
Package: ifpdf 2011/01/30 v2.3 Provides the ifpdf switch (HO)
Package ifpdf Info: pdfTeX in PDF mode is detected.
)
Package pdflscape Info: Auto-detected driver: pdftex on input line 80.
(/usr/share/texlive/texmf-dist/tex/generic/ifxetex/ifxetex.sty
Package: ifxetex 2010/09/12 v0.6 Provides ifxetex conditional
)) (/usr/share/texlive/texmf-dist/tex/latex/tools/afterpage.sty
Package: afterpage 1995/10/27 v1.08 After-Page Package (DPC)
\AP@output=\toks15
\AP@partial=\box26
\AP@footins=\box27
) (/usr/share/texlive/texmf-dist/tex/latex/hyperref/hyperref.sty
Package: hyperref 2012/11/06 v6.83m Hypertext links for LaTeX
(/usr/share/texlive/texmf-dist/tex/generic/oberdiek/hobsub-hyperref.sty
Package: hobsub-hyperref 2012/05/28 v1.13 Bundle oberdiek, subset hyperref (HO)

(/usr/share/texlive/texmf-dist/tex/generic/oberdiek/hobsub-generic.sty
Package: hobsub-generic 2012/05/28 v1.13 Bundle oberdiek, subset generic (HO)
Package: hobsub 2012/05/28 v1.13 Construct package bundles (HO)
Package hobsub Info: Skipping package `infwarerr' (already loaded).
Package hobsub Info: Skipping package `ltxcmds' (already loaded).
Package: ifluatex 2010/03/01 v1.3 Provides the ifluatex switch (HO)
Package ifluatex Info: LuaTeX not detected.
Package: ifvtex 2010/03/01 v1.5 Detect VTeX and its facilities (HO)
Package ifvtex Info: VTeX not detected.
Package: intcalc 2007/09/27 v1.1 Expandable calculations with integers (HO)
Package hobsub Info: Skipping package `ifpdf' (already loaded).
Package: etexcmds 2011/02/16 v1.5 Avoid name clashes with e-TeX commands (HO)
Package etexcmds Info: Could not find \expanded.
(etexcmds)             That can mean that you are not using pdfTeX 1.50 or
(etexcmds)             that some package has redefined \expanded.
(etexcmds)             In the latter case, load this package earlier.
Package: kvsetkeys 2012/04/25 v1.16 Key value parser (HO)
Package: kvdefinekeys 2011/04/07 v1.3 Define keys (HO)
Package: pdftexcmds 2011/11/29 v0.20 Utility functions of pdfTeX for LuaTeX (HO
)
Package pdftexcmds Info: LuaTeX not detected.
Package pdftexcmds Info: \pdf@primitive is available.
Package pdftexcmds Info: \pdf@ifprimitive is available.
Package pdftexcmds Info: \pdfdraftmode found.
Package: pdfescape 2011/11/25 v1.13 Implements pdfTeX's escape features (HO)
Package: bigintcalc 2012/04/08 v1.3 Expandable calculations on big integers (HO
)
Package: bitset 2011/01/30 v1.1 Handle bit-vector datatype (HO)
Package: uniquecounter 2011/01/30 v1.2 Provide unlimited unique counter (HO)
)
Package hobsub Info: Skipping package `hobsub' (already loaded).
Package: letltxmacro 2010/09/02 v1.4 Let assignment for LaTeX macros (HO)
Package: hopatch 2012/05/28 v1.2 Wrapper for package hooks (HO)
Package: xcolor-patch 2011/01/30 xcolor patch
Package: atveryend 2011/06/30 v1.8 Hooks at the very end of document (HO)
Package atveryend Info: \AP@enddocument detected (standard20110627).
Package: atbegshi 2011/10/05 v1.16 At begin shipout hook (HO)
Package: refcount 2011/10/16 v3.4 Data extraction from label references (HO)
Package: hycolor 2011/01/30 v1.7 Color options for hyperref/bookmark (HO)
) (/usr/share/texlive/texmf-dist/tex/latex/oberdiek/auxhook.sty
Package: auxhook 2011/03/04 v1.3 Hooks for auxiliary files (HO)
) (/usr/share/texlive/texmf-dist/tex/latex/oberdiek/kvoptions.sty
Package: kvoptions 2011/06/30 v3.11 Key value format for package options (HO)
)
\@linkdim=\dimen107
\Hy@linkcounter=\count92
\Hy@pagecounter=\count93
(/usr/share/texlive/texmf-dist/tex/latex/hyperref/pd1enc.def
File: pd1enc.def 2012/11/06 v6.83m Hyperref: PDFDocEncoding definition (HO)
)
\Hy@SavedSpaceFactor=\count94
(/usr/share/texlive/texmf-dist/tex/latex/latexconfig/hyperref.cfg
File: hyperref.cfg 2002/06/06 v1.2 hyperref configuration of TeXLive
)
Package hyperref Info: Option `pdffitwindow' set `true' on input line 4319.
Package hyperref Info: Option `pdfpagelabels' set `true' on input line 4319.
Package hyperref Info: Option `colorlinks' set `false' on input line 4319.
Package hyperref Info: Option `pdfusetitle' set `true' on input line 4319.
Package hyperref Info: Hyper figures OFF on input line 4443.
Package hyperref Info: Link nesting OFF on input line 4448.
Package hyperref Info: Hyper index ON on input line 4451.
Package hyperref Info: Plain pages OFF on input line 4458.
Package hyperref Info: Backreferencing OFF on input line 4463.
Package hyperref Info: Implicit mode ON; LaTeX internals redefined.
Package hyperref Info: Bookmarks ON on input line 4688.
\c@Hy@tempcnt=\count95
(/usr/share/texlive/texmf-dist/tex/latex/url/url.sty
\Urlmuskip=\muskip10
Package: url 2006/04/12  ver 3.3  Verb mode for urls, etc.
)
LaTeX Info: Redefining \url on input line 5041.
\XeTeXLinkMargin=\dimen108
\Fld@menulength=\count96
\Field@Width=\dimen109
\Fld@charsize=\dimen110
Package hyperref Info: Hyper figures OFF on input line 6295.
Package hyperref Info: Link nesting OFF on input line 6300.
Package hyperref Info: Hyper index ON on input line 6303.
Package hyperref Info: backreferencing OFF on input line 6310.
Package hyperref Info: Link coloring OFF on input line 6315.
Package hyperref Info: Link coloring with OCG OFF on input line 6320.
Package hyperref Info: PDF/A mode OFF on input line 6325.
LaTeX Info: Redefining \ref on input line 6365.
LaTeX Info: Redefining \pageref on input line 6369.
\Hy@abspage=\count97
\c@Item=\count98
\c@Hfootnote=\count99
)

Package hyperref Message: Driver (autodetected): hpdftex.

(/usr/share/texlive/texmf-dist/tex/latex/hyperref/hpdftex.def
File: hpdftex.def 2012/11/06 v6.83m Hyperref driver for pdfTeX
\Fld@listcount=\count100
\c@bookmark@seq@number=\count101
(/usr/share/texlive/texmf-dist/tex/latex/oberdiek/rerunfilecheck.sty
Package: rerunfilecheck 2011/04/15 v1.7 Rerun checks for auxiliary files (HO)
Package uniquecounter Info: New unique counter `rerunfilecheck' on input line 2
82.
)
\Hy@SectionHShift=\skip46
) (/usr/share/texlive/texmf-dist/tex/latex/oberdiek/hypcap.sty
Package: hypcap 2011/02/16 v1.11 Adjusting the anchors of captions (HO)
) (/usr/share/texlive/texmf-dist/tex/latex/base/makeidx.sty
Package: makeidx 2000/03/29 v1.0m Standard LaTeX package
)
\@indexfile=\write3
\openout3 = `thesis.idx'.

Writing index file thesis.idx
\cam@topmargin=\skip47
\cam@bottommargin=\skip48
) (./01Preamble.tex (/usr/share/texlive/texmf-dist/tex/latex/amsmath/amsmath.st
y
Package: amsmath 2013/01/14 v2.14 AMS math features
\@mathmargin=\skip49
For additional information on amsmath, use the `?' option.
(/usr/share/texlive/texmf-dist/tex/latex/amsmath/amstext.sty
Package: amstext 2000/06/29 v2.01
(/usr/share/texlive/texmf-dist/tex/latex/amsmath/amsgen.sty
File: amsgen.sty 1999/11/30 v2.0
\@emptytoks=\toks16
\ex@=\dimen111
)) (/usr/share/texlive/texmf-dist/tex/latex/amsmath/amsbsy.sty
Package: amsbsy 1999/11/29 v1.2d
\pmbraise@=\dimen112
) (/usr/share/texlive/texmf-dist/tex/latex/amsmath/amsopn.sty
Package: amsopn 1999/12/14 v2.01 operator names
)
\inf@bad=\count102
LaTeX Info: Redefining \frac on input line 210.
\uproot@=\count103
\leftroot@=\count104
LaTeX Info: Redefining \overline on input line 306.
\classnum@=\count105
\DOTSCASE@=\count106
LaTeX Info: Redefining \ldots on input line 378.
LaTeX Info: Redefining \dots on input line 381.
LaTeX Info: Redefining \cdots on input line 466.
\Mathstrutbox@=\box28
\strutbox@=\box29
\big@size=\dimen113
LaTeX Font Info:    Redeclaring font encoding OML on input line 566.
LaTeX Font Info:    Redeclaring font encoding OMS on input line 567.
\macc@depth=\count107
\c@MaxMatrixCols=\count108
\dotsspace@=\muskip11
\c@parentequation=\count109
\dspbrk@lvl=\count110
\tag@help=\toks17
\row@=\count111
\column@=\count112
\maxfields@=\count113
\andhelp@=\toks18
\eqnshift@=\dimen114
\alignsep@=\dimen115
\tagshift@=\dimen116
\tagwidth@=\dimen117
\totwidth@=\dimen118
\lineht@=\dimen119
\@envbody=\toks19
\multlinegap=\skip50
\multlinetaggap=\skip51
\mathdisplay@stack=\toks20
LaTeX Info: Redefining \[ on input line 2665.
LaTeX Info: Redefining \] on input line 2666.
) (/usr/share/texlive/texmf-dist/tex/latex/amsfonts/amssymb.sty
Package: amssymb 2013/01/14 v3.01 AMS font symbols
(/usr/share/texlive/texmf-dist/tex/latex/amsfonts/amsfonts.sty
Package: amsfonts 2013/01/14 v3.01 Basic AMSFonts support
\symAMSa=\mathgroup4
\symAMSb=\mathgroup5
LaTeX Font Info:    Overwriting math alphabet `\mathfrak' in version `bold'
(Font)                  U/euf/m/n --> U/euf/b/n on input line 106.
)) (/usr/share/texlive/texmf-dist/tex/latex/tools/xspace.sty
Package: xspace 2009/10/20 v1.13 Space after command names (DPC,MH)
) (/usr/share/texlive/texmf-dist/tex/latex/hvindex/hvindex.sty
Package: hvindex 2009/10/24\ 0.03\ Index macros (hv)
`hvindex' v0.03, 2009/10/24 (hv)) (/usr/share/texlive/texmf-dist/tex/latex/floa
t/float.sty
Package: float 2001/11/08 v1.3d Float enhancements (AL)
\c@float@type=\count114
\float@exts=\toks21
\float@box=\box30
\@float@everytoks=\toks22
\@floatcapt=\box31
) (/usr/share/texlive/texmf-dist/tex/latex/tools/array.sty
Package: array 2008/09/09 v2.4c Tabular extension package (FMi)
\col@sep=\dimen120
\extrarowheight=\dimen121
\NC@list=\toks23
\extratabsurround=\skip52
\backup@length=\skip53
) (/usr/share/texlive/texmf-dist/tex/latex/titlesec/titlesec.sty
Package: titlesec 2011/12/15 v2.10.0 Sectioning titles
\ttl@box=\box32
\beforetitleunit=\skip54
\aftertitleunit=\skip55
\ttl@plus=\dimen122
\ttl@minus=\dimen123
\ttl@toksa=\toks24
\titlewidth=\dimen124
\titlewidthlast=\dimen125
\titlewidthfirst=\dimen126
) (/usr/share/texlive/texmf-dist/tex/latex/natbib/natbib.sty
Package: natbib 2010/09/13 8.31b (PWD, AO)
\bibhang=\skip56
\bibsep=\skip57
LaTeX Info: Redefining \cite on input line 694.
\c@NAT@ctr=\count115
) (/usr/share/texlive/texmf-dist/tex/latex/amscls/amsthm.sty
Package: amsthm 2004/08/06 v2.20
\thm@style=\toks25
\thm@bodyfont=\toks26
\thm@headfont=\toks27
\thm@notefont=\toks28
\thm@headpunct=\toks29
\thm@preskip=\skip58
\thm@postskip=\skip59
\thm@headsep=\skip60
\dth@everypar=\toks30
)
\c@definition=\count116
\c@example=\count117
(/usr/share/texlive/texmf-dist/tex/latex/caption/caption.sty
Package: caption 2013/05/02 v3.3-89 Customizing captions (AR)
(/usr/share/texlive/texmf-dist/tex/latex/caption/caption3.sty
Package: caption3 2013/05/02 v1.6-88 caption3 kernel (AR)
Package caption3 Info: TeX engine: e-TeX on input line 57.
\captionmargin=\dimen127
\captionmargin@=\dimen128
\captionwidth=\dimen129
\caption@tempdima=\dimen130
\caption@indent=\dimen131
\caption@parindent=\dimen132
\caption@hangindent=\dimen133
)
\c@ContinuedFloat=\count118
Package caption Info: float package is loaded.
Package caption Info: hyperref package is loaded.
Package caption Info: hypcap package is loaded.
) (/usr/share/texlive/texmf-dist/tex/latex/subfig/subfig.sty
Package: subfig 2005/06/28 ver: 1.3 subfig package
\c@KVtest=\count119
\sf@farskip=\skip61
\sf@captopadj=\dimen134
\sf@capskip=\skip62
\sf@nearskip=\skip63
\c@subfigure=\count120
\c@subfigure@save=\count121
\c@lofdepth=\count122
\c@subtable=\count123
\c@subtable@save=\count124
\c@lotdepth=\count125
\sf@top=\skip64
\sf@bottom=\skip65
)) (./02ThesisInfo.tex) (./03Abstract.tex) (./04Acknowledgments.tex)
No file thesis.aux.
\openout1 = `thesis.aux'.

LaTeX Font Info:    Checking defaults for OML/cmm/m/it on input line 16.
LaTeX Font Info:    ... okay on input line 16.
LaTeX Font Info:    Checking defaults for T1/cmr/m/n on input line 16.
LaTeX Font Info:    ... okay on input line 16.
LaTeX Font Info:    Checking defaults for OT1/cmr/m/n on input line 16.
LaTeX Font Info:    ... okay on input line 16.
LaTeX Font Info:    Checking defaults for OMS/cmsy/m/n on input line 16.
LaTeX Font Info:    ... okay on input line 16.
LaTeX Font Info:    Checking defaults for OMX/cmex/m/n on input line 16.
LaTeX Font Info:    ... okay on input line 16.
LaTeX Font Info:    Checking defaults for U/cmr/m/n on input line 16.
LaTeX Font Info:    ... okay on input line 16.
LaTeX Font Info:    Checking defaults for PD1/pdf/m/n on input line 16.
LaTeX Font Info:    ... okay on input line 16.
(/usr/share/texlive/texmf-dist/tex/context/base/supp-pdf.mkii
[Loading MPS to PDF converter (version 2006.09.02).]
\scratchcounter=\count126
\scratchdimen=\dimen135
\scratchbox=\box33
\nofMPsegments=\count127
\nofMParguments=\count128
\everyMPshowfont=\toks31
\MPscratchCnt=\count129
\MPscratchDim=\dimen136
\MPnumerator=\count130
\makeMPintoPDFobject=\count131
\everyMPtoPDFconversion=\toks32
) (/usr/share/texlive/texmf-dist/tex/latex/oberdiek/epstopdf-base.sty
Package: epstopdf-base 2010/02/09 v2.5 Base part for package epstopdf
(/usr/share/texlive/texmf-dist/tex/latex/oberdiek/grfext.sty
Package: grfext 2010/08/19 v1.1 Manage graphics extensions (HO)
)
Package grfext Info: Graphics extension search list:
(grfext)             [.png,.pdf,.jpg,.mps,.jpeg,.jbig2,.jb2,.PNG,.PDF,.JPG,.JPE
G,.JBIG2,.JB2,.eps]
(grfext)             \AppendGraphicsExtensions on input line 452.
(/usr/share/texlive/texmf-dist/tex/latex/latexconfig/epstopdf-sys.cfg
File: epstopdf-sys.cfg 2010/07/13 v1.3 Configuration of (r)epstopdf for TeX Liv
e
))
\AtBeginShipoutBox=\box34
Package hyperref Info: Link coloring OFF on input line 16.
(/usr/share/texlive/texmf-dist/tex/latex/hyperref/nameref.sty
Package: nameref 2012/10/27 v2.43 Cross-referencing by name of section
(/usr/share/texlive/texmf-dist/tex/generic/oberdiek/gettitlestring.sty
Package: gettitlestring 2010/12/03 v1.4 Cleanup title references (HO)
)
\c@section@level=\count132
)
LaTeX Info: Redefining \ref on input line 16.
LaTeX Info: Redefining \pageref on input line 16.
LaTeX Info: Redefining \nameref on input line 16.
\@outlinefile=\write4
\openout4 = `thesis.out'.

Package caption Info: Begin \AtBeginDocument code.
Package caption Info: subfig package v1.3 is loaded.
Package caption Info: End \AtBeginDocument code.
\cam@logo=\box35
<CUni.pdf, id=4, 330.23375pt x 69.25874pt>
File: CUni.pdf Graphic file (type pdf)
<use CUni.pdf>
Package pdftex.def Info: CUni.pdf used on input line 18.
(pdftex.def)             Requested size: 207.70511pt x 43.56242pt.
\cam@title=\box36
LaTeX Font Info:    Try loading font information for U+msa on input line 18.
(/usr/share/texlive/texmf-dist/tex/latex/amsfonts/umsa.fd
File: umsa.fd 2013/01/14 v3.01 AMS symbols A
)
LaTeX Font Info:    Try loading font information for U+msb on input line 18.
(/usr/share/texlive/texmf-dist/tex/latex/amsfonts/umsb.fd
File: umsb.fd 2013/01/14 v3.01 AMS symbols B
)
\cam@collegeshieldbox=\box37
<CollegeShields/Darwin.pdf, id=5, 146.7081pt x 173.448pt>
File: CollegeShields/Darwin.pdf Graphic file (type pdf)
<use CollegeShields/Darwin.pdf>
Package pdftex.def Info: CollegeShields/Darwin.pdf used on input line 18.
(pdftex.def)             Requested size: 48.13174pt x 56.9055pt.
\cam@authorcollege=\box38
\cam@submitnotice=\box39
\cam@titlepagevspace=\skip66
[1

{/var/lib/texmf/fonts/map/pdftex/updmap/pdftex.map} <./CUni.pdf> <./CollegeShie
lds/Darwin.pdf>] [2

] [3] [4]
LaTeX Font Info:    Try loading font information for OMS+cmr on input line 18.
(/usr/share/texlive/texmf-dist/tex/latex/base/omscmr.fd
File: omscmr.fd 1999/05/25 v2.5h Standard LaTeX font definitions
)
LaTeX Font Info:    Font shape `OMS/cmr/m/n' in size <12> not available
(Font)              Font shape `OMS/cmsy/m/n' tried instead on input line 18.
[5

] [6

]
LaTeX Font Info:    Try loading font information for OML+cmr on input line 18.
(/usr/share/texlive/texmf-dist/tex/latex/base/omlcmr.fd
File: omlcmr.fd 1999/05/25 v2.5h Standard LaTeX font definitions
)
LaTeX Font Info:    Font shape `OML/cmr/m/n' in size <12> not available
(Font)              Font shape `OML/cmm/m/it' tried instead on input line 18.
[7] [8

]
\tf@toc=\write5
\openout5 = `thesis.toc'.

[9] [10

] (./11Chapter1.tex
Chapter 1.

Package natbib Warning: Citation `the_modencode_consortium_identification_2010'
 on page 11 undefined on input line 5.


Package natbib Warning: Citation `dunham_integrated_2012' on page 11 undefined 
on input line 5.


Package natbib Warning: Citation `dunham_integrated_2012' on page 11 undefined 
on input line 5.


Package natbib Warning: Citation `graur_immortality_2013' on page 11 undefined 
on input line 5.


Package natbib Warning: Citation `biggin_animal_2011' on page 11 undefined on i
nput line 5.


Package natbib Warning: Citation `kaplan_quantitative_2011' on page 11 undefine
d on input line 5.


Package natbib Warning: Citation `neph_expansive_2012' on page 11 undefined on 
input line 5.


Package natbib Warning: Citation `zinzen_combinatorial_2009' on page 11 undefin
ed on input line 5.

[11

]

Package natbib Warning: Citation `jager_expansion_2006' on page 12 undefined on
 input line 16.


Package natbib Warning: Citation `jager_insights_2008' on page 12 undefined on 
input line 16.


Package natbib Warning: Citation `larroux_developmental_2006' on page 12 undefi
ned on input line 16.


Package natbib Warning: Citation `phochanukul_no_2010' on page 12 undefined on 
input line 16.


Package natbib Warning: Citation `srivastava_trichoplax_2008' on page 12 undefi
ned on input line 16.


Package natbib Warning: Citation `bowles_phylogeny_2000-1' on page 12 undefined
 on input line 16.


Package natbib Warning: Citation `guth_having_2008' on page 12 undefined on inp
ut line 16.


Package natbib Warning: Citation `phochanukul_no_2010' on page 12 undefined on 
input line 16.


Package natbib Warning: Citation `sinclair_gene_1990' on page 12 undefined on i
nput line 16.


Package natbib Warning: Citation `bowles_phylogeny_2000-1' on page 12 undefined
 on input line 16.


Package natbib Warning: Citation `ferrari_sry_1992' on page 12 undefined on inp
ut line 16.


Package natbib Warning: Citation `giese_hmg_1992' on page 12 undefined on input
 line 16.


Package natbib Warning: Citation `schepers_twenty_2002' on page 12 undefined on
 input line 16.


Package natbib Warning: Citation `bergsland_sequentially_2011' on page 12 undef
ined on input line 16.


Package natbib Warning: Citation `kamachi_involvement_1998' on page 12 undefine
d on input line 16.


Package natbib Warning: Citation `uwanogho_embryonic_1995' on page 12 undefined
 on input line 16.


Package natbib Warning: Citation `wood_comparative_1999' on page 12 undefined o
n input line 16.


Package natbib Warning: Citation `huang_transcription_2013' on page 12 undefine
d on input line 16.


Package natbib Warning: Citation `sock_gene_2004' on page 12 undefined on input
 line 16.


Package natbib Warning: Citation `wilson_hmg_2005' on page 12 undefined on inpu
t line 16.


Package natbib Warning: Citation `akiyama_transcription_2002' on page 12 undefi
ned on input line 16.


Package natbib Warning: Citation `smits_transcription_????' on page 12 undefine
d on input line 16.


Package natbib Warning: Citation `downes_sox18_????' on page 12 undefined on in
put line 16.


Package natbib Warning: Citation `matsui_redundant_2006' on page 12 undefined o
n input line 16.


Package natbib Warning: Citation `lefebvre_control_2007' on page 12 undefined o
n input line 16.


Package natbib Warning: Citation `whyte_master_2013' on page 12 undefined on in
put line 16.


Package natbib Warning: Citation `bowles_phylogeny_2000-1' on page 12 undefined
 on input line 16.


Package natbib Warning: Citation `phochanukul_no_2010' on page 12 undefined on 
input line 16.

[12]

Package natbib Warning: Citation `collignon_comparison_1996' on page 13 undefin
ed on input line 19.


Package natbib Warning: Citation `mckimmie_conserved_2005' on page 13 undefined
 on input line 19.


Package natbib Warning: Citation `guth_having_2008' on page 13 undefined on inp
ut line 19.


Package natbib Warning: Citation `uwanogho_embryonic_1995-1' on page 13 undefin
ed on input line 19.


Package natbib Warning: Citation `wood_comparative_1999' on page 13 undefined o
n input line 19.


Package natbib Warning: Citation `wegner_stem_2005' on page 13 undefined on inp
ut line 19.


Package natbib Warning: Citation `wilson_evolution_2008' on page 13 undefined o
n input line 19.


Package natbib Warning: Citation `mckimmie_conserved_2005' on page 13 undefined
 on input line 19.


Package natbib Warning: Citation `wei_identification_2010' on page 13 undefined
 on input line 19.


Package natbib Warning: Citation `pioro_expression_2006' on page 13 undefined o
n input line 19.


Package natbib Warning: Citation `zhong_parallel_2011' on page 13 undefined on 
input line 19.


Package natbib Warning: Citation `mckimmie_conserved_2005' on page 13 undefined
 on input line 19.

[13]

Package natbib Warning: Citation `collignon_comparison_1996' on page 14 undefin
ed on input line 21.


Package natbib Warning: Citation `malas_isolation_1999' on page 14 undefined on
 input line 21.


Package natbib Warning: Citation `mckimmie_conserved_2005' on page 14 undefined
 on input line 21.


Package natbib Warning: Citation `uchikawa_two_1999' on page 14 undefined on in
put line 21.


Package natbib Warning: Citation `uchikawa_b1_2011' on page 14 undefined on inp
ut line 21.


Package natbib Warning: Citation `wegner_stem_2005' on page 14 undefined on inp
ut line 21.


Package natbib Warning: Citation `wegner_sox_2011' on page 14 undefined on inpu
t line 21.


Package natbib Warning: Citation `bowles_phylogeny_2000' on page 14 undefined o
n input line 21.


Package natbib Warning: Citation `guth_having_2008' on page 14 undefined on inp
ut line 21.


Package natbib Warning: Citation `wegner_stem_2005' on page 14 undefined on inp
ut line 21.


Package natbib Warning: Citation `zhong_parallel_2011' on page 14 undefined on 
input line 21.


Package natbib Warning: Citation `mckimmie_conserved_2005' on page 14 undefined
 on input line 21.


Package natbib Warning: Citation `soriano_drosophila_1998' on page 14 undefined
 on input line 21.


Package natbib Warning: Citation `ambrosetti_synergistic_1997' on page 14 undef
ined on input line 21.


Package natbib Warning: Citation `archer_interaction_2011' on page 14 undefined
 on input line 21.


Package natbib Warning: Citation `bery_characterization_2013' on page 14 undefi
ned on input line 21.


Package natbib Warning: Citation `ma_functional_2000' on page 14 undefined on i
nput line 21.


Package natbib Warning: Citation `masui_pluripotency_2007' on page 14 undefined
 on input line 21.


Package natbib Warning: Citation `soriano_drosophila_1998' on page 14 undefined
 on input line 21.


Package natbib Warning: Citation `tanaka_interplay_2004' on page 14 undefined o
n input line 21.


Package natbib Warning: Citation `ferrero_soxneuro_2014-1' on page 14 undefined
 on input line 21.


Package natbib Warning: Citation `mckimmie_conserved_2005' on page 14 undefined
 on input line 21.


Package natbib Warning: Citation `wilson_evolution_2008' on page 14 undefined o
n input line 21.


Package natbib Warning: Citation `zhong_parallel_2011' on page 14 undefined on 
input line 21.


Package natbib Warning: Citation `cremazy_<_2000' on page 14 undefined on input
 line 21.


Package natbib Warning: Citation `soriano_drosophila_1998' on page 14 undefined
 on input line 21.


Package natbib Warning: Citation `uwanogho_embryonic_1995-1' on page 14 undefin
ed on input line 21.


Package natbib Warning: Citation `wood_comparative_1999-1' on page 14 undefined
 on input line 21.


Package natbib Warning: Citation `zhong_parallel_2011' on page 14 undefined on 
input line 21.


Package natbib Warning: Citation `bergsland_sequentially_2011' on page 14 undef
ined on input line 23.


Package natbib Warning: Citation `soriano_drosophila_1998' on page 14 undefined
 on input line 23.


Package natbib Warning: Citation `aleksic_role_2013' on page 14 undefined on in
put line 23.


Package natbib Warning: Citation `ferrero_soxneuro_2014' on page 14 undefined o
n input line 23.


Underfull \vbox (badness 10000) has occurred while \output is active []

[14]

Package natbib Warning: Citation `bergsland_sequentially_2011' on page 15 undef
ined on input line 25.


Package natbib Warning: Citation `buescher_formation_2002' on page 15 undefined
 on input line 25.


Package natbib Warning: Citation `cremazy_<_2000' on page 15 undefined on input
 line 25.


Package natbib Warning: Citation `girard_chromatin_2006' on page 15 undefined o
n input line 25.


Package natbib Warning: Citation `sanchez-soriano_regulatory_2000' on page 15 u
ndefined on input line 25.


Package natbib Warning: Citation `shen_identifying_2013' on page 15 undefined o
n input line 25.


Package natbib Warning: Citation `sanchez-soriano_regulatory_2000' on page 15 u
ndefined on input line 25.


Package natbib Warning: Citation `buescher_formation_2002' on page 15 undefined
 on input line 25.


Package natbib Warning: Citation `overton_evidence_2002' on page 15 undefined o
n input line 25.


Package natbib Warning: Citation `overton_evidence_2002' on page 15 undefined o
n input line 25.


Package natbib Warning: Citation `buescher_formation_2002' on page 15 undefined
 on input line 25.


Package natbib Warning: Citation `overton_evidence_2002' on page 15 undefined o
n input line 25.


Package natbib Warning: Citation `ferri_sox2_2004' on page 15 undefined on inpu
t line 25.


Package natbib Warning: Citation `guth_having_2008' on page 15 undefined on inp
ut line 25.


Package natbib Warning: Citation `nishiguchi_sox1_1998' on page 15 undefined on
 input line 25.


Package natbib Warning: Citation `rizzoti_sox3_2004' on page 15 undefined on in
put line 25.


Package natbib Warning: Citation `wegner_stem_2005' on page 15 undefined on inp
ut line 25.


Package natbib Warning: Citation `bhattaram_organogenesis_2010' on page 15 unde
fined on input line 25.


Package natbib Warning: Citation `matsui_redundant_2006' on page 15 undefined o
n input line 25.

[15]

Package natbib Warning: Citation `aleksic_role_2013' on page 16 undefined on in
put line 27.


Package natbib Warning: Citation `ferrero_soxneuro_2014' on page 16 undefined o
n input line 27.


Package natbib Warning: Citation `zhao_genetic_2007' on page 16 undefined on in
put line 27.


Package natbib Warning: Citation `ferrero_soxneuro_2014' on page 16 undefined o
n input line 27.


Package natbib Warning: Citation `isshiki_drosophila_2001' on page 16 undefined
 on input line 27.


Package natbib Warning: Citation `maurange_brainy_2005' on page 16 undefined on
 input line 27.


Package natbib Warning: Citation `aleksic_role_2013' on page 16 undefined on in
put line 27.


Package natbib Warning: Citation `kvon_hot_2012' on page 16 undefined on input 
line 27.


Package natbib Warning: Citation `russell_dichaete_1996' on page 16 undefined o
n input line 27.


Package natbib Warning: Citation `ferrero_soxneuro_2014' on page 16 undefined o
n input line 27.


Package natbib Warning: Citation `macarthur_developmental_2009' on page 16 unde
fined on input line 27.

[16]
Missing character: There is no â in font cmr12!
Missing character: There is no € in font cmr12!
Missing character: There is no ™ in font cmr12!
Missing character: There is no â in font cmr12!
Missing character: There is no € in font cmr12!
Missing character: There is no ™ in font cmr12!

Package natbib Warning: Citation `ferrero_soxneuro_2014' on page 17 undefined o
n input line 29.


Package natbib Warning: Citation `mckimmie_conserved_2005' on page 17 undefined
 on input line 29.


Package natbib Warning: Citation `wilson_evolution_2008' on page 17 undefined o
n input line 29.


Package natbib Warning: Citation `larroux_genesis_2008' on page 17 undefined on
 input line 31.


Package natbib Warning: Citation `force_preservation_1999' on page 17 undefined
 on input line 31.


Package natbib Warning: Citation `lynch_evolutionary_2000' on page 17 undefined
 on input line 31.


Package natbib Warning: Citation `kappen_evolution_1993' on page 17 undefined o
n input line 31.


Package natbib Warning: Citation `foronda_function_2009' on page 17 undefined o
n input line 31.


Package natbib Warning: Citation `maconochie_paralogous_1996' on page 17 undefi
ned on input line 31.


Package natbib Warning: Citation `espinosa-soto_specialization_2010' on page 17
 undefined on input line 31.


Package natbib Warning: Citation `vavouri_widespread_????' on page 17 undefined
 on input line 31.


Package natbib Warning: Citation `bhattaram_organogenesis_2010' on page 17 unde
fined on input line 31.


Package natbib Warning: Citation `buescher_formation_2002' on page 17 undefined
 on input line 31.


Package natbib Warning: Citation `ferri_sox2_2004' on page 17 undefined on inpu
t line 31.


Package natbib Warning: Citation `guth_having_2008' on page 17 undefined on inp
ut line 31.


Package natbib Warning: Citation `matsui_redundant_2006' on page 17 undefined o
n input line 31.


Package natbib Warning: Citation `nishiguchi_sox1_1998' on page 17 undefined on
 input line 31.


Package natbib Warning: Citation `overton_evidence_2002' on page 17 undefined o
n input line 31.


Package natbib Warning: Citation `rizzoti_sox3_2004' on page 17 undefined on in
put line 31.


Package natbib Warning: Citation `uchikawa_b1_2011' on page 17 undefined on inp
ut line 31.


Package natbib Warning: Citation `uwanogho_embryonic_1995' on page 17 undefined
 on input line 31.


Package natbib Warning: Citation `wegner_stem_2005' on page 17 undefined on inp
ut line 31.


Package natbib Warning: Citation `wood_comparative_1999' on page 17 undefined o
n input line 31.

[17]

Package natbib Warning: Citation `wagner_distributed_2005' on page 18 undefined
 on input line 33.


Package natbib Warning: Citation `wagner_gene_2008' on page 18 undefined on inp
ut line 33.


Package natbib Warning: Citation `ferrero_soxneuro_2014' on page 18 undefined o
n input line 33.


Package natbib Warning: Citation `sanchez-soriano_regulatory_2000' on page 18 u
ndefined on input line 33.


Package natbib Warning: Citation `overton_drosophila_2007' on page 18 undefined
 on input line 33.

[18]

Package natbib Warning: Citation `dunham_integrated_2012' on page 19 undefined 
on input line 36.


Package natbib Warning: Citation `gordon_tempo_2012' on page 19 undefined on in
put line 36.


Package natbib Warning: Citation `neph_expansive_2012' on page 19 undefined on 
input line 36.


Package natbib Warning: Citation `wray_evolutionary_2007' on page 19 undefined 
on input line 36.


Package natbib Warning: Citation `kaplan_quantitative_2011' on page 19 undefine
d on input line 36.


Package natbib Warning: Citation `li_role_2011' on page 19 undefined on input l
ine 36.


Package natbib Warning: Citation `zinzen_combinatorial_2009' on page 19 undefin
ed on input line 36.


Package natbib Warning: Citation `biggin_animal_2011' on page 19 undefined on i
nput line 36.


Package natbib Warning: Citation `fisher_dna_2012' on page 19 undefined on inpu
t line 36.


Package natbib Warning: Citation `macarthur_developmental_2009' on page 19 unde
fined on input line 36.


Package natbib Warning: Citation `greil_[16]_2006' on page 19 undefined on inpu
t line 38.


Package natbib Warning: Citation `aleksic_chiping_2009' on page 19 undefined on
 input line 38.


Package natbib Warning: Citation `van_steensel_chromatin_2001' on page 19 undef
ined on input line 38.


Package natbib Warning: Citation `the_modencode_consortium_identification_2010'
 on page 19 undefined on input line 38.


Package natbib Warning: Citation `contrino_modmine:_2011' on page 19 undefined 
on input line 38.


Package natbib Warning: Citation `macarthur_developmental_2009' on page 19 unde
fined on input line 38.


Package natbib Warning: Citation `landt_chip-seq_2012' on page 19 undefined on 
input line 38.


Package natbib Warning: Citation `trinh_cloud-based_2013' on page 19 undefined 
on input line 38.


Package natbib Warning: Citation `bradley_binding_2010' on page 19 undefined on
 input line 38.


Package natbib Warning: Citation `he_high_2011' on page 19 undefined on input l
ine 38.


Package natbib Warning: Citation `paris_extensive_2013' on page 19 undefined on
 input line 38.


Package natbib Warning: Citation `villar_evolution_2014' on page 19 undefined o
n input line 38.

[19]

Package natbib Warning: Citation `moses_large-scale_2006' on page 20 undefined 
on input line 40.


Package natbib Warning: Citation `moses_large-scale_2006' on page 20 undefined 
on input line 40.

[20]

Package natbib Warning: Citation `bradley_binding_2010' on page 21 undefined on
 input line 42.


Package natbib Warning: Citation `paris_extensive_2013' on page 21 undefined on
 input line 42.


Package natbib Warning: Citation `he_high_2011' on page 21 undefined on input l
ine 42.

Missing character: There is no â in font cmr12!
Missing character: There is no € in font cmr12!
Missing character: There is no “ in font cmr12!

Package natbib Warning: Citation `bradley_binding_2010' on page 21 undefined on
 input line 42.


Package natbib Warning: Citation `paris_extensive_2013' on page 21 undefined on
 input line 42.


Package natbib Warning: Citation `he_high_2011' on page 21 undefined on input l
ine 42.


Package natbib Warning: Citation `ni_adaptive_2012' on page 21 undefined on inp
ut line 42.


Package natbib Warning: Citation `yang_beaf-32_2012' on page 21 undefined on in
put line 42.


Package natbib Warning: Citation `he_high_2011' on page 21 undefined on input l
ine 42.

[21]

Package natbib Warning: Citation `bradley_binding_2010' on page 22 undefined on
 input line 44.


Package natbib Warning: Citation `he_high_2011' on page 22 undefined on input l
ine 44.


Package natbib Warning: Citation `paris_extensive_2013' on page 22 undefined on
 input line 44.

Missing character: There is no â in font cmr12!
Missing character: There is no € in font cmr12!
Missing character: There is no ™ in font cmr12!

Package natbib Warning: Citation `he_high_2011' on page 22 undefined on input l
ine 44.


Package natbib Warning: Citation `paris_extensive_2013' on page 22 undefined on
 input line 44.


Package natbib Warning: Citation `bradley_binding_2010' on page 22 undefined on
 input line 46.


Package natbib Warning: Citation `he_high_2011' on page 22 undefined on input l
ine 46.


Package natbib Warning: Citation `paris_extensive_2013' on page 22 undefined on
 input line 46.


Package natbib Warning: Citation `he_high_2011' on page 22 undefined on input l
ine 46.

[22]

Package natbib Warning: Citation `bradley_binding_2010' on page 23 undefined on
 input line 48.


Package natbib Warning: Citation `paris_extensive_2013' on page 23 undefined on
 input line 48.


Package natbib Warning: Citation `harrison_zelda_2011' on page 23 undefined on 
input line 48.


Package natbib Warning: Citation `satija_tagteam_2012' on page 23 undefined on 
input line 48.

[23]

Package natbib Warning: Citation `odom_tissue-specific_2007' on page 24 undefin
ed on input line 50.


Package natbib Warning: Citation `schmidt_five-vertebrate_2010' on page 24 unde
fined on input line 50.


Package natbib Warning: Citation `stefflova_cooperativity_2013' on page 24 unde
fined on input line 50.


Package natbib Warning: Citation `villar_evolution_2014' on page 24 undefined o
n input line 50.


Package natbib Warning: Citation `clark_evolution_2007' on page 24 undefined on
 input line 50.


Package natbib Warning: Citation `russo_molecular_1995' on page 24 undefined on
 input line 50.


Underfull \vbox (badness 10000) has occurred while \output is active []

[24] [25] [26]

Package natbib Warning: Citation `gerstein_what_2007' on page 27 undefined on i
nput line 67.


Package natbib Warning: Citation `searls_linguistic_1997' on page 27 undefined 
on input line 67.


Package natbib Warning: Citation `searls_reading_2001' on page 27 undefined on 
input line 67.


Package natbib Warning: Citation `searls_language_2002' on page 27 undefined on
 input line 67.


Package natbib Warning: Citation `he_high_2011' on page 27 undefined on input l
ine 67.


Package natbib Warning: Citation `zinzen_combinatorial_2009' on page 27 undefin
ed on input line 67.


Package natbib Warning: Citation `paris_extensive_2013' on page 27 undefined on
 input line 67.

) [27] (./12Chapter2.tex [28]
Chapter 2.
) (./13Chapter3.tex [29

] [30

]
Chapter 3.
) (./14Chapter4.tex [31] [32

]
Chapter 4.
) (./15Chapter5.tex [33] [34

]
Chapter 5.

Package natbib Warning: Citation `macarthur_developmental_2009' on page 35 unde
fined on input line 6.


Package natbib Warning: Citation `kaplan_quantitative_2011' on page 35 undefine
d on input line 6.


Package natbib Warning: Citation `li_role_2011' on page 35 undefined on input l
ine 6.


Package natbib Warning: Citation `thomas_dynamic_2011' on page 35 undefined on 
input line 6.


Package natbib Warning: Citation `john_chromatin_2011' on page 35 undefined on 
input line 6.


Package natbib Warning: Citation `mckay_common_2013' on page 35 undefined on in
put line 6.


Package natbib Warning: Citation `neph_expansive_2012' on page 35 undefined on 
input line 6.

[35]

Package natbib Warning: Citation `thomas_dynamic_2011' on page 36 undefined on 
input line 8.


Package natbib Warning: Citation `koohy_chromatin_2013' on page 36 undefined on
 input line 8.


Package natbib Warning: Citation `giresi_isolation_2009' on page 36 undefined o
n input line 8.


Package natbib Warning: Citation `simon_using_2012' on page 36 undefined on inp
ut line 8.


Package natbib Warning: Citation `koohy_chromatin_2013' on page 36 undefined on
 input line 8.


Package natbib Warning: Citation `mckay_common_2013' on page 36 undefined on in
put line 8.


Package natbib Warning: Citation `thomas_dynamic_2011' undefined on input line 
11.


Package natbib Warning: Citation `simon_using_2012' on page 36 undefined on inp
ut line 11.


Overfull \hbox (2.96442pt too wide) in paragraph at lines 10--12
\OT1/cmr/m/n/12 one species, \OT1/cmr/m/it/12 D. pseu-doob-scura\OT1/cmr/m/n/12
 , which is the most dis-tant species to D. melanogaster
 []

[36]
Overfull \hbox (6.97882pt too wide) in paragraph at lines 15--15
 |[]\OT1/cmr/bx/n/17.28 Comparison with chro-matin ac-ces-si-b-lity data
 []

)
No file thesis.bbl.
(./21Appendix.tex [37] [38

]
Appendix A.
[39] [40

]
Appendix B.
[41] [42

]
Appendix C.
) (./22Index.tex [43] [44

]
No file thesis.ind.
)

Package natbib Warning: There were undefined citations.

Package atveryend Info: Empty hook `BeforeClearDocument' on input line 48.
Package atveryend Info: Empty hook `AfterLastShipout' on input line 48.
(./thesis.aux)
Package atveryend Info: Executing hook `AtVeryEndDocument' on input line 48.
Package atveryend Info: Executing hook `AtEndAfterFileList' on input line 48.

Package rerunfilecheck Warning: File `thesis.out' has changed.
(rerunfilecheck)                Rerun to get outlines right
(rerunfilecheck)                or use package `bookmark'.

Package rerunfilecheck Info: Checksums for `thesis.out':
(rerunfilecheck)             Before: <no file>
(rerunfilecheck)             After:  555738FB168CD676F4B8F9C1D96E374A;1168.
Package atveryend Info: Empty hook `AtVeryVeryEnd' on input line 48.
 ) 
Here is how much of TeX's memory you used:
 8442 strings out of 495031
 124828 string characters out of 6181531
 219546 words of memory out of 5000000
 11425 multiletter control sequences out of 15000+600000
 12227 words of font info for 45 fonts, out of 8000000 for 9000
 14 hyphenation exceptions out of 8191
 38i,5n,39p,2932b,390s stack positions out of 5000i,500n,10000p,200000b,80000s
</usr/share/texlive/texmf-dist/fonts/type1/public/amsfonts/cm/cmbx12.pfb></us
r/share/texlive/texmf-dist/fonts/type1/public/amsfonts/cm/cmbxti10.pfb></usr/sh
are/texlive/texmf-dist/fonts/type1/public/amsfonts/cm/cmcsc10.pfb></usr/share/t
exlive/texmf-dist/fonts/type1/public/amsfonts/cm/cmmi12.pfb></usr/share/texlive
/texmf-dist/fonts/type1/public/amsfonts/cm/cmr12.pfb></usr/share/texlive/texmf-
dist/fonts/type1/public/amsfonts/cm/cmsy10.pfb></usr/share/texlive/texmf-dist/f
onts/type1/public/amsfonts/cm/cmti12.pfb></usr/share/texlive/texmf-dist/fonts/t
ype1/public/amsfonts/cm/cmtt12.pfb>
Output written on thesis.pdf (44 pages, 293958 bytes).
PDF statistics:
 288 PDF objects out of 1000 (max. 8388607)
 224 compressed objects within 3 object streams
 67 named destinations out of 1000 (max. 500000)
 11 words of extra memory for PDF output out of 10000 (max. 10000000)

