This is pdfTeX, Version 3.1415926-2.5-1.40.14 (TeX Live 2013/Debian) (format=pdflatex 2014.1.28)  16 MAR 2014 19:32
entering extended mode
 restricted \write18 enabled.
 file:line:error style messages enabled.
 %&-line parsing enabled.
**thesis
(./thesis.tex
LaTeX2e <2011/06/27>
Babel <3.9f> and hyphenation patterns for 2 languages loaded.
(./cam-thesis.cls
Document Class: cam-thesis 2012/04/12 University of Cambridge thesis class

***********************************************
***********************************************

(/usr/share/texlive/texmf-dist/tex/latex/base/report.cls
Document Class: report 2007/10/19 v1.4h Standard LaTeX document class
(/usr/share/texlive/texmf-dist/tex/latex/base/size12.clo
File: size12.clo 2007/10/19 v1.4h Standard LaTeX file (size option)
)
\c@part=\count79
\c@chapter=\count80
\c@section=\count81
\c@subsection=\count82
\c@subsubsection=\count83
\c@paragraph=\count84
\c@subparagraph=\count85
\c@figure=\count86
\c@table=\count87
\abovecaptionskip=\skip41
\belowcaptionskip=\skip42
\bibindent=\dimen102
) (/usr/share/texlive/texmf-dist/tex/latex/graphics/graphicx.sty
Package: graphicx 1999/02/16 v1.0f Enhanced LaTeX Graphics (DPC,SPQR)
(/usr/share/texlive/texmf-dist/tex/latex/graphics/keyval.sty
Package: keyval 1999/03/16 v1.13 key=value parser (DPC)
\KV@toks@=\toks14
) (/usr/share/texlive/texmf-dist/tex/latex/graphics/graphics.sty
Package: graphics 2009/02/05 v1.0o Standard LaTeX Graphics (DPC,SPQR)
(/usr/share/texlive/texmf-dist/tex/latex/graphics/trig.sty
Package: trig 1999/03/16 v1.09 sin cos tan (DPC)
) (/usr/share/texlive/texmf-dist/tex/latex/latexconfig/graphics.cfg
File: graphics.cfg 2010/04/23 v1.9 graphics configuration of TeX Live
)
Package graphics Info: Driver file: pdftex.def on input line 91.
(/usr/share/texlive/texmf-dist/tex/latex/pdftex-def/pdftex.def
File: pdftex.def 2011/05/27 v0.06d Graphics/color for pdfTeX
(/usr/share/texlive/texmf-dist/tex/generic/oberdiek/infwarerr.sty
Package: infwarerr 2010/04/08 v1.3 Providing info/warning/error messages (HO)
) (/usr/share/texlive/texmf-dist/tex/generic/oberdiek/ltxcmds.sty
Package: ltxcmds 2011/11/09 v1.22 LaTeX kernel commands for general use (HO)
)
\Gread@gobject=\count88
))
\Gin@req@height=\dimen103
\Gin@req@width=\dimen104
) (/usr/share/texlive/texmf-dist/tex/latex/tools/calc.sty
Package: calc 2007/08/22 v4.3 Infix arithmetic (KKT,FJ)
\calc@Acount=\count89
\calc@Bcount=\count90
\calc@Adimen=\dimen105
\calc@Bdimen=\dimen106
\calc@Askip=\skip43
\calc@Bskip=\skip44
LaTeX Info: Redefining \setlength on input line 76.
LaTeX Info: Redefining \addtolength on input line 77.
\calc@Ccount=\count91
\calc@Cskip=\skip45
) (/usr/share/texlive/texmf-dist/tex/latex/setspace/setspace.sty
Package: setspace 2011/12/19 v6.7a set line spacing
) (/usr/share/texlive/texmf-dist/tex/latex/oberdiek/pdflscape.sty
Package: pdflscape 2008/08/11 v0.10 Display of landscape pages in PDF (HO)
(/usr/share/texlive/texmf-dist/tex/latex/graphics/lscape.sty
Package: lscape 2000/10/22 v3.01 Landscape Pages (DPC)
) (/usr/share/texlive/texmf-dist/tex/generic/oberdiek/ifpdf.sty
Package: ifpdf 2011/01/30 v2.3 Provides the ifpdf switch (HO)
Package ifpdf Info: pdfTeX in PDF mode is detected.
)
Package pdflscape Info: Auto-detected driver: pdftex on input line 80.
(/usr/share/texlive/texmf-dist/tex/generic/ifxetex/ifxetex.sty
Package: ifxetex 2010/09/12 v0.6 Provides ifxetex conditional
)) (/usr/share/texlive/texmf-dist/tex/latex/tools/afterpage.sty
Package: afterpage 1995/10/27 v1.08 After-Page Package (DPC)
\AP@output=\toks15
\AP@partial=\box26
\AP@footins=\box27
) (/usr/share/texlive/texmf-dist/tex/latex/hyperref/hyperref.sty
Package: hyperref 2012/11/06 v6.83m Hypertext links for LaTeX
(/usr/share/texlive/texmf-dist/tex/generic/oberdiek/hobsub-hyperref.sty
Package: hobsub-hyperref 2012/05/28 v1.13 Bundle oberdiek, subset hyperref (HO)

(/usr/share/texlive/texmf-dist/tex/generic/oberdiek/hobsub-generic.sty
Package: hobsub-generic 2012/05/28 v1.13 Bundle oberdiek, subset generic (HO)
Package: hobsub 2012/05/28 v1.13 Construct package bundles (HO)
Package hobsub Info: Skipping package `infwarerr' (already loaded).
Package hobsub Info: Skipping package `ltxcmds' (already loaded).
Package: ifluatex 2010/03/01 v1.3 Provides the ifluatex switch (HO)
Package ifluatex Info: LuaTeX not detected.
Package: ifvtex 2010/03/01 v1.5 Detect VTeX and its facilities (HO)
Package ifvtex Info: VTeX not detected.
Package: intcalc 2007/09/27 v1.1 Expandable calculations with integers (HO)
Package hobsub Info: Skipping package `ifpdf' (already loaded).
Package: etexcmds 2011/02/16 v1.5 Avoid name clashes with e-TeX commands (HO)
Package etexcmds Info: Could not find \expanded.
(etexcmds)             That can mean that you are not using pdfTeX 1.50 or
(etexcmds)             that some package has redefined \expanded.
(etexcmds)             In the latter case, load this package earlier.
Package: kvsetkeys 2012/04/25 v1.16 Key value parser (HO)
Package: kvdefinekeys 2011/04/07 v1.3 Define keys (HO)
Package: pdftexcmds 2011/11/29 v0.20 Utility functions of pdfTeX for LuaTeX (HO
)
Package pdftexcmds Info: LuaTeX not detected.
Package pdftexcmds Info: \pdf@primitive is available.
Package pdftexcmds Info: \pdf@ifprimitive is available.
Package pdftexcmds Info: \pdfdraftmode found.
Package: pdfescape 2011/11/25 v1.13 Implements pdfTeX's escape features (HO)
Package: bigintcalc 2012/04/08 v1.3 Expandable calculations on big integers (HO
)
Package: bitset 2011/01/30 v1.1 Handle bit-vector datatype (HO)
Package: uniquecounter 2011/01/30 v1.2 Provide unlimited unique counter (HO)
)
Package hobsub Info: Skipping package `hobsub' (already loaded).
Package: letltxmacro 2010/09/02 v1.4 Let assignment for LaTeX macros (HO)
Package: hopatch 2012/05/28 v1.2 Wrapper for package hooks (HO)
Package: xcolor-patch 2011/01/30 xcolor patch
Package: atveryend 2011/06/30 v1.8 Hooks at the very end of document (HO)
Package atveryend Info: \AP@enddocument detected (standard20110627).
Package: atbegshi 2011/10/05 v1.16 At begin shipout hook (HO)
Package: refcount 2011/10/16 v3.4 Data extraction from label references (HO)
Package: hycolor 2011/01/30 v1.7 Color options for hyperref/bookmark (HO)
) (/usr/share/texlive/texmf-dist/tex/latex/oberdiek/auxhook.sty
Package: auxhook 2011/03/04 v1.3 Hooks for auxiliary files (HO)
) (/usr/share/texlive/texmf-dist/tex/latex/oberdiek/kvoptions.sty
Package: kvoptions 2011/06/30 v3.11 Key value format for package options (HO)
)
\@linkdim=\dimen107
\Hy@linkcounter=\count92
\Hy@pagecounter=\count93
(/usr/share/texlive/texmf-dist/tex/latex/hyperref/pd1enc.def
File: pd1enc.def 2012/11/06 v6.83m Hyperref: PDFDocEncoding definition (HO)
)
\Hy@SavedSpaceFactor=\count94
(/usr/share/texlive/texmf-dist/tex/latex/latexconfig/hyperref.cfg
File: hyperref.cfg 2002/06/06 v1.2 hyperref configuration of TeXLive
)
Package hyperref Info: Option `pdffitwindow' set `true' on input line 4319.
Package hyperref Info: Option `pdfpagelabels' set `true' on input line 4319.
Package hyperref Info: Option `colorlinks' set `false' on input line 4319.
Package hyperref Info: Option `pdfusetitle' set `true' on input line 4319.
Package hyperref Info: Hyper figures OFF on input line 4443.
Package hyperref Info: Link nesting OFF on input line 4448.
Package hyperref Info: Hyper index ON on input line 4451.
Package hyperref Info: Plain pages OFF on input line 4458.
Package hyperref Info: Backreferencing OFF on input line 4463.
Package hyperref Info: Implicit mode ON; LaTeX internals redefined.
Package hyperref Info: Bookmarks ON on input line 4688.
\c@Hy@tempcnt=\count95
(/usr/share/texlive/texmf-dist/tex/latex/url/url.sty
\Urlmuskip=\muskip10
Package: url 2006/04/12  ver 3.3  Verb mode for urls, etc.
)
LaTeX Info: Redefining \url on input line 5041.
\XeTeXLinkMargin=\dimen108
\Fld@menulength=\count96
\Field@Width=\dimen109
\Fld@charsize=\dimen110
Package hyperref Info: Hyper figures OFF on input line 6295.
Package hyperref Info: Link nesting OFF on input line 6300.
Package hyperref Info: Hyper index ON on input line 6303.
Package hyperref Info: backreferencing OFF on input line 6310.
Package hyperref Info: Link coloring OFF on input line 6315.
Package hyperref Info: Link coloring with OCG OFF on input line 6320.
Package hyperref Info: PDF/A mode OFF on input line 6325.
LaTeX Info: Redefining \ref on input line 6365.
LaTeX Info: Redefining \pageref on input line 6369.
\Hy@abspage=\count97
\c@Item=\count98
\c@Hfootnote=\count99
)

Package hyperref Message: Driver (autodetected): hpdftex.

(/usr/share/texlive/texmf-dist/tex/latex/hyperref/hpdftex.def
File: hpdftex.def 2012/11/06 v6.83m Hyperref driver for pdfTeX
\Fld@listcount=\count100
\c@bookmark@seq@number=\count101
(/usr/share/texlive/texmf-dist/tex/latex/oberdiek/rerunfilecheck.sty
Package: rerunfilecheck 2011/04/15 v1.7 Rerun checks for auxiliary files (HO)
Package uniquecounter Info: New unique counter `rerunfilecheck' on input line 2
82.
)
\Hy@SectionHShift=\skip46
) (/usr/share/texlive/texmf-dist/tex/latex/oberdiek/hypcap.sty
Package: hypcap 2011/02/16 v1.11 Adjusting the anchors of captions (HO)
) (/usr/share/texlive/texmf-dist/tex/latex/base/makeidx.sty
Package: makeidx 2000/03/29 v1.0m Standard LaTeX package
)
\@indexfile=\write3
\openout3 = `thesis.idx'.

Writing index file thesis.idx
\cam@topmargin=\skip47
\cam@bottommargin=\skip48
) (./01Preamble.tex (/usr/share/texlive/texmf-dist/tex/latex/amsmath/amsmath.st
y
Package: amsmath 2013/01/14 v2.14 AMS math features
\@mathmargin=\skip49
For additional information on amsmath, use the `?' option.
(/usr/share/texlive/texmf-dist/tex/latex/amsmath/amstext.sty
Package: amstext 2000/06/29 v2.01
(/usr/share/texlive/texmf-dist/tex/latex/amsmath/amsgen.sty
File: amsgen.sty 1999/11/30 v2.0
\@emptytoks=\toks16
\ex@=\dimen111
)) (/usr/share/texlive/texmf-dist/tex/latex/amsmath/amsbsy.sty
Package: amsbsy 1999/11/29 v1.2d
\pmbraise@=\dimen112
) (/usr/share/texlive/texmf-dist/tex/latex/amsmath/amsopn.sty
Package: amsopn 1999/12/14 v2.01 operator names
)
\inf@bad=\count102
LaTeX Info: Redefining \frac on input line 210.
\uproot@=\count103
\leftroot@=\count104
LaTeX Info: Redefining \overline on input line 306.
\classnum@=\count105
\DOTSCASE@=\count106
LaTeX Info: Redefining \ldots on input line 378.
LaTeX Info: Redefining \dots on input line 381.
LaTeX Info: Redefining \cdots on input line 466.
\Mathstrutbox@=\box28
\strutbox@=\box29
\big@size=\dimen113
LaTeX Font Info:    Redeclaring font encoding OML on input line 566.
LaTeX Font Info:    Redeclaring font encoding OMS on input line 567.
\macc@depth=\count107
\c@MaxMatrixCols=\count108
\dotsspace@=\muskip11
\c@parentequation=\count109
\dspbrk@lvl=\count110
\tag@help=\toks17
\row@=\count111
\column@=\count112
\maxfields@=\count113
\andhelp@=\toks18
\eqnshift@=\dimen114
\alignsep@=\dimen115
\tagshift@=\dimen116
\tagwidth@=\dimen117
\totwidth@=\dimen118
\lineht@=\dimen119
\@envbody=\toks19
\multlinegap=\skip50
\multlinetaggap=\skip51
\mathdisplay@stack=\toks20
LaTeX Info: Redefining \[ on input line 2665.
LaTeX Info: Redefining \] on input line 2666.
) (/usr/share/texlive/texmf-dist/tex/latex/amsfonts/amssymb.sty
Package: amssymb 2013/01/14 v3.01 AMS font symbols
(/usr/share/texlive/texmf-dist/tex/latex/amsfonts/amsfonts.sty
Package: amsfonts 2013/01/14 v3.01 Basic AMSFonts support
\symAMSa=\mathgroup4
\symAMSb=\mathgroup5
LaTeX Font Info:    Overwriting math alphabet `\mathfrak' in version `bold'
(Font)                  U/euf/m/n --> U/euf/b/n on input line 106.
)) (/usr/share/texlive/texmf-dist/tex/latex/tools/xspace.sty
Package: xspace 2009/10/20 v1.13 Space after command names (DPC,MH)
) (/usr/share/texlive/texmf-dist/tex/latex/hvindex/hvindex.sty
Package: hvindex 2009/10/24\ 0.03\ Index macros (hv)
`hvindex' v0.03, 2009/10/24 (hv)) (./owl.sty
Package: owl 21/08/2012 2nd version
(/usr/share/texlive/texmf-dist/tex/latex/amscls/amsthm.sty
Package: amsthm 2004/08/06 v2.20
\thm@style=\toks21
\thm@bodyfont=\toks22
\thm@headfont=\toks23
\thm@notefont=\toks24
\thm@headpunct=\toks25
\thm@preskip=\skip52
\thm@postskip=\skip53
\thm@headsep=\skip54
\dth@everypar=\toks26
)) (/usr/share/texlive/texmf-dist/tex/latex/float/float.sty
Package: float 2001/11/08 v1.3d Float enhancements (AL)
\c@float@type=\count114
\float@exts=\toks27
\float@box=\box30
\@float@everytoks=\toks28
\@floatcapt=\box31
) (/usr/share/texlive/texmf-dist/tex/latex/tools/array.sty
Package: array 2008/09/09 v2.4c Tabular extension package (FMi)
\col@sep=\dimen120
\extrarowheight=\dimen121
\NC@list=\toks29
\extratabsurround=\skip55
\backup@length=\skip56
) (/usr/share/texlive/texmf-dist/tex/latex/titlesec/titlesec.sty
Package: titlesec 2011/12/15 v2.10.0 Sectioning titles
\ttl@box=\box32
\beforetitleunit=\skip57
\aftertitleunit=\skip58
\ttl@plus=\dimen122
\ttl@minus=\dimen123
\ttl@toksa=\toks30
\titlewidth=\dimen124
\titlewidthlast=\dimen125
\titlewidthfirst=\dimen126
) (/usr/share/texlive/texmf-dist/tex/latex/natbib/natbib.sty
Package: natbib 2010/09/13 8.31b (PWD, AO)
\bibhang=\skip59
\bibsep=\skip60
LaTeX Info: Redefining \cite on input line 694.
\c@NAT@ctr=\count115
)
\c@definition=\count116
\c@example=\count117
(/usr/share/texlive/texmf-dist/tex/latex/caption/caption.sty
Package: caption 2013/05/02 v3.3-89 Customizing captions (AR)
(/usr/share/texlive/texmf-dist/tex/latex/caption/caption3.sty
Package: caption3 2013/05/02 v1.6-88 caption3 kernel (AR)
Package caption3 Info: TeX engine: e-TeX on input line 57.
\captionmargin=\dimen127
\captionmargin@=\dimen128
\captionwidth=\dimen129
\caption@tempdima=\dimen130
\caption@indent=\dimen131
\caption@parindent=\dimen132
\caption@hangindent=\dimen133
)
\c@ContinuedFloat=\count118
Package caption Info: float package is loaded.
Package caption Info: hyperref package is loaded.
Package caption Info: hypcap package is loaded.
) (/usr/share/texlive/texmf-dist/tex/latex/subfig/subfig.sty
Package: subfig 2005/06/28 ver: 1.3 subfig package
\c@KVtest=\count119
\sf@farskip=\skip61
\sf@captopadj=\dimen134
\sf@capskip=\skip62
\sf@nearskip=\skip63
\c@subfigure=\count120
\c@subfigure@save=\count121
\c@lofdepth=\count122
\c@subtable=\count123
\c@subtable@save=\count124
\c@lotdepth=\count125
\sf@top=\skip64
\sf@bottom=\skip65
)) (./02ThesisInfo.tex) (./03Abstract.tex) (./04Acknowledgments.tex) (./thesis.
aux)
\openout1 = `thesis.aux'.

LaTeX Font Info:    Checking defaults for OML/cmm/m/it on input line 16.
LaTeX Font Info:    ... okay on input line 16.
LaTeX Font Info:    Checking defaults for T1/cmr/m/n on input line 16.
LaTeX Font Info:    ... okay on input line 16.
LaTeX Font Info:    Checking defaults for OT1/cmr/m/n on input line 16.
LaTeX Font Info:    ... okay on input line 16.
LaTeX Font Info:    Checking defaults for OMS/cmsy/m/n on input line 16.
LaTeX Font Info:    ... okay on input line 16.
LaTeX Font Info:    Checking defaults for OMX/cmex/m/n on input line 16.
LaTeX Font Info:    ... okay on input line 16.
LaTeX Font Info:    Checking defaults for U/cmr/m/n on input line 16.
LaTeX Font Info:    ... okay on input line 16.
LaTeX Font Info:    Checking defaults for PD1/pdf/m/n on input line 16.
LaTeX Font Info:    ... okay on input line 16.
(/usr/share/texlive/texmf-dist/tex/context/base/supp-pdf.mkii
[Loading MPS to PDF converter (version 2006.09.02).]
\scratchcounter=\count126
\scratchdimen=\dimen135
\scratchbox=\box33
\nofMPsegments=\count127
\nofMParguments=\count128
\everyMPshowfont=\toks31
\MPscratchCnt=\count129
\MPscratchDim=\dimen136
\MPnumerator=\count130
\makeMPintoPDFobject=\count131
\everyMPtoPDFconversion=\toks32
) (/usr/share/texlive/texmf-dist/tex/latex/oberdiek/epstopdf-base.sty
Package: epstopdf-base 2010/02/09 v2.5 Base part for package epstopdf
(/usr/share/texlive/texmf-dist/tex/latex/oberdiek/grfext.sty
Package: grfext 2010/08/19 v1.1 Manage graphics extensions (HO)
)
Package grfext Info: Graphics extension search list:
(grfext)             [.png,.pdf,.jpg,.mps,.jpeg,.jbig2,.jb2,.PNG,.PDF,.JPG,.JPE
G,.JBIG2,.JB2,.eps]
(grfext)             \AppendGraphicsExtensions on input line 452.
(/usr/share/texlive/texmf-dist/tex/latex/latexconfig/epstopdf-sys.cfg
File: epstopdf-sys.cfg 2010/07/13 v1.3 Configuration of (r)epstopdf for TeX Liv
e
))
\AtBeginShipoutBox=\box34
Package hyperref Info: Link coloring OFF on input line 16.
(/usr/share/texlive/texmf-dist/tex/latex/hyperref/nameref.sty
Package: nameref 2012/10/27 v2.43 Cross-referencing by name of section
(/usr/share/texlive/texmf-dist/tex/generic/oberdiek/gettitlestring.sty
Package: gettitlestring 2010/12/03 v1.4 Cleanup title references (HO)
)
\c@section@level=\count132
)
LaTeX Info: Redefining \ref on input line 16.
LaTeX Info: Redefining \pageref on input line 16.
LaTeX Info: Redefining \nameref on input line 16.
(./thesis.out) (./thesis.out)
\@outlinefile=\write4
\openout4 = `thesis.out'.

Package caption Info: Begin \AtBeginDocument code.
Package caption Info: subfig package v1.3 is loaded.
Package caption Info: End \AtBeginDocument code.
\cam@logo=\box35
<CUni.pdf, id=514, 330.23375pt x 69.25874pt>
File: CUni.pdf Graphic file (type pdf)
<use CUni.pdf>
Package pdftex.def Info: CUni.pdf used on input line 18.
(pdftex.def)             Requested size: 207.70511pt x 43.56242pt.
\cam@title=\box36
LaTeX Font Info:    Try loading font information for U+msa on input line 18.
(/usr/share/texlive/texmf-dist/tex/latex/amsfonts/umsa.fd
File: umsa.fd 2013/01/14 v3.01 AMS symbols A
)
LaTeX Font Info:    Try loading font information for U+msb on input line 18.
(/usr/share/texlive/texmf-dist/tex/latex/amsfonts/umsb.fd
File: umsb.fd 2013/01/14 v3.01 AMS symbols B
)
\cam@collegeshieldbox=\box37
<CollegeShields/Darwin.pdf, id=515, 146.7081pt x 173.448pt>
File: CollegeShields/Darwin.pdf Graphic file (type pdf)
<use CollegeShields/Darwin.pdf>
Package pdftex.def Info: CollegeShields/Darwin.pdf used on input line 18.
(pdftex.def)             Requested size: 48.13174pt x 56.9055pt.
\cam@authorcollege=\box38
\cam@submitnotice=\box39
\cam@titlepagevspace=\skip66
[1

{/var/lib/texmf/fonts/map/pdftex/updmap/pdftex.map} <./CUni.pdf> <./CollegeShie
lds/Darwin.pdf>] [2

] [3] [4]
LaTeX Font Info:    Try loading font information for OMS+cmr on input line 18.
(/usr/share/texlive/texmf-dist/tex/latex/base/omscmr.fd
File: omscmr.fd 1999/05/25 v2.5h Standard LaTeX font definitions
)
LaTeX Font Info:    Font shape `OMS/cmr/m/n' in size <12> not available
(Font)              Font shape `OMS/cmsy/m/n' tried instead on input line 18.
[5

] [6

]
LaTeX Font Info:    Try loading font information for OML+cmr on input line 18.
(/usr/share/texlive/texmf-dist/tex/latex/base/omlcmr.fd
File: omlcmr.fd 1999/05/25 v2.5h Standard LaTeX font definitions
)
LaTeX Font Info:    Font shape `OML/cmr/m/n' in size <12> not available
(Font)              Font shape `OML/cmm/m/it' tried instead on input line 18.
[7] [8

] (./thesis.toc
Overfull \hbox (12.1585pt too wide) in paragraph at lines 22--22
 [][] [][]\OT1/cmr/m/n/12 Chapter 2 - De-scrip-tion log-ics and biomed-i-cal kn
owl- 
 []

[9] [10] [11] [12])
\tf@toc=\write5
\openout5 = `thesis.toc'.

[13] [14

] (./11Chapter1.tex
Chapter 1.
[15

] [16] [17] <./Figures/fig1-1.pdf, id=782, 397.485pt x 252.945pt>
File: ./Figures/fig1-1.pdf Graphic file (type pdf)
<use ./Figures/fig1-1.pdf>
Package pdftex.def Info: ./Figures/fig1-1.pdf used on input line 40.
(pdftex.def)             Requested size: 397.48402pt x 252.94438pt.
<./Figures/fig1-2.pdf, id=788, 397.485pt x 252.945pt>
File: ./Figures/fig1-2.pdf Graphic file (type pdf)
<use ./Figures/fig1-2.pdf>
Package pdftex.def Info: ./Figures/fig1-2.pdf used on input line 49.
(pdftex.def)             Requested size: 397.48402pt x 252.94438pt.
[18 <./Figures/fig1-1.pdf>] [19 <./Figures/fig1-2.pdf>] [20] [21] <./Figures/fi
g1-3.pdf, id=870, 397.485pt x 252.945pt>
File: ./Figures/fig1-3.pdf Graphic file (type pdf)
<use ./Figures/fig1-3.pdf>
Package pdftex.def Info: ./Figures/fig1-3.pdf used on input line 83.
(pdftex.def)             Requested size: 397.48402pt x 252.94438pt.
[22] [23 <./Figures/fig1-3.pdf>] [24]
Overfull \hbox (19.20074pt too wide) in paragraph at lines 98--98
 |[]\OT1/cmr/bx/n/17.28 Computational ap-proaches to-wards drug repo-
 []

[25] <./Figures/fig1-4.pdf, id=946, 397.485pt x 252.945pt>
File: ./Figures/fig1-4.pdf Graphic file (type pdf)
<use ./Figures/fig1-4.pdf>
Package pdftex.def Info: ./Figures/fig1-4.pdf used on input line 114.
(pdftex.def)             Requested size: 397.48402pt x 252.94438pt.
[26]
Underfull \vbox (badness 3343) has occurred while \output is active []

[27 <./Figures/fig1-4.pdf>] <./Figures/fig1-5.pdf, id=983, 397.485pt x 180.675p
t>
File: ./Figures/fig1-5.pdf Graphic file (type pdf)
<use ./Figures/fig1-5.pdf>
Package pdftex.def Info: ./Figures/fig1-5.pdf used on input line 128.
(pdftex.def)             Requested size: 397.48402pt x 180.67455pt.
[28 <./Figures/fig1-5.pdf>] <./Figures/fig1-6.pdf, id=1012, 397.485pt x 252.945
pt>
File: ./Figures/fig1-6.pdf Graphic file (type pdf)
<use ./Figures/fig1-6.pdf>
Package pdftex.def Info: ./Figures/fig1-6.pdf used on input line 142.
(pdftex.def)             Requested size: 397.48402pt x 252.94438pt.
[29] [30 <./Figures/fig1-6.pdf>] [31] <./Figures/fig1-7.pdf, id=1066, 397.485pt
 x 209.58301pt>
File: ./Figures/fig1-7.pdf Graphic file (type pdf)
<use ./Figures/fig1-7.pdf>
Package pdftex.def Info: ./Figures/fig1-7.pdf used on input line 167.
(pdftex.def)             Requested size: 397.48402pt x 209.58249pt.
[32] [33 <./Figures/fig1-7.pdf>] [34] <./Figures/fig1-8.pdf, id=1123, 397.485pt
 x 144.54pt>
File: ./Figures/fig1-8.pdf Graphic file (type pdf)
<use ./Figures/fig1-8.pdf>
Package pdftex.def Info: ./Figures/fig1-8.pdf used on input line 187.
(pdftex.def)             Requested size: 397.48402pt x 144.53963pt.
[35]
Underfull \vbox (badness 10000) has occurred while \output is active []

[36 <./Figures/fig1-8.pdf>] [37] <./Figures/fig1-9.pdf, id=1193, 397.485pt x 25
2.945pt>
File: ./Figures/fig1-9.pdf Graphic file (type pdf)
<use ./Figures/fig1-9.pdf>
Package pdftex.def Info: ./Figures/fig1-9.pdf used on input line 204.
(pdftex.def)             Requested size: 397.48402pt x 252.94438pt.
<./Figures/fig1-10.pdf, id=1199, 397.485pt x 216.81pt>
File: ./Figures/fig1-10.pdf Graphic file (type pdf)
<use ./Figures/fig1-10.pdf>
Package pdftex.def Info: ./Figures/fig1-10.pdf used on input line 217.
(pdftex.def)             Requested size: 397.48402pt x 216.80946pt.
[38]
Underfull \vbox (badness 10000) has occurred while \output is active []

[39 <./Figures/fig1-9.pdf>]
Underfull \vbox (badness 10000) has occurred while \output is active []

[40 <./Figures/fig1-10.pdf>]
Overfull \hbox (22.88115pt too wide) in paragraph at lines 227--227
 |[]\OT1/cmr/bx/n/14.4 Machine learn-ing and con-cepts com-bi-na-tion ap-proach
es| 
 []

<./Figures/fig1-11.pdf, id=1243, 397.485pt x 202.356pt>
File: ./Figures/fig1-11.pdf Graphic file (type pdf)
<use ./Figures/fig1-11.pdf>
Package pdftex.def Info: ./Figures/fig1-11.pdf used on input line 233.
(pdftex.def)             Requested size: 397.48402pt x 202.3555pt.
[41 <./Figures/fig1-11.pdf>] [42] [43]
Underfull \hbox (badness 10000) in paragraph at lines 294--294
[]|\OT1/cmr/bx/n/8 Biomedical
 []


Underfull \hbox (badness 10000) in paragraph at lines 294--294
[]|\OT1/cmr/bx/n/8 Technical ad-van-
 []


Underfull \hbox (badness 10000) in paragraph at lines 294--294
[]|\OT1/cmr/m/n/8 Chemical
 []


Underfull \hbox (badness 10000) in paragraph at lines 294--294
[]|\OT1/cmr/m/n/8 Off-target iden-ti-fi-ca-tion,
 []


Underfull \hbox (badness 10000) in paragraph at lines 294--294
\OT1/cmr/m/n/8 struc-tures with un-known
 []


Underfull \hbox (badness 2435) in paragraph at lines 294--294
[]|\OT1/cmr/m/n/8 Fast al-go-rithm avail-
 []


Underfull \hbox (badness 4595) in paragraph at lines 294--294
\OT1/cmr/m/n/8 able to en-code and
 []


Underfull \hbox (badness 10000) in paragraph at lines 294--294
\OT1/cmr/m/n/8 search for chem-i-cal
 []


Underfull \hbox (badness 10000) in paragraph at lines 294--294
\OT1/cmr/m/n/8 struc-tures (fin-ger-
 []


Underfull \hbox (badness 7221) in paragraph at lines 294--294
[]|\OT1/cmr/m/n/8 Prediction can have
 []


Underfull \hbox (badness 10000) in paragraph at lines 294--294
\OT1/cmr/m/n/8 weak bind-ing, not
 []


Underfull \hbox (badness 10000) in paragraph at lines 294--294
\OT1/cmr/m/n/8 nec-es-sary phar-ma-co-
 []


Underfull \hbox (badness 5954) in paragraph at lines 294--294
\OT1/cmr/m/n/8 changes made to a
 []


Underfull \hbox (badness 10000) in paragraph at lines 294--294
\OT1/cmr/m/n/8 molec-u-lar struc-ture
 []


Underfull \hbox (badness 10000) in paragraph at lines 294--294
\OT1/cmr/m/n/8 can change a lot
 []


Underfull \hbox (badness 10000) in paragraph at lines 294--294
\OT1/cmr/m/n/8 the bi-o-log-i-cal out-
 []


Underfull \hbox (badness 1590) in paragraph at lines 294--294
\OT1/cmr/m/n/8 i-fi-ca-tions by the cell
 []


Underfull \hbox (badness 2582) in paragraph at lines 294--294
\OT1/cmr/m/n/8 (pro-drugs), there-fore
 []


Underfull \hbox (badness 10000) in paragraph at lines 294--294
\OT1/cmr/m/n/8 orig-i-nal struc-ture is
 []


Underfull \hbox (badness 10000) in paragraph at lines 294--294
[]|\OT1/cmr/m/n/8 Gene ex-pres-
 []


Underfull \hbox (badness 10000) in paragraph at lines 294--294
\OT1/cmr/m/n/8 expressed (sig-na-ture)
 []


Underfull \hbox (badness 2680) in paragraph at lines 294--294
\OT1/cmr/m/n/8 is pos-si-ble to de-fine
 []


Underfull \hbox (badness 10000) in paragraph at lines 294--294
\OT1/cmr/m/n/8 states (CMap) and
 []


Underfull \hbox (badness 1939) in paragraph at lines 294--294
\OT1/cmr/m/n/8 anal-yse their rel-a-tive
 []


Underfull \hbox (badness 4819) in paragraph at lines 294--294
\OT1/cmr/m/n/8 the bi-o-log-i-cal func-tion, no
 []


Underfull \hbox (badness 2635) in paragraph at lines 294--294
\OT1/cmr/m/n/8 pre-vi-ous knowl-edge re-quired
 []


Underfull \hbox (badness 3884) in paragraph at lines 294--294
\OT1/cmr/m/n/8 ac-terise some states,
 []


Underfull \hbox (badness 3386) in paragraph at lines 294--294
\OT1/cmr/m/n/8 as-pect can be over-
 []


Underfull \hbox (badness 4647) in paragraph at lines 294--294
\OT1/cmr/m/n/8 leng-ing, CMap data
 []


Underfull \hbox (badness 7081) in paragraph at lines 294--294
[]|[]\OT1/cmr/m/n/8 Iorio et al.[] ([]2010[]),
 []


Underfull \hbox (badness 2617) in paragraph at lines 294--294
[]\OT1/cmr/m/n/8 Sirota et al.[] ([]2011[]),
 []


Underfull \hbox (badness 10000) in paragraph at lines 294--294
[]\OT1/cmr/m/n/8 Wei et al.[] ([]2006[]),
 []


Underfull \hbox (badness 10000) in paragraph at lines 294--294
[]|\OT1/cmr/m/n/8 Computational mod-
 []


Underfull \hbox (badness 10000) in paragraph at lines 294--294
[]|\OT1/cmr/m/n/8 Off-target iden-ti-fi-ca-tion,
 []


Underfull \hbox (badness 2253) in paragraph at lines 294--294
\OT1/cmr/m/n/8 can be used with chem-i-cal
 []


Underfull \hbox (badness 10000) in paragraph at lines 294--294
\OT1/cmr/m/n/8 struc-tures with un-known
 []


Underfull \hbox (badness 3428) in paragraph at lines 294--294
[]|\OT1/cmr/m/n/8 Predicting a bind-ing
 []


Underfull \hbox (badness 1117) in paragraph at lines 294--294
\OT1/cmr/m/n/8 high num-ber of false
 []


Underfull \hbox (badness 10000) in paragraph at lines 294--294
[]|\OT1/cmr/m/n/8 Structural databases
 []


Underfull \hbox (badness 10000) in paragraph at lines 294--294
\OT1/cmr/m/n/8 are not com-plete,
 []


Underfull \hbox (badness 3930) in paragraph at lines 294--294
\OT1/cmr/m/n/8 not all pro-teins are
 []


Underfull \hbox (badness 10000) in paragraph at lines 294--294
[]|[]\OT1/cmr/m/n/8 Ashburner et al.[]
 []


Underfull \hbox (badness 10000) in paragraph at lines 294--294
\OT1/cmr/m/n/8 ([]2000[]), []Haupt and
 []


Underfull \hbox (badness 10000) in paragraph at lines 294--294
\OT1/cmr/m/n/8 Schroeder[] ([]2011[]),
 []


Underfull \hbox (badness 10000) in paragraph at lines 294--294
[]\OT1/cmr/m/n/8 De Franchi et al.[]
 []


Underfull \hbox (badness 1442) in paragraph at lines 294--294
\OT1/cmr/m/n/8 ([]2010[]), []Zahler et al.[]
 []


Overfull \hbox (60.16956pt too wide) in paragraph at lines 294--294
 [][] 
 []


Underfull \vbox (badness 10000) has occurred while \output is active []

[44


]
Underfull \hbox (badness 10000) in paragraph at lines 294--294
[]|\OT1/cmr/bx/n/8 Biomedical
 []


Underfull \hbox (badness 10000) in paragraph at lines 294--294
[]|\OT1/cmr/bx/n/8 Technical ad-van-
 []


Underfull \hbox (badness 10000) in paragraph at lines 294--294
\OT1/cmr/m/n/8 in-for-ma-tion al-ready
 []


Underfull \hbox (badness 10000) in paragraph at lines 294--294
\OT1/cmr/m/n/8 ev-ery-day, de-creas-ing
 []


Underfull \hbox (badness 10000) in paragraph at lines 294--294
[]|\OT1/cmr/m/n/8 Does not pro-vide
 []


Underfull \hbox (badness 10000) in paragraph at lines 294--294
[]|[]\OT1/cmr/m/n/8 Chiang and Butte[]
 []


Underfull \hbox (badness 10000) in paragraph at lines 294--294
\OT1/cmr/m/n/8 learning al-go-rithm
 []


Underfull \hbox (badness 1642) in paragraph at lines 294--294
\OT1/cmr/m/n/8 from a se-ries of de-
 []


Underfull \hbox (badness 1635) in paragraph at lines 294--294
\OT1/cmr/m/n/8 men-sions, pro-vid-ing a more
 []


Underfull \hbox (badness 10000) in paragraph at lines 294--294
[]|\OT1/cmr/m/n/8 Numerous machine-
 []


Underfull \hbox (badness 10000) in paragraph at lines 294--294
\OT1/cmr/m/n/8 learning pro-gram
 []


Underfull \hbox (badness 10000) in paragraph at lines 294--294
\OT1/cmr/m/n/8 and method-olo-gies
 []


Underfull \hbox (badness 10000) in paragraph at lines 294--294
[]|\OT1/cmr/m/n/8 Biological in-ter-pre-ta-
 []


Underfull \hbox (badness 10000) in paragraph at lines 294--294
\OT1/cmr/m/n/8 tion dif-fi-cult (black
 []


Underfull \hbox (badness 10000) in paragraph at lines 294--294
[]\OT1/cmr/m/n/8 Napoli-tano et al.[]
 []


Underfull \hbox (badness 1803) in paragraph at lines 294--294
[]|\OT1/cmr/m/n/8 Formal rep-re-sen-ta-tion
 []


Underfull \hbox (badness 3849) in paragraph at lines 294--294
[]|\OT1/cmr/m/n/8 Systemic char-ac-ter-i-sa-tion of
 []


Underfull \hbox (badness 2653) in paragraph at lines 294--294
[]|\OT1/cmr/m/n/8 Predictions can have
 []


Underfull \hbox (badness 10000) in paragraph at lines 294--294
\OT1/cmr/m/n/8 weak bind-ing, not
 []


Underfull \hbox (badness 10000) in paragraph at lines 294--294
\OT1/cmr/m/n/8 nec-es-sary phar-ma-co-
 []


Overfull \hbox (60.16956pt too wide) in paragraph at lines 294--294
 [][] 
 []

[45




] <./Figures/fig1-13.pdf, id=1339, 397.485pt x 195.129pt>
File: ./Figures/fig1-13.pdf Graphic file (type pdf)
<use ./Figures/fig1-13.pdf>
Package pdftex.def Info: ./Figures/fig1-13.pdf used on input line 299.
(pdftex.def)             Requested size: 397.48402pt x 195.12851pt.

Overfull \hbox (13.50677pt too wide) in paragraph at lines 305--305
 |[]\OT1/cmr/bx/n/17.28 Thesis: bi-o-log-i-cal pro-cess and molec-u-lar func-
 []

[46


 <./Figures/fig1-13.pdf>] [47] <./Figures/fig1-12.pdf, id=1365, 397.485pt x 252
.945pt>
File: ./Figures/fig1-12.pdf Graphic file (type pdf)
<use ./Figures/fig1-12.pdf>
Package pdftex.def Info: ./Figures/fig1-12.pdf used on input line 321.
(pdftex.def)             Requested size: 397.48402pt x 252.94438pt.
[48 <./Figures/fig1-12.pdf>] [49]
Overfull \hbox (5.73087pt too wide) in paragraph at lines 337--337
 |[]\OT1/cmr/bx/n/12 Chapter 2 - De-scrip-tion log-ics and biomed-i-cal knowl-e
dge (Spec-
 []


Underfull \vbox (badness 4013) has occurred while \output is active []

[50]) (./12Chapter2.tex [51] [52

]
Chapter 2.
[53] [54] <./Figures/fig2-1.pdf, id=1432, 397.485pt x 180.675pt>
File: ./Figures/fig2-1.pdf Graphic file (type pdf)
<use ./Figures/fig2-1.pdf>
Package pdftex.def Info: ./Figures/fig2-1.pdf used on input line 36.
(pdftex.def)             Requested size: 397.48402pt x 180.67455pt.
[55]
Underfull \vbox (badness 1540) has occurred while \output is active []

[56 <./Figures/fig2-1.pdf>] <./Figures/fig2-2.pdf, id=1464, 397.485pt x 289.08p
t>
File: ./Figures/fig2-2.pdf Graphic file (type pdf)
<use ./Figures/fig2-2.pdf>
Package pdftex.def Info: ./Figures/fig2-2.pdf used on input line 51.
(pdftex.def)             Requested size: 397.48402pt x 289.07928pt.
Missing character: There is no Â in font cmr10!
Missing character: There is no   in font cmr10!
Missing character: There is no Â in font cmr10!
Missing character: There is no   in font cmr10!
[57 <./Figures/fig2-2.pdf>] <./Figures/fig2-3.pdf, id=1489, 397.485pt x 108.405
pt>
File: ./Figures/fig2-3.pdf Graphic file (type pdf)
<use ./Figures/fig2-3.pdf>
Package pdftex.def Info: ./Figures/fig2-3.pdf used on input line 62.
(pdftex.def)             Requested size: 397.48402pt x 108.40472pt.
[58 <./Figures/fig2-3.pdf>] <./Figures/fig2-4.pdf, id=1511, 397.485pt x 433.62p
t>
File: ./Figures/fig2-4.pdf Graphic file (type pdf)
<use ./Figures/fig2-4.pdf>
Package pdftex.def Info: ./Figures/fig2-4.pdf used on input line 81.
(pdftex.def)             Requested size: 397.48402pt x 433.61894pt.

Underfull \vbox (badness 10000) has occurred while \output is active []

[59] [60 <./Figures/fig2-4.pdf>] [61] [62] <./Figures/fig2-5.pdf, id=1559, 397.
485pt x 180.675pt>
File: ./Figures/fig2-5.pdf Graphic file (type pdf)
<use ./Figures/fig2-5.pdf>
Package pdftex.def Info: ./Figures/fig2-5.pdf used on input line 115.
(pdftex.def)             Requested size: 397.48402pt x 180.67455pt.
[63 <./Figures/fig2-5.pdf>] [64] [65] <./Figures/fig2-6.pdf, id=1609, 397.485pt
 x 144.54pt>
File: ./Figures/fig2-6.pdf Graphic file (type pdf)
<use ./Figures/fig2-6.pdf>
Package pdftex.def Info: ./Figures/fig2-6.pdf used on input line 146.
(pdftex.def)             Requested size: 397.48402pt x 144.53963pt.
[66 <./Figures/fig2-6.pdf>] [67] <./Figures/fig2-7.pdf, id=1644, 397.485pt x 23
8.49101pt>
File: ./Figures/fig2-7.pdf Graphic file (type pdf)
<use ./Figures/fig2-7.pdf>
Package pdftex.def Info: ./Figures/fig2-7.pdf used on input line 166.
(pdftex.def)             Requested size: 397.48402pt x 238.49042pt.
[68 <./Figures/fig2-7.pdf>]
Underfull \vbox (badness 10000) has occurred while \output is active []

[69] [70] <./Figures/fig2-8.pdf, id=1708, 397.485pt x 180.675pt>
File: ./Figures/fig2-8.pdf Graphic file (type pdf)
<use ./Figures/fig2-8.pdf>
Package pdftex.def Info: ./Figures/fig2-8.pdf used on input line 201.
(pdftex.def)             Requested size: 397.48402pt x 180.67455pt.
[71] [72 <./Figures/fig2-8.pdf>] <./Figures/fig2-9.pdf, id=1727, 397.485pt x 20
9.58301pt>
File: ./Figures/fig2-9.pdf Graphic file (type pdf)
<use ./Figures/fig2-9.pdf>
Package pdftex.def Info: ./Figures/fig2-9.pdf used on input line 236.
(pdftex.def)             Requested size: 397.48402pt x 209.58249pt.
[73] [74 <./Figures/fig2-9.pdf>] <./Figures/fig2-10.pdf, id=1754, 397.485pt x 2
09.58301pt>
File: ./Figures/fig2-10.pdf Graphic file (type pdf)
<use ./Figures/fig2-10.pdf>
Package pdftex.def Info: ./Figures/fig2-10.pdf used on input line 257.
(pdftex.def)             Requested size: 397.48402pt x 209.58249pt.
[75 <./Figures/fig2-10.pdf>] <./Figures/fig2-11.pdf, id=1790, 397.485pt x 325.2
15pt>
File: ./Figures/fig2-11.pdf Graphic file (type pdf)
<use ./Figures/fig2-11.pdf>
Package pdftex.def Info: ./Figures/fig2-11.pdf used on input line 276.
(pdftex.def)             Requested size: 397.48402pt x 325.2142pt.

Underfull \vbox (badness 10000) has occurred while \output is active []

[76] [77 <./Figures/fig2-11.pdf>] <./Figures/fig2-12.pdf, id=1820, 397.485pt x 
289.08pt>
File: ./Figures/fig2-12.pdf Graphic file (type pdf)
<use ./Figures/fig2-12.pdf>
Package pdftex.def Info: ./Figures/fig2-12.pdf used on input line 288.
(pdftex.def)             Requested size: 397.48402pt x 289.07928pt.
[78 <./Figures/fig2-12.pdf>] <./Figures/fig2-13.pdf, id=1856, 397.485pt x 180.6
75pt>
File: ./Figures/fig2-13.pdf Graphic file (type pdf)
<use ./Figures/fig2-13.pdf>
Package pdftex.def Info: ./Figures/fig2-13.pdf used on input line 301.
(pdftex.def)             Requested size: 397.48402pt x 180.67455pt.
[79 <./Figures/fig2-13.pdf>] [80]
Overfull \hbox (6.71275pt too wide) in paragraph at lines 315--315
 |[]\OT1/cmr/bx/n/17.28 Implementation with life-science in-for-ma-tion| 
 []

[81] <./Figures/fig2-14.pdf, id=1902, 397.485pt x 325.215pt>
File: ./Figures/fig2-14.pdf Graphic file (type pdf)
<use ./Figures/fig2-14.pdf>
Package pdftex.def Info: ./Figures/fig2-14.pdf used on input line 327.
(pdftex.def)             Requested size: 397.48402pt x 325.2142pt.
[82 <./Figures/fig2-14.pdf>] [83] [84] [85] [86]
Underfull \vbox (badness 10000) has occurred while \output is active []

[87] <./Figures/fig2-15.pdf, id=2017, 397.485pt x 361.35pt>
File: ./Figures/fig2-15.pdf Graphic file (type pdf)
<use ./Figures/fig2-15.pdf>
Package pdftex.def Info: ./Figures/fig2-15.pdf used on input line 367.
(pdftex.def)             Requested size: 397.48402pt x 361.34912pt.
[88] <./Figures/fig2-16.pdf, id=2036, 397.485pt x 317.98799pt>
File: ./Figures/fig2-16.pdf Graphic file (type pdf)
<use ./Figures/fig2-16.pdf>
Package pdftex.def Info: ./Figures/fig2-16.pdf used on input line 376.
(pdftex.def)             Requested size: 397.48402pt x 317.9872pt.
<./Figures/fig2-17.pdf, id=2037, 397.485pt x 317.98799pt>
File: ./Figures/fig2-17.pdf Graphic file (type pdf)
<use ./Figures/fig2-17.pdf>
Package pdftex.def Info: ./Figures/fig2-17.pdf used on input line 383.
(pdftex.def)             Requested size: 397.48402pt x 317.9872pt.

Underfull \vbox (badness 10000) has occurred while \output is active []

[89 <./Figures/fig2-15.pdf>]
Underfull \vbox (badness 1910) has occurred while \output is active []

[90 <./Figures/fig2-16.pdf>]
Underfull \vbox (badness 6725) has occurred while \output is active []

[91 <./Figures/fig2-17.pdf>] <./Figures/fig2-18.pdf, id=2100, 397.485pt x 216.8
1pt>
File: ./Figures/fig2-18.pdf Graphic file (type pdf)
<use ./Figures/fig2-18.pdf>
Package pdftex.def Info: ./Figures/fig2-18.pdf used on input line 396.
(pdftex.def)             Requested size: 397.48402pt x 216.80946pt.
) (./13Chapter3.tex [92 <./Figures/fig2-18.pdf>]
Chapter 3.
[93

] [94] <./Figures/fig3-1.pdf, id=2138, 397.485pt x 252.945pt>
File: ./Figures/fig3-1.pdf Graphic file (type pdf)
<use ./Figures/fig3-1.pdf>
Package pdftex.def Info: ./Figures/fig3-1.pdf used on input line 29.
(pdftex.def)             Requested size: 397.48402pt x 252.94438pt.
Missing character: There is no â in font cmr10!
Missing character: There is no € in font cmr10!
Missing character: There is no “ in font cmr10!
Missing character: There is no â in font cmr10!
Missing character: There is no € in font cmr10!
Missing character: There is no “ in font cmr10!
[95] [96 <./Figures/fig3-1.pdf>] [97]
Underfull \vbox (badness 1168) has occurred while \output is active []

[98] <./Figures/fig3-2.pdf, id=2190, 397.485pt x 252.945pt>
File: ./Figures/fig3-2.pdf Graphic file (type pdf)
<use ./Figures/fig3-2.pdf>
Package pdftex.def Info: ./Figures/fig3-2.pdf used on input line 74.
(pdftex.def)             Requested size: 397.48402pt x 252.94438pt.
<./Figures/fig3-3.pdf, id=2191, 397.485pt x 252.945pt>
File: ./Figures/fig3-3.pdf Graphic file (type pdf)
<use ./Figures/fig3-3.pdf>
Package pdftex.def Info: ./Figures/fig3-3.pdf used on input line 81.
(pdftex.def)             Requested size: 397.48402pt x 252.94438pt.
[99] [100 <./Figures/fig3-2.pdf> <./Figures/fig3-3.pdf

pdfTeX warning: pdflatex (file ./Figures/fig3-3.pdf): PDF inclusion: multiple p
dfs with page group included in a single page
>] <./Figures/fig3-4.pdf, id=2217, 397.485pt x 252.945pt>
File: ./Figures/fig3-4.pdf Graphic file (type pdf)
<use ./Figures/fig3-4.pdf>
Package pdftex.def Info: ./Figures/fig3-4.pdf used on input line 90.
(pdftex.def)             Requested size: 397.48402pt x 252.94438pt.
<./Figures/fig3-5.pdf, id=2218, 397.485pt x 252.945pt>
File: ./Figures/fig3-5.pdf Graphic file (type pdf)
<use ./Figures/fig3-5.pdf>
Package pdftex.def Info: ./Figures/fig3-5.pdf used on input line 97.
(pdftex.def)             Requested size: 397.48402pt x 252.94438pt.

Underfull \vbox (badness 10000) has occurred while \output is active []

[101 <./Figures/fig3-4.pdf>] <./Figures/fig3-6.pdf, id=2245, 397.485pt x 252.94
5pt>
File: ./Figures/fig3-6.pdf Graphic file (type pdf)
<use ./Figures/fig3-6.pdf>
Package pdftex.def Info: ./Figures/fig3-6.pdf used on input line 107.
(pdftex.def)             Requested size: 397.48402pt x 252.94438pt.

Underfull \vbox (badness 10000) has occurred while \output is active []

[102 <./Figures/fig3-5.pdf>] [103 <./Figures/fig3-6.pdf>]
Underfull \vbox (badness 10000) has occurred while \output is active []

[104]
Underfull \vbox (badness 10000) has occurred while \output is active []

[105]
Underfull \vbox (badness 3815) has occurred while \output is active []

[106] <./Figures/fig3-7.pdf, id=2311, 397.485pt x 252.945pt>
File: ./Figures/fig3-7.pdf Graphic file (type pdf)
<use ./Figures/fig3-7.pdf>
Package pdftex.def Info: ./Figures/fig3-7.pdf used on input line 174.
(pdftex.def)             Requested size: 397.48402pt x 252.94438pt.
[107 <./Figures/fig3-7.pdf>] <./Figures/fig3-8.pdf, id=2327, 397.485pt x 252.94
5pt>
File: ./Figures/fig3-8.pdf Graphic file (type pdf)
<use ./Figures/fig3-8.pdf>
Package pdftex.def Info: ./Figures/fig3-8.pdf used on input line 186.
(pdftex.def)             Requested size: 397.48402pt x 252.94438pt.

Underfull \vbox (badness 2096) has occurred while \output is active []

[108 <./Figures/fig3-8.pdf>] [109] [110] [111] [112]
Overfull \hbox (31.03493pt too wide) in paragraph at lines 282--283
[]$\OT1/cmtt/m/n/12 http : / / www . geneontology . org / GO . ontology-[]ext .
 relations . shtml # haspart$[] 
 []

[113] [114] <./Figures/fig3-9.pdf, id=2404, 397.485pt x 252.945pt>
File: ./Figures/fig3-9.pdf Graphic file (type pdf)
<use ./Figures/fig3-9.pdf>
Package pdftex.def Info: ./Figures/fig3-9.pdf used on input line 357.
(pdftex.def)             Requested size: 397.48402pt x 252.94438pt.
[115] [116 <./Figures/fig3-9.pdf>] <./Figures/fig3-10.pdf, id=2429, 397.485pt x
 325.215pt>
File: ./Figures/fig3-10.pdf Graphic file (type pdf)
<use ./Figures/fig3-10.pdf>
Package pdftex.def Info: ./Figures/fig3-10.pdf used on input line 368.
(pdftex.def)             Requested size: 397.48402pt x 325.2142pt.

Underfull \hbox (badness 4819) in paragraph at lines 369--369
[]\OT1/cmr/bx/n/10.95 Figure 3.10: |\OT1/cmr/m/n/10.95 Par-ent cat-e-gories to 
the FTC class \OT1/cmr/m/it/10.95 Pro-fibrinolysis agent
 []

[117 <./Figures/fig3-10.pdf>] [118] <./Figures/fig3-11.pdf, id=2449, 397.485pt 
x 325.215pt>
File: ./Figures/fig3-11.pdf Graphic file (type pdf)
<use ./Figures/fig3-11.pdf>
Package pdftex.def Info: ./Figures/fig3-11.pdf used on input line 389.
(pdftex.def)             Requested size: 397.48402pt x 325.2142pt.

Underfull \vbox (badness 10000) has occurred while \output is active []

[119]
Underfull \vbox (badness 1902) has occurred while \output is active []

[120 <./Figures/fig3-11.pdf>] [121] <./Figures/fig3-12.pdf, id=2486, 397.485pt 
x 325.215pt>
File: ./Figures/fig3-12.pdf Graphic file (type pdf)
<use ./Figures/fig3-12.pdf>
Package pdftex.def Info: ./Figures/fig3-12.pdf used on input line 405.
(pdftex.def)             Requested size: 397.48402pt x 325.2142pt.
[122 <./Figures/fig3-12.pdf>] <./Figures/fig3-13.pdf, id=2502, 397.485pt x 325.
215pt>
File: ./Figures/fig3-13.pdf Graphic file (type pdf)
<use ./Figures/fig3-13.pdf>
Package pdftex.def Info: ./Figures/fig3-13.pdf used on input line 417.
(pdftex.def)             Requested size: 397.48402pt x 325.2142pt.

Underfull \vbox (badness 10000) has occurred while \output is active []

[123] <./Figures/fig3-14.pdf, id=2512, 397.485pt x 325.215pt>
File: ./Figures/fig3-14.pdf Graphic file (type pdf)
<use ./Figures/fig3-14.pdf>
Package pdftex.def Info: ./Figures/fig3-14.pdf used on input line 426.
(pdftex.def)             Requested size: 397.48402pt x 325.2142pt.

Underfull \vbox (badness 10000) has occurred while \output is active []

[124 <./Figures/fig3-13.pdf>] <./Figures/fig3-15.pdf, id=2534, 397.485pt x 325.
215pt>
File: ./Figures/fig3-15.pdf Graphic file (type pdf)
<use ./Figures/fig3-15.pdf>
Package pdftex.def Info: ./Figures/fig3-15.pdf used on input line 435.
(pdftex.def)             Requested size: 397.48402pt x 325.2142pt.

Underfull \vbox (badness 10000) has occurred while \output is active []

[125 <./Figures/fig3-14.pdf>] [126 <./Figures/fig3-15.pdf>] [127] [128] <./Figu
res/fig3-16.pdf, id=2599, 397.485pt x 260.17201pt>
File: ./Figures/fig3-16.pdf Graphic file (type pdf)
<use ./Figures/fig3-16.pdf>
Package pdftex.def Info: ./Figures/fig3-16.pdf used on input line 464.
(pdftex.def)             Requested size: 397.48402pt x 260.17136pt.

Underfull \vbox (badness 10000) has occurred while \output is active []

[129]) (./14Chapter4.tex [130 <./Figures/fig3-16.pdf>]
Chapter 4.
[131

]
Overfull \hbox (2.96729pt too wide) in paragraph at lines 10--11
\OT1/cmr/m/n/12 amyloids; the ma-jor-ity of hy-pothe-ses find sup-port-ing ev-i
-dence in the biomed-
 []

[132] [133]
Overfull \hbox (8.33214pt too wide) in paragraph at lines 35--36
[]\OT1/cmr/m/n/12 In or-der to match these re-quire-ments, I de-cided to fo-cus
 only on two-dimensional
 []


Overfull \hbox (11.47507pt too wide) in paragraph at lines 35--36
\OT1/cmr/m/n/12 they are ar-guably more ac-cu-rate for pre-dict-ing tar-get aff
in-ity than three-dimensional
 []

<./Figures/fig4-1.pdf, id=2646, 397.485pt x 317.98799pt>
File: ./Figures/fig4-1.pdf Graphic file (type pdf)
<use ./Figures/fig4-1.pdf>
Package pdftex.def Info: ./Figures/fig4-1.pdf used on input line 41.
(pdftex.def)             Requested size: 397.48402pt x 317.9872pt.

Underfull \vbox (badness 10000) has occurred while \output is active []

[134]
Overfull \hbox (61.07686pt too wide) in paragraph at lines 50--57
 [] 
 []


Underfull \vbox (badness 10000) has occurred while \output is active []

[135 <./Figures/fig4-1.pdf>] [136] <./Figures/fig4-2.pdf, id=2681, 397.485pt x 
397.485pt>
File: ./Figures/fig4-2.pdf Graphic file (type pdf)
<use ./Figures/fig4-2.pdf>
Package pdftex.def Info: ./Figures/fig4-2.pdf used on input line 72.
(pdftex.def)             Requested size: 397.48402pt x 397.48402pt.
LaTeX Font Info:    Font shape `OML/cmr/m/n' in size <10.95> not available
(Font)              Font shape `OML/cmm/m/it' tried instead on input line 73.

Underfull \vbox (badness 10000) has occurred while \output is active []

[137]
Underfull \vbox (badness 1783) has occurred while \output is active []

[138 <./Figures/fig4-2.pdf>] [139] <./Figures/fig4-3.pdf, id=2718, 397.485pt x 
317.98799pt>
File: ./Figures/fig4-3.pdf Graphic file (type pdf)
<use ./Figures/fig4-3.pdf>
Package pdftex.def Info: ./Figures/fig4-3.pdf used on input line 94.
(pdftex.def)             Requested size: 397.48402pt x 317.9872pt.

Underfull \vbox (badness 10000) has occurred while \output is active []

[140] <./Figures/fig4-4.pdf, id=2724, 397.485pt x 317.98799pt>
File: ./Figures/fig4-4.pdf Graphic file (type pdf)
<use ./Figures/fig4-4.pdf>
Package pdftex.def Info: ./Figures/fig4-4.pdf used on input line 103.
(pdftex.def)             Requested size: 397.48402pt x 317.9872pt.

Underfull \vbox (badness 10000) has occurred while \output is active []

[141 <./Figures/fig4-3.pdf>] <./Figures/fig4-5.pdf, id=2742, 397.485pt x 317.98
799pt>
File: ./Figures/fig4-5.pdf Graphic file (type pdf)
<use ./Figures/fig4-5.pdf>
Package pdftex.def Info: ./Figures/fig4-5.pdf used on input line 112.
(pdftex.def)             Requested size: 397.48402pt x 317.9872pt.
[142 <./Figures/fig4-4.pdf>]
Overfull \hbox (8.8638pt too wide) in paragraph at lines 121--128
 [] 
 []


Underfull \vbox (badness 10000) has occurred while \output is active []

[143 <./Figures/fig4-5.pdf>] <./Figures/fig4-6.pdf, id=2780, 397.485pt x 281.85
298pt>
File: ./Figures/fig4-6.pdf Graphic file (type pdf)
<use ./Figures/fig4-6.pdf>
Package pdftex.def Info: ./Figures/fig4-6.pdf used on input line 134.
(pdftex.def)             Requested size: 397.48402pt x 281.8523pt.
<./Figures/fig4-7.pdf, id=2785, 397.485pt x 281.85298pt>
File: ./Figures/fig4-7.pdf Graphic file (type pdf)
<use ./Figures/fig4-7.pdf>
Package pdftex.def Info: ./Figures/fig4-7.pdf used on input line 143.
(pdftex.def)             Requested size: 397.48402pt x 281.8523pt.
[144 <./Figures/fig4-6.pdf>] [145 <./Figures/fig4-7.pdf>] <./Figures/fig4-8.pdf
, id=2820, 397.485pt x 325.215pt>
File: ./Figures/fig4-8.pdf Graphic file (type pdf)
<use ./Figures/fig4-8.pdf>
Package pdftex.def Info: ./Figures/fig4-8.pdf used on input line 152.
(pdftex.def)             Requested size: 397.48402pt x 325.2142pt.

Underfull \vbox (badness 10000) has occurred while \output is active []

[146] [147 <./Figures/fig4-8.pdf>] <./Figures/fig4-9.pdf, id=2849, 397.485pt x 
296.307pt>
File: ./Figures/fig4-9.pdf Graphic file (type pdf)
<use ./Figures/fig4-9.pdf>
Package pdftex.def Info: ./Figures/fig4-9.pdf used on input line 168.
(pdftex.def)             Requested size: 397.48402pt x 296.30627pt.
[148]
Underfull \vbox (badness 5036) has occurred while \output is active []

[149 <./Figures/fig4-9.pdf>] [150] <./Figures/fig4-10.pdf, id=2891, 397.485pt x
 325.215pt>
File: ./Figures/fig4-10.pdf Graphic file (type pdf)
<use ./Figures/fig4-10.pdf>
Package pdftex.def Info: ./Figures/fig4-10.pdf used on input line 197.
(pdftex.def)             Requested size: 397.48402pt x 325.2142pt.

Underfull \vbox (badness 10000) has occurred while \output is active []

[151] <./Figures/fig4-11.pdf, id=2898, 397.485pt x 245.718pt>
File: ./Figures/fig4-11.pdf Graphic file (type pdf)
<use ./Figures/fig4-11.pdf>
Package pdftex.def Info: ./Figures/fig4-11.pdf used on input line 206.
(pdftex.def)             Requested size: 397.48402pt x 245.71739pt.

Underfull \vbox (badness 10000) has occurred while \output is active []

[152 <./Figures/fig4-10.pdf>] [153 <./Figures/fig4-11.pdf>] <./Figures/fig4-12.
pdf, id=2924, 397.485pt x 325.215pt>
File: ./Figures/fig4-12.pdf Graphic file (type pdf)
<use ./Figures/fig4-12.pdf>
Package pdftex.def Info: ./Figures/fig4-12.pdf used on input line 217.
(pdftex.def)             Requested size: 397.48402pt x 325.2142pt.
[154 <./Figures/fig4-12.pdf>]
Underfull \vbox (badness 1502) has occurred while \output is active []

[155] [156] <./Figures/fig4-13.pdf, id=2972, 397.485pt x 216.81pt>
File: ./Figures/fig4-13.pdf Graphic file (type pdf)
<use ./Figures/fig4-13.pdf>
Package pdftex.def Info: ./Figures/fig4-13.pdf used on input line 265.
(pdftex.def)             Requested size: 397.48402pt x 216.80946pt.
[157 <./Figures/fig4-13.pdf>] <./Figures/fig4-14.pdf, id=3005, 397.485pt x 108.
405pt>
File: ./Figures/fig4-14.pdf Graphic file (type pdf)
<use ./Figures/fig4-14.pdf>
Package pdftex.def Info: ./Figures/fig4-14.pdf used on input line 283.
(pdftex.def)             Requested size: 397.48402pt x 108.40472pt.

Underfull \hbox (badness 10000) in paragraph at lines 294--294
[]|\OT1/cmr/bx/n/8 ATC code
 []


Underfull \hbox (badness 10000) in paragraph at lines 294--294
\OT1/cmr/bx/n/8 ref-er-ence
 []


Underfull \hbox (badness 10000) in paragraph at lines 295--295
[]|\OT1/cmr/m/n/8 C02 (An-ti-hy-
 []


Underfull \hbox (badness 10000) in paragraph at lines 297--297
[]|\OT1/cmr/m/n/8 Centrally
 []


Underfull \hbox (badness 10000) in paragraph at lines 297--297
\OT1/cmr/m/n/8 sive agents
 []


Underfull \hbox (badness 10000) in paragraph at lines 297--297
[]|\OT1/cmr/m/n/8 DB00668
 []


Underfull \hbox (badness 10000) in paragraph at lines 297--302
[]|\OT1/cmr/m/n/8 A01 (Stom-a-to-log-i-cal
 []


Underfull \hbox (badness 10000) in paragraph at lines 297--302
\OT1/cmr/m/n/8 prepa-ra-tions) B02
 []


Underfull \hbox (badness 10000) in paragraph at lines 297--302
\OT1/cmr/m/n/8 (An-ti-he-m-or-rhag-ics)
 []


Underfull \hbox (badness 10000) in paragraph at lines 297--302
\OT1/cmr/m/n/8 R01 (Nasal prepa-
 []


Underfull \hbox (badness 5288) in paragraph at lines 297--302
\OT1/cmr/m/n/8 ra-tions) R03 (Drugs
 []


Underfull \hbox (badness 10000) in paragraph at lines 297--302
\OT1/cmr/m/n/8 for ob-struc-tive air-
 []


Underfull \hbox (badness 10000) in paragraph at lines 297--302
\OT1/cmr/m/n/8 way dis-eases) S01
 []


Underfull \hbox (badness 3049) in paragraph at lines 302--302
[]|\OT1/cmr/m/n/8 Drug in-volved in nu-mer-ous
 []


Underfull \hbox (badness 6978) in paragraph at lines 302--302
\OT1/cmr/m/n/8 pro-cess, ef-fect varies with
 []


Underfull \hbox (badness 10000) in paragraph at lines 303--303
[]|\OT1/cmr/m/n/8 DB00368
 []


Underfull \hbox (badness 10000) in paragraph at lines 303--303
\OT1/cmr/m/n/8 (Nore-
 []


Underfull \hbox (badness 10000) in paragraph at lines 303--303
[]|\OT1/cmr/m/n/8 Related ther-a-peu-tic group,
 []


Underfull \hbox (badness 10000) in paragraph at lines 304--304
[]|\OT1/cmr/m/n/8 DB00697
 []


Underfull \hbox (badness 10000) in paragraph at lines 304--304
[]|\OT1/cmr/m/n/8 M03 (Mus-cle re-lax-
 []


Underfull \hbox (badness 10000) in paragraph at lines 304--304
[]|\OT1/cmr/m/n/8 Management of spas-tic-ity,
 []


Underfull \hbox (badness 10000) in paragraph at lines 304--304
\OT1/cmr/m/n/8 same re-cep-tors but dif-fer-
 []


Underfull \hbox (badness 4013) in paragraph at lines 304--304
\OT1/cmr/m/n/8 ent lo-ca-tions, in-hi-bi-tion of
 []


Underfull \hbox (badness 10000) in paragraph at lines 305--305
[]|\OT1/cmr/m/n/8 DB00320
 []


Underfull \hbox (badness 10000) in paragraph at lines 305--305
\OT1/cmr/m/n/8 (Di-hy-droer-go-
 []


Underfull \hbox (badness 7832) in paragraph at lines 305--305
[]|\OT1/cmr/m/n/8 Migraine ther-apy, vaso-con-
 []


Underfull \hbox (badness 10000) in paragraph at lines 306--306
[]|\OT1/cmr/m/n/8 DB00413
 []


Underfull \hbox (badness 10000) in paragraph at lines 306--306
[]|\OT1/cmr/m/n/8 N04 (Anti-parkinson
 []


Underfull \hbox (badness 1688) in paragraph at lines 306--306
[]|\OT1/cmr/m/n/8 For Parkin-son's dis-ease and
 []


Underfull \hbox (badness 10000) in paragraph at lines 307--307
[]|\OT1/cmr/m/n/8 DB00633
 []


Underfull \hbox (badness 10000) in paragraph at lines 307--307
\OT1/cmr/m/n/8 (Dexmedeto-
 []


Underfull \hbox (badness 10000) in paragraph at lines 308--308
[]|\OT1/cmr/m/n/8 DB01577
 []


Underfull \hbox (badness 10000) in paragraph at lines 308--308
\OT1/cmr/m/n/8 (Metham-
 []


Underfull \hbox (badness 10000) in paragraph at lines 308--308
[]|\OT1/cmr/m/n/8 N06 (Psy-choanalep-
 []


Underfull \hbox (badness 10000) in paragraph at lines 309--309
[]|\OT1/cmr/m/n/8 DB04948
 []


Underfull \hbox (badness 6510) in paragraph at lines 309--309
[]|\OT1/cmr/m/n/8 N07 (Other ner-vous
 []


Underfull \hbox (badness 1297) in paragraph at lines 309--309
[]|\OT1/cmr/m/n/8 Adrenergic ag-o-nist, re-ported
 []


Underfull \hbox (badness 10000) in paragraph at lines 310--310
[]|\OT1/cmr/m/n/8 DB00935
 []


Underfull \hbox (badness 10000) in paragraph at lines 310--310
\OT1/cmr/m/n/8 (Oxymeta-zo-
 []


Underfull \hbox (badness 4217) in paragraph at lines 310--311
[]|\OT1/cmr/m/n/8 R01 (Nasal prepa-ra-
 []


Underfull \hbox (badness 10000) in paragraph at lines 312--312
[]|\OT1/cmr/m/n/8 DB06711
 []


Underfull \hbox (badness 1286) in paragraph at lines 313--313
[]|\OT1/cmr/m/n/8 DB06694 (Xy-
 []


Underfull \hbox (badness 1960) in paragraph at lines 313--313
[]|\OT1/cmr/m/n/8 Nasal vaso-con-stric-tor de-con-
 []


Underfull \hbox (badness 10000) in paragraph at lines 314--314
[]|\OT1/cmr/m/n/8 DB00397
 []


Underfull \hbox (badness 10000) in paragraph at lines 314--314
\OT1/cmr/m/n/8 (Phenyl-
 []


Overfull \hbox (1.18561pt too wide) in paragraph at lines 314--314
\OT1/cmr/m/n/8 propanolamine)| 
 []


Underfull \hbox (badness 4217) in paragraph at lines 314--314
[]|\OT1/cmr/m/n/8 R01 (Nasal prepa-ra-
 []


Underfull \hbox (badness 10000) in paragraph at lines 315--315
[]|\OT1/cmr/m/n/8 S01 (Opthal-mo-log-i-
 []


Underfull \hbox (badness 4454) in paragraph at lines 315--315
[]|\OT1/cmr/m/n/8 Used in glau-coma ther-apy,
 []


Overfull \hbox (19.72078pt too wide) in paragraph at lines 292--319
[][] 
 []

[158] [159 <./Figures/fig4-14.pdf>] [160] <./Figures/fig4-15.pdf, id=3043, 397.
485pt x 339.66899pt>
File: ./Figures/fig4-15.pdf Graphic file (type pdf)
<use ./Figures/fig4-15.pdf>
Package pdftex.def Info: ./Figures/fig4-15.pdf used on input line 331.
(pdftex.def)             Requested size: 397.48402pt x 339.66815pt.
<./Figures/fig4-16.pdf, id=3049, 397.485pt x 252.945pt>
File: ./Figures/fig4-16.pdf Graphic file (type pdf)
<use ./Figures/fig4-16.pdf>
Package pdftex.def Info: ./Figures/fig4-16.pdf used on input line 341.
(pdftex.def)             Requested size: 397.48402pt x 252.94438pt.
[161 <./Figures/fig4-15.pdf>] [162 <./Figures/fig4-16.pdf>]
Underfull \hbox (badness 10000) in paragraph at lines 354--354
[]|\OT1/cmr/bx/n/8 ATC code
 []


Underfull \hbox (badness 10000) in paragraph at lines 354--354
\OT1/cmr/bx/n/8 ref-er-ence
 []


Underfull \hbox (badness 10000) in paragraph at lines 354--354
[]|\OT1/cmr/bx/n/8 Identifier
 []


Underfull \hbox (badness 10000) in paragraph at lines 354--354
\OT1/cmr/bx/n/8 hy-poth-e-sis
 []


Underfull \hbox (badness 5681) in paragraph at lines 355--355
[]|\OT1/cmr/m/n/8 DB00393 (Ni-
 []


Underfull \hbox (badness 5622) in paragraph at lines 355--355
[]|\OT1/cmr/m/n/8 C08 (Cal-cium
 []


Underfull \hbox (badness 1558) in paragraph at lines 355--355
\OT1/cmr/m/n/8 chan-nel block-
 []


Underfull \hbox (badness 10000) in paragraph at lines 355--355
[]|\OT1/cmr/m/n/8 DB00379
 []


Underfull \hbox (badness 10000) in paragraph at lines 357--357
[]|\OT1/cmr/m/n/8 DB01115
 []


Underfull \hbox (badness 10000) in paragraph at lines 357--357
[]|\OT1/cmr/m/n/8 DB01429
 []


Underfull \hbox (badness 10000) in paragraph at lines 358--358
[]|\OT1/cmr/m/n/8 DB00527
 []


Underfull \hbox (badness 10000) in paragraph at lines 358--362
[]|\OT1/cmr/m/n/8 S01 (Oph-thal-mo-log-i-
 []


Overfull \hbox (19.72078pt too wide) in paragraph at lines 352--364
[][] 
 []

<./Figures/fig4-17.pdf, id=3084, 397.485pt x 216.81pt>
File: ./Figures/fig4-17.pdf Graphic file (type pdf)
<use ./Figures/fig4-17.pdf>
Package pdftex.def Info: ./Figures/fig4-17.pdf used on input line 372.
(pdftex.def)             Requested size: 397.48402pt x 216.80946pt.

Underfull \vbox (badness 10000) has occurred while \output is active []

[163]
Underfull \hbox (badness 10000) in paragraph at lines 387--387
[]|\OT1/cmr/bx/n/8 ATC code
 []


Underfull \hbox (badness 10000) in paragraph at lines 387--387
\OT1/cmr/bx/n/8 ref-er-ence
 []


Underfull \hbox (badness 10000) in paragraph at lines 387--387
[]|\OT1/cmr/bx/n/8 Identifier
 []


Underfull \hbox (badness 10000) in paragraph at lines 387--387
\OT1/cmr/bx/n/8 hy-poth-e-sis
 []


Underfull \hbox (badness 10000) in paragraph at lines 388--388
[]|\OT1/cmr/m/n/8 C07 (Beta
 []


Underfull \hbox (badness 10000) in paragraph at lines 388--388
[]|\OT1/cmr/m/n/8 S01 (Oph-thal-mo-log-i-
 []


Underfull \hbox (badness 10000) in paragraph at lines 389--389
[]|\OT1/cmr/m/n/8 DB01214
 []


Underfull \hbox (badness 4954) in paragraph at lines 390--390
[]|\OT1/cmr/m/n/8 DB00489 (So-
 []


Underfull \hbox (badness 10000) in paragraph at lines 390--390
[]|\OT1/cmr/m/n/8 DB01118
 []


Overfull \hbox (2.06201pt too wide) in paragraph at lines 391--391
[]|\OT1/cmr/m/n/8 Bronchodilators
 []


Underfull \hbox (badness 4132) in paragraph at lines 391--391
[]|\OT1/cmr/m/n/8 R03 (Drugs for ob-
 []


Underfull \hbox (badness 4291) in paragraph at lines 391--391
\OT1/cmr/m/n/8 struc-tive air-way dis-
 []


Underfull \hbox (badness 10000) in paragraph at lines 392--392
[]|\OT1/cmr/m/n/8 DB00841
 []


Underfull \hbox (badness 10000) in paragraph at lines 393--393
[]|\OT1/cmr/m/n/8 DB01102
 []


Underfull \hbox (badness 10000) in paragraph at lines 394--394
[]|\OT1/cmr/m/n/8 DB01288
 []


Underfull \hbox (badness 1596) in paragraph at lines 394--395
[]|\OT1/cmr/m/n/8 G02 (Other gy-nae-co-
 []


Underfull \hbox (badness 3460) in paragraph at lines 394--395
\OT1/cmr/m/n/8 log-i-cals) R03 (Drugs
 []


Overfull \hbox (19.72078pt too wide) in paragraph at lines 385--397
[][] 
 []

[164 <./Figures/fig4-17.pdf>] <./Figures/fig4-18.pdf, id=3107, 397.485pt x 462.
52798pt>
File: ./Figures/fig4-18.pdf Graphic file (type pdf)
<use ./Figures/fig4-18.pdf>
Package pdftex.def Info: ./Figures/fig4-18.pdf used on input line 405.
(pdftex.def)             Requested size: 397.48402pt x 462.52684pt.

Underfull \vbox (badness 10000) has occurred while \output is active []

[165] [166 <./Figures/fig4-18.pdf>]
Underfull \hbox (badness 3271) in paragraph at lines 421--421
[]|\OT1/cmr/m/n/10.95 Nasal De-con-ges-tants (vaso-
 []

[167]
Underfull \hbox (badness 10000) in paragraph at lines 442--442
[]|\OT1/cmr/bx/n/8 ATC code
 []


Underfull \hbox (badness 10000) in paragraph at lines 442--442
\OT1/cmr/bx/n/8 ref-er-ence
 []


Underfull \hbox (badness 10000) in paragraph at lines 442--442
[]|\OT1/cmr/bx/n/8 Identifier
 []


Underfull \hbox (badness 10000) in paragraph at lines 442--442
\OT1/cmr/bx/n/8 hy-poth-e-sis
 []


Underfull \hbox (badness 10000) in paragraph at lines 443--443
[]|\OT1/cmr/m/n/8 DB00421
 []


Underfull \hbox (badness 10000) in paragraph at lines 443--443
\OT1/cmr/m/n/8 (Spirono-lac-
 []


Underfull \hbox (badness 5681) in paragraph at lines 443--443
[]|\OT1/cmr/m/n/8 DB00665 (Ni-
 []


Underfull \hbox (badness 6842) in paragraph at lines 445--445
[]|\OT1/cmr/m/n/8 DB01128 (Bi-
 []


Underfull \hbox (badness 10000) in paragraph at lines 446--446
[]|\OT1/cmr/m/n/8 DB04839
 []


Underfull \hbox (badness 10000) in paragraph at lines 446--446
[]|\OT1/cmr/m/n/8 G03 (Sex hor-mones
 []


Overfull \hbox (19.72078pt too wide) in paragraph at lines 440--448
[][] 
 []

<./Figures/fig4-19.pdf, id=3147, 397.485pt x 180.675pt>
File: ./Figures/fig4-19.pdf Graphic file (type pdf)
<use ./Figures/fig4-19.pdf>
Package pdftex.def Info: ./Figures/fig4-19.pdf used on input line 456.
(pdftex.def)             Requested size: 397.48402pt x 180.67455pt.

Underfull \vbox (badness 10000) has occurred while \output is active []

[168] <./Figures/fig4-21.pdf, id=3159, 397.485pt x 289.08pt>
File: ./Figures/fig4-21.pdf Graphic file (type pdf)
<use ./Figures/fig4-21.pdf>
Package pdftex.def Info: ./Figures/fig4-21.pdf used on input line 466.
(pdftex.def)             Requested size: 397.48402pt x 289.07928pt.

Underfull \vbox (badness 10000) has occurred while \output is active []

[169 <./Figures/fig4-19.pdf>] [170 <./Figures/fig4-21.pdf>]
Underfull \vbox (badness 2027) has occurred while \output is active []

[171]
Overfull \hbox (26.4145pt too wide) in paragraph at lines 488--489
\OT1/cmr/m/it/12 pro-cess agent \OT1/cmr/m/n/12 (FTC[]A0032341) and \OT1/cmr/m/
it/12 Anti-aldosterone se-cre-tion agent \OT1/cmr/m/n/12 (FTC[]A0035932),
 []


Underfull \hbox (badness 10000) in paragraph at lines 499--499
[]|\OT1/cmr/bx/n/8 ATC code
 []


Underfull \hbox (badness 10000) in paragraph at lines 499--499
\OT1/cmr/bx/n/8 ref-er-ence
 []


Underfull \hbox (badness 10000) in paragraph at lines 499--499
[]|\OT1/cmr/bx/n/8 Identifier
 []


Underfull \hbox (badness 10000) in paragraph at lines 499--499
\OT1/cmr/bx/n/8 hy-poth-e-sis
 []


Underfull \hbox (badness 10000) in paragraph at lines 500--500
[]|\OT1/cmr/m/n/8 Drugs used
 []


Underfull \hbox (badness 10000) in paragraph at lines 500--500
\OT1/cmr/m/n/8 as pe-riph-eral
 []


Underfull \hbox (badness 10000) in paragraph at lines 500--500
\OT1/cmr/m/n/8 va-sodila-tors,
 []


Underfull \hbox (badness 10000) in paragraph at lines 500--500
[]|\OT1/cmr/m/n/8 C04 (Pe-riph-
 []


Underfull \hbox (badness 10000) in paragraph at lines 500--500
\OT1/cmr/m/n/8 eral va-sodila-
 []


Underfull \hbox (badness 2302) in paragraph at lines 500--500
[]|\OT1/cmr/m/n/8 DB06148 (Mi-
 []


Underfull \hbox (badness 3514) in paragraph at lines 500--500
[]|\OT1/cmr/m/n/8 N06 Psy-choanalep-tics
 []


Underfull \hbox (badness 1721) in paragraph at lines 500--500
[]|\OT1/cmr/m/n/8 Known to pro-duce a range
 []


Underfull \hbox (badness 2302) in paragraph at lines 503--503
[]|\OT1/cmr/m/n/8 DB01149 (Ne-
 []


Underfull \hbox (badness 2717) in paragraph at lines 504--504
[]|\OT1/cmr/m/n/8 DB01624 (Zu-
 []


Underfull \hbox (badness 10000) in paragraph at lines 504--504
[]|\OT1/cmr/m/n/8 N05 Psy-c-holep-tics
 []


Underfull \hbox (badness 10000) in paragraph at lines 505--505
[]|\OT1/cmr/m/n/8 DB01608
 []


Underfull \hbox (badness 10000) in paragraph at lines 505--505
\OT1/cmr/m/n/8 (Properi-ci-
 []


Underfull \hbox (badness 10000) in paragraph at lines 506--506
[]|\OT1/cmr/m/n/8 DB00800
 []


Overfull \hbox (19.72078pt too wide) in paragraph at lines 497--508
[][] 
 []

[172] <./Figures/fig4-22.pdf, id=3205, 397.485pt x 361.35pt>
File: ./Figures/fig4-22.pdf Graphic file (type pdf)
<use ./Figures/fig4-22.pdf>
Package pdftex.def Info: ./Figures/fig4-22.pdf used on input line 516.
(pdftex.def)             Requested size: 397.48402pt x 361.34912pt.

Underfull \vbox (badness 10000) has occurred while \output is active []

[173] [174 <./Figures/fig4-22.pdf>] [175]
Overfull \hbox (7.79071pt too wide) in paragraph at lines 534--535
\OT1/cmr/m/it/12 biosynthetic-process agent \OT1/cmr/m/n/12 (FTC[]A0042983), \O
T1/cmr/m/it/12 Anti-Tau pro-tein kinase-activity agent
 []


Underfull \hbox (badness 10000) in paragraph at lines 541--541
[]|\OT1/cmr/bx/n/8 (A) Anti-beta-
 []


Underfull \hbox (badness 10000) in paragraph at lines 541--541
[]|\OT1/cmr/bx/n/8 (B) Pro-beta-
 []


Underfull \hbox (badness 10000) in paragraph at lines 541--541
[]|\OT1/cmr/bx/n/8 (C) Anti-tau
 []


Underfull \hbox (badness 2662) in paragraph at lines 541--541
\OT1/cmr/bx/n/8 pro-tein bind-ing
 []


Underfull \hbox (badness 10000) in paragraph at lines 541--541
[]|\OT1/cmr/bx/n/8 (D) Anti-tau
 []


Underfull \hbox (badness 10000) in paragraph at lines 541--541
\OT1/cmr/bx/n/8 pro-tein ki-nase
 []


Underfull \hbox (badness 10000) in paragraph at lines 541--541
[]|\OT1/cmr/bx/n/8 (E) Anti-
 []


Underfull \hbox (badness 10000) in paragraph at lines 541--541
\OT1/cmr/bx/n/8 amyloid pre-
 []


Underfull \hbox (badness 10000) in paragraph at lines 541--541
\OT1/cmr/bx/n/8 cur-sor pro-tein
 []


Underfull \hbox (badness 10000) in paragraph at lines 541--541
\OT1/cmr/bx/n/8 biosyn-thetic
 []


Overfull \hbox (3.2428pt too wide) in paragraph at lines 578--578
[]|\OT1/cmr/m/n/8 Mehylphenobarbital| 
 []


Overfull \hbox (5.4944pt too wide) in paragraph at lines 539--583
[][] 
 []

[176] [177] [178]
Underfull \vbox (badness 10000) has occurred while \output is active []

[179]
Overfull \hbox (2.21703pt too wide) in paragraph at lines 617--618
[]\OT1/cmr/m/n/12 MACCS fin-ger-print: gen-er-ates 166 bit MACCS keys ([]Dalke-
Scientific[], []2014[]).
 []

Missing character: There is no â in font cmti12!
Missing character: There is no ˆ in font cmti12!
Missing character: There is no ’ in font cmti12!
Missing character: There is no â in font cmti12!
Missing character: There is no ˆ in font cmti12!
Missing character: There is no ’ in font cmti12!
[180]
Overfull \hbox (8.14758pt too wide) in paragraph at lines 633--634
\OT1/cmr/m/n/12 un-der []$\OT1/cmtt/m/n/12 https : / / www . ebi . ac . uk / ch
embl / research / ftc-[]hypotheses$[]\OT1/cmr/m/n/12 . The project
 []


Underfull \vbox (badness 10000) has occurred while \output is active []

[181] <./Figures/fig4-23.pdf, id=3319, 397.485pt x 252.945pt>
File: ./Figures/fig4-23.pdf Graphic file (type pdf)
<use ./Figures/fig4-23.pdf>
Package pdftex.def Info: ./Figures/fig4-23.pdf used on input line 637.
(pdftex.def)             Requested size: 397.48402pt x 252.94438pt.

Underfull \vbox (badness 10000) has occurred while \output is active []

[182 <./Figures/fig4-23.pdf>]) (./15Chapter5.tex [183] [184

]
Chapter 5.

Underfull \vbox (badness 10000) has occurred while \output is active []

[185] <./Figures/fig5-1.pdf, id=3355, 397.485pt x 252.945pt>
File: ./Figures/fig5-1.pdf Graphic file (type pdf)
<use ./Figures/fig5-1.pdf>
Package pdftex.def Info: ./Figures/fig5-1.pdf used on input line 11.
(pdftex.def)             Requested size: 397.48402pt x 252.94438pt.
[186] [187 <./Figures/fig5-1.pdf>]
Missing character: There is no â in font cmr12!
Missing character: There is no € in font cmr12!
Missing character: There is no ™ in font cmr12!
Missing character: There is no â in font cmr12!
Missing character: There is no € in font cmr12!
Missing character: There is no ™ in font cmr12!
[188]
Underfull \vbox (badness 10000) has occurred while \output is active []

[189]) (./thesis.bbl [190]
Missing character: There is no â in font cmr12!
Missing character: There is no € in font cmr12!
Missing character: There is no ™ in font cmr12!
[191

]
Missing character: There is no â in font cmr12!
Missing character: There is no € in font cmr12!
Missing character: There is no ™ in font cmr12!
[192]
Missing character: There is no â in font cmr12!
Missing character: There is no € in font cmr12!
Missing character: There is no œ in font cmr12!
Missing character: There is no â in font cmr12!
Missing character: There is no € in font cmr12!
Missing character: There is no  in font cmr12!
Missing character: There is no â in font cmr12!
Missing character: There is no € in font cmr12!
Missing character: There is no ” in font cmr12!
[193]
Underfull \hbox (badness 2326) in paragraph at lines 225--229
[]\OT1/cmr/m/n/12 ESC13 (Jan-uary 2014).  High dose statins pre-vent de-men-tia
.  []$\OT1/cmtt/m/n/12 http :
 []


Underfull \hbox (badness 10000) in paragraph at lines 225--229
\OT1/cmtt/m/n/12 / / www . escardio . org / about / press / press-[]releases / 
esc13-[]amsterdam /
 []


Underfull \hbox (badness 10000) in paragraph at lines 238--242
\OT1/cmtt/m/n/12 AboutFDA / CentersOffices / OfficeofMedicalProductsandTobacco 
/ CDER /
 []

[194]
Underfull \hbox (badness 1297) in paragraph at lines 311--314
[]\OT1/cmr/m/n/12 GO (Jan-uary 2014).  Go re-la-tions.  []$\OT1/cmtt/m/n/12 htt
p : / / www . geneontology . org / GO .
 []

[195] [196]
Underfull \hbox (badness 1308) in paragraph at lines 399--404
[]\OT1/cmr/m/n/12 Hoehndorf, R., Du-mon-tier, M., Oell-rich, A., Wimalaratne, S
., Rebholz-
 []

[197] [198]
Missing character: There is no â in font cmr12!
Missing character: There is no € in font cmr12!
Missing character: There is no ˜ in font cmr12!
Missing character: There is no â in font cmr12!
Missing character: There is no € in font cmr12!
Missing character: There is no ™ in font cmr12!
[199] [200]
Missing character: There is no â in font cmr12!
Missing character: There is no € in font cmr12!
Missing character: There is no ™ in font cmr12!
Missing character: There is no â in font cmr12!
Missing character: There is no € in font cmr12!
Missing character: There is no ™ in font cmr12!
[201]
Missing character: There is no â in font cmr12!
Missing character: There is no € in font cmr12!
Missing character: There is no œ in font cmr12!
Missing character: There is no â in font cmr12!
Missing character: There is no € in font cmr12!
Missing character: There is no  in font cmr12!
[202]
Underfull \hbox (badness 3668) in paragraph at lines 761--765
[]\OT1/cmr/m/n/12 New-York-Times-Archives (March 1998).  U.s. ap-proves sale of
 im-po-
 []


Underfull \hbox (badness 1888) in paragraph at lines 761--765
\OT1/cmr/m/n/12 tence pill; huge mar-ket seen.  []$\OT1/cmtt/m/n/12 http : / / 
www . nytimes . com / 1998 / 03 / 28 /
 []


Underfull \hbox (badness 10000) in paragraph at lines 761--765
\OT1/cmtt/m/n/12 us / us-[]approves-[]sale-[]of-[]impotence-[]pill-[]huge-[]mar
ket-[]seen . html ?
 []

[203] [204]
Missing character: There is no â in font cmr12!
Missing character: There is no € in font cmr12!
Missing character: There is no ” in font cmr12!
[205] [206] [207] [208]) (./21Appendix.tex [209] [210

]
Appendix A.
[211] [212]
Appendix B.
[213

] [214

]
Appendix C.

Overfull \hbox (3.90572pt too wide) in paragraph at lines 45--46
\OT1/cmr/m/n/12 Amanda Clare, $[]$, Christoph Grab-mueller, Senay Kafkas, Maria

 []


Overfull \hbox (42.17734pt too wide) in paragraph at lines 46--47
\OT1/cmr/m/n/12 Document: []$\OT1/cmtt/m/n/12 http : / / kr-[]med . org / icbof
ois2012 / proceedings / ICBOFOIS2012ECS /
 []

[215]
Overfull \hbox (11.30232pt too wide) in paragraph at lines 48--49
\OT1/cmr/m/n/12 Document: []$\OT1/cmtt/m/n/12 http : / / www . onto-[]med . de 
/ obml / ws2012 / obml2012report . pdf #
 []

Missing character: There is no Ã in font cmr12!
Missing character: There is no ¼ in font cmr12!

Overfull \hbox (4.82378pt too wide) in paragraph at lines 51--52
[]$\OT1/cmr/m/n/12 , Christoph Grabm-ller, Sil-ves-tras Kavali-auskas,
 []


Overfull \hbox (16.9289pt too wide) in paragraph at lines 51--52
\OT1/cmr/m/n/12 Document (not freely ac-ces-si-ble): []$\OT1/cmtt/m/n/12 http :
 / / www . sciencedirect . com / science /
 []

[216]
Overfull \hbox (16.97733pt too wide) in paragraph at lines 52--53
\OT1/cmr/m/n/12 Document: []$\OT1/cmtt/m/n/12 http : / / bioinformatics . oxfor
djournals . org / content / early /
 []


Overfull \hbox (1.66269pt too wide) in paragraph at lines 53--54
[]$\OT1/cmr/m/n/12 , Janna Hast-ings, Is-abel Segura-Bedmar, Samuel Croset,
 []


Overfull \hbox (6.12732pt too wide) in paragraph at lines 53--54
\OT1/cmr/m/n/12 Document: []$\OT1/cmtt/m/n/12 http : / / ceur-[]ws . org / Vol-
[]1114 / Session3 _ Herrero-[]Zazo . pdf$[] 
 []

[217] [218

]
Appendix D.
[219] [220

]
Appendix E.

Overfull \hbox (25.06657pt too wide) in paragraph at lines 74--75
[]\OT1/cmr/bx/n/12 Knowledge ma-nip-u-la-tion us-ing OWL and rea-son-ers for dr
ug-discovery\OT1/cmr/m/n/12 :
 []


Overfull \hbox (16.0749pt too wide) in paragraph at lines 80--81
[]\OT1/cmr/bx/n/12 Reviewer\OT1/cmr/m/n/12 : Database (Ox-ford Jour-nals - []$\
OT1/cmtt/m/n/12 http : / / database . oxfordjournals .
 []

[221]) (./22Index.tex [222] (./thesis.ind))
Package atveryend Info: Empty hook `BeforeClearDocument' on input line 48.
Package atveryend Info: Empty hook `AfterLastShipout' on input line 48.
(./thesis.aux)
Package atveryend Info: Executing hook `AtVeryEndDocument' on input line 48.
Package atveryend Info: Executing hook `AtEndAfterFileList' on input line 48.
Package rerunfilecheck Info: File `thesis.out' has not changed.
(rerunfilecheck)             Checksum: 524F812B392B2D06D5E5A84BB741B35C;10863.
Package atveryend Info: Empty hook `AtVeryVeryEnd' on input line 48.
 ) 
Here is how much of TeX's memory you used:
 10184 strings out of 495031
 157708 string characters out of 6181531
 286126 words of memory out of 5000000
 12515 multiletter control sequences out of 15000+600000
 15152 words of font info for 57 fonts, out of 8000000 for 9000
 14 hyphenation exceptions out of 8191
 38i,9n,41p,2953b,808s stack positions out of 5000i,500n,10000p,200000b,80000s
</usr/share/texlive/texmf-dist/fonts/type1/public/amsfonts/cm/cmbx10.pfb></us
r/share/texlive/texmf-dist/fonts/type1/public/amsfonts/cm/cmbx12.pfb></usr/shar
e/texlive/texmf-dist/fonts/type1/public/amsfonts/cm/cmbx8.pfb></usr/share/texli
ve/texmf-dist/fonts/type1/public/amsfonts/cm/cmcsc10.pfb></usr/share/texlive/te
xmf-dist/fonts/type1/public/amsfonts/cm/cmmi10.pfb></usr/share/texlive/texmf-di
st/fonts/type1/public/amsfonts/cm/cmmi12.pfb></usr/share/texlive/texmf-dist/fon
ts/type1/public/amsfonts/cm/cmr10.pfb></usr/share/texlive/texmf-dist/fonts/type
1/public/amsfonts/cm/cmr12.pfb></usr/share/texlive/texmf-dist/fonts/type1/publi
c/amsfonts/cm/cmr8.pfb></usr/share/texlive/texmf-dist/fonts/type1/public/amsfon
ts/cm/cmsy10.pfb></usr/share/texlive/texmf-dist/fonts/type1/public/amsfonts/cm/
cmti10.pfb></usr/share/texlive/texmf-dist/fonts/type1/public/amsfonts/cm/cmti12
.pfb></usr/share/texlive/texmf-dist/fonts/type1/public/amsfonts/cm/cmtt10.pfb><
/usr/share/texlive/texmf-dist/fonts/type1/public/amsfonts/cm/cmtt12.pfb>
Output written on thesis.pdf (222 pages, 5334010 bytes).
PDF statistics:
 3833 PDF objects out of 4296 (max. 8388607)
 3263 compressed objects within 33 object streams
 629 named destinations out of 1000 (max. 500000)
 1377 words of extra memory for PDF output out of 10000 (max. 10000000)

