This is pdfTeX, Version 3.1415926-2.4-1.40.13 (TeX Live 2012/Debian) (format=pdflatex 2013.10.8)  19 JAN 2014 18:45
entering extended mode
 restricted \write18 enabled.
 file:line:error style messages enabled.
 %&-line parsing enabled.
**thesis
(./thesis.tex
LaTeX2e <2011/06/27>
Babel <v3.8m> and hyphenation patterns for english, dumylang, nohyphenation, lo
aded.
(./cam-thesis.cls
Document Class: cam-thesis 2012/04/12 University of Cambridge thesis class

***********************************************
***********************************************

(/usr/share/texlive/texmf-dist/tex/latex/base/report.cls
Document Class: report 2007/10/19 v1.4h Standard LaTeX document class
(/usr/share/texlive/texmf-dist/tex/latex/base/size12.clo
File: size12.clo 2007/10/19 v1.4h Standard LaTeX file (size option)
)
\c@part=\count79
\c@chapter=\count80
\c@section=\count81
\c@subsection=\count82
\c@subsubsection=\count83
\c@paragraph=\count84
\c@subparagraph=\count85
\c@figure=\count86
\c@table=\count87
\abovecaptionskip=\skip41
\belowcaptionskip=\skip42
\bibindent=\dimen102
) (/usr/share/texlive/texmf-dist/tex/latex/graphics/graphicx.sty
Package: graphicx 1999/02/16 v1.0f Enhanced LaTeX Graphics (DPC,SPQR)
(/usr/share/texlive/texmf-dist/tex/latex/graphics/keyval.sty
Package: keyval 1999/03/16 v1.13 key=value parser (DPC)
\KV@toks@=\toks14
) (/usr/share/texlive/texmf-dist/tex/latex/graphics/graphics.sty
Package: graphics 2009/02/05 v1.0o Standard LaTeX Graphics (DPC,SPQR)
(/usr/share/texlive/texmf-dist/tex/latex/graphics/trig.sty
Package: trig 1999/03/16 v1.09 sin cos tan (DPC)
) (/usr/share/texlive/texmf-dist/tex/latex/latexconfig/graphics.cfg
File: graphics.cfg 2010/04/23 v1.9 graphics configuration of TeX Live
)
Package graphics Info: Driver file: pdftex.def on input line 91.
(/usr/share/texlive/texmf-dist/tex/latex/pdftex-def/pdftex.def
File: pdftex.def 2011/05/27 v0.06d Graphics/color for pdfTeX
(/usr/share/texlive/texmf-dist/tex/generic/oberdiek/infwarerr.sty
Package: infwarerr 2010/04/08 v1.3 Providing info/warning/error messages (HO)
) (/usr/share/texlive/texmf-dist/tex/generic/oberdiek/ltxcmds.sty
Package: ltxcmds 2011/11/09 v1.22 LaTeX kernel commands for general use (HO)
)
\Gread@gobject=\count88
))
\Gin@req@height=\dimen103
\Gin@req@width=\dimen104
) (/usr/share/texlive/texmf-dist/tex/latex/tools/calc.sty
Package: calc 2007/08/22 v4.3 Infix arithmetic (KKT,FJ)
\calc@Acount=\count89
\calc@Bcount=\count90
\calc@Adimen=\dimen105
\calc@Bdimen=\dimen106
\calc@Askip=\skip43
\calc@Bskip=\skip44
LaTeX Info: Redefining \setlength on input line 76.
LaTeX Info: Redefining \addtolength on input line 77.
\calc@Ccount=\count91
\calc@Cskip=\skip45
) (/usr/share/texlive/texmf-dist/tex/latex/setspace/setspace.sty
Package: setspace 2011/12/19 v6.7a set line spacing
) (/usr/share/texlive/texmf-dist/tex/latex/oberdiek/pdflscape.sty
Package: pdflscape 2008/08/11 v0.10 Display of landscape pages in PDF (HO)
(/usr/share/texlive/texmf-dist/tex/latex/graphics/lscape.sty
Package: lscape 2000/10/22 v3.01 Landscape Pages (DPC)
) (/usr/share/texlive/texmf-dist/tex/generic/oberdiek/ifpdf.sty
Package: ifpdf 2011/01/30 v2.3 Provides the ifpdf switch (HO)
Package ifpdf Info: pdfTeX in PDF mode is detected.
)
Package pdflscape Info: Auto-detected driver: pdftex on input line 80.
(/usr/share/texlive/texmf-dist/tex/generic/ifxetex/ifxetex.sty
Package: ifxetex 2010/09/12 v0.6 Provides ifxetex conditional
)) (/usr/share/texlive/texmf-dist/tex/latex/tools/afterpage.sty
Package: afterpage 1995/10/27 v1.08 After-Page Package (DPC)
\AP@output=\toks15
\AP@partial=\box26
\AP@footins=\box27
) (/usr/share/texlive/texmf-dist/tex/latex/hyperref/hyperref.sty
Package: hyperref 2012/05/13 v6.82q Hypertext links for LaTeX
(/usr/share/texlive/texmf-dist/tex/generic/oberdiek/hobsub-hyperref.sty
Package: hobsub-hyperref 2012/05/28 v1.13 Bundle oberdiek, subset hyperref (HO)

(/usr/share/texlive/texmf-dist/tex/generic/oberdiek/hobsub-generic.sty
Package: hobsub-generic 2012/05/28 v1.13 Bundle oberdiek, subset generic (HO)
Package: hobsub 2012/05/28 v1.13 Construct package bundles (HO)
Package hobsub Info: Skipping package `infwarerr' (already loaded).
Package hobsub Info: Skipping package `ltxcmds' (already loaded).
Package: ifluatex 2010/03/01 v1.3 Provides the ifluatex switch (HO)
Package ifluatex Info: LuaTeX not detected.
Package: ifvtex 2010/03/01 v1.5 Detect VTeX and its facilities (HO)
Package ifvtex Info: VTeX not detected.
Package: intcalc 2007/09/27 v1.1 Expandable calculations with integers (HO)
Package hobsub Info: Skipping package `ifpdf' (already loaded).
Package: etexcmds 2011/02/16 v1.5 Avoid name clashes with e-TeX commands (HO)
Package etexcmds Info: Could not find \expanded.
(etexcmds)             That can mean that you are not using pdfTeX 1.50 or
(etexcmds)             that some package has redefined \expanded.
(etexcmds)             In the latter case, load this package earlier.
Package: kvsetkeys 2012/04/25 v1.16 Key value parser (HO)
Package: kvdefinekeys 2011/04/07 v1.3 Define keys (HO)
Package: pdftexcmds 2011/11/29 v0.20 Utility functions of pdfTeX for LuaTeX (HO
)
Package pdftexcmds Info: LuaTeX not detected.
Package pdftexcmds Info: \pdf@primitive is available.
Package pdftexcmds Info: \pdf@ifprimitive is available.
Package pdftexcmds Info: \pdfdraftmode found.
Package: pdfescape 2011/11/25 v1.13 Implements pdfTeX's escape features (HO)
Package: bigintcalc 2012/04/08 v1.3 Expandable calculations on big integers (HO
)
Package: bitset 2011/01/30 v1.1 Handle bit-vector datatype (HO)
Package: uniquecounter 2011/01/30 v1.2 Provide unlimited unique counter (HO)
)
Package hobsub Info: Skipping package `hobsub' (already loaded).
Package: letltxmacro 2010/09/02 v1.4 Let assignment for LaTeX macros (HO)
Package: hopatch 2012/05/28 v1.2 Wrapper for package hooks (HO)
Package: xcolor-patch 2011/01/30 xcolor patch
Package: atveryend 2011/06/30 v1.8 Hooks at the very end of document (HO)
Package atveryend Info: \AP@enddocument detected (standard20110627).
Package: atbegshi 2011/10/05 v1.16 At begin shipout hook (HO)
Package: refcount 2011/10/16 v3.4 Data extraction from label references (HO)
Package: hycolor 2011/01/30 v1.7 Color options for hyperref/bookmark (HO)
) (/usr/share/texlive/texmf-dist/tex/latex/oberdiek/kvoptions.sty
Package: kvoptions 2011/06/30 v3.11 Key value format for package options (HO)
)
\@linkdim=\dimen107
\Hy@linkcounter=\count92
\Hy@pagecounter=\count93
(/usr/share/texlive/texmf-dist/tex/latex/hyperref/pd1enc.def
File: pd1enc.def 2012/05/13 v6.82q Hyperref: PDFDocEncoding definition (HO)
)
\Hy@SavedSpaceFactor=\count94
(/usr/share/texlive/texmf-dist/tex/latex/latexconfig/hyperref.cfg
File: hyperref.cfg 2002/06/06 v1.2 hyperref configuration of TeXLive
)
Package hyperref Info: Option `pdffitwindow' set `true' on input line 3941.
Package hyperref Info: Option `pdfpagelabels' set `true' on input line 3941.
Package hyperref Info: Option `colorlinks' set `false' on input line 3941.
Package hyperref Info: Option `pdfusetitle' set `true' on input line 3941.
Package hyperref Info: Hyper figures OFF on input line 4062.
Package hyperref Info: Link nesting OFF on input line 4067.
Package hyperref Info: Hyper index ON on input line 4070.
Package hyperref Info: Plain pages OFF on input line 4077.
Package hyperref Info: Backreferencing OFF on input line 4082.
Package hyperref Info: Implicit mode ON; LaTeX internals redefined.
Package hyperref Info: Bookmarks ON on input line 4300.
\c@Hy@tempcnt=\count95
(/usr/share/texlive/texmf-dist/tex/latex/url/url.sty
\Urlmuskip=\muskip10
Package: url 2006/04/12  ver 3.3  Verb mode for urls, etc.
)
LaTeX Info: Redefining \url on input line 4653.
\Fld@menulength=\count96
\Field@Width=\dimen108
\Fld@charsize=\dimen109
Package hyperref Info: Hyper figures OFF on input line 5773.
Package hyperref Info: Link nesting OFF on input line 5778.
Package hyperref Info: Hyper index ON on input line 5781.
Package hyperref Info: backreferencing OFF on input line 5788.
Package hyperref Info: Link coloring OFF on input line 5793.
Package hyperref Info: Link coloring with OCG OFF on input line 5798.
Package hyperref Info: PDF/A mode OFF on input line 5803.
LaTeX Info: Redefining \ref on input line 5843.
LaTeX Info: Redefining \pageref on input line 5847.
\Hy@abspage=\count97
\c@Item=\count98
\c@Hfootnote=\count99
)

Package hyperref Message: Driver (autodetected): hpdftex.

(/usr/share/texlive/texmf-dist/tex/latex/hyperref/hpdftex.def
File: hpdftex.def 2012/05/13 v6.82q Hyperref driver for pdfTeX
\Fld@listcount=\count100
\c@bookmark@seq@number=\count101
(/usr/share/texlive/texmf-dist/tex/latex/oberdiek/rerunfilecheck.sty
Package: rerunfilecheck 2011/04/15 v1.7 Rerun checks for auxiliary files (HO)
Package uniquecounter Info: New unique counter `rerunfilecheck' on input line 2
82.
)
\Hy@SectionHShift=\skip46
) (/usr/share/texlive/texmf-dist/tex/latex/oberdiek/hypcap.sty
Package: hypcap 2011/02/16 v1.11 Adjusting the anchors of captions (HO)
) (/usr/share/texlive/texmf-dist/tex/latex/base/makeidx.sty
Package: makeidx 2000/03/29 v1.0m Standard LaTeX package
)
\@indexfile=\write3
\openout3 = `thesis.idx'.

Writing index file thesis.idx
\cam@topmargin=\skip47
\cam@bottommargin=\skip48
) (./01Preamble.tex (/usr/share/texlive/texmf-dist/tex/latex/amsmath/amsmath.st
y
Package: amsmath 2000/07/18 v2.13 AMS math features
\@mathmargin=\skip49
For additional information on amsmath, use the `?' option.
(/usr/share/texlive/texmf-dist/tex/latex/amsmath/amstext.sty
Package: amstext 2000/06/29 v2.01
(/usr/share/texlive/texmf-dist/tex/latex/amsmath/amsgen.sty
File: amsgen.sty 1999/11/30 v2.0
\@emptytoks=\toks16
\ex@=\dimen110
)) (/usr/share/texlive/texmf-dist/tex/latex/amsmath/amsbsy.sty
Package: amsbsy 1999/11/29 v1.2d
\pmbraise@=\dimen111
) (/usr/share/texlive/texmf-dist/tex/latex/amsmath/amsopn.sty
Package: amsopn 1999/12/14 v2.01 operator names
)
\inf@bad=\count102
LaTeX Info: Redefining \frac on input line 211.
\uproot@=\count103
\leftroot@=\count104
LaTeX Info: Redefining \overline on input line 307.
\classnum@=\count105
\DOTSCASE@=\count106
LaTeX Info: Redefining \ldots on input line 379.
LaTeX Info: Redefining \dots on input line 382.
LaTeX Info: Redefining \cdots on input line 467.
\Mathstrutbox@=\box28
\strutbox@=\box29
\big@size=\dimen112
LaTeX Font Info:    Redeclaring font encoding OML on input line 567.
LaTeX Font Info:    Redeclaring font encoding OMS on input line 568.
\macc@depth=\count107
\c@MaxMatrixCols=\count108
\dotsspace@=\muskip11
\c@parentequation=\count109
\dspbrk@lvl=\count110
\tag@help=\toks17
\row@=\count111
\column@=\count112
\maxfields@=\count113
\andhelp@=\toks18
\eqnshift@=\dimen113
\alignsep@=\dimen114
\tagshift@=\dimen115
\tagwidth@=\dimen116
\totwidth@=\dimen117
\lineht@=\dimen118
\@envbody=\toks19
\multlinegap=\skip50
\multlinetaggap=\skip51
\mathdisplay@stack=\toks20
LaTeX Info: Redefining \[ on input line 2666.
LaTeX Info: Redefining \] on input line 2667.
) (/usr/share/texlive/texmf-dist/tex/latex/amsfonts/amssymb.sty
Package: amssymb 2009/06/22 v3.00
(/usr/share/texlive/texmf-dist/tex/latex/amsfonts/amsfonts.sty
Package: amsfonts 2009/06/22 v3.00 Basic AMSFonts support
\symAMSa=\mathgroup4
\symAMSb=\mathgroup5
LaTeX Font Info:    Overwriting math alphabet `\mathfrak' in version `bold'
(Font)                  U/euf/m/n --> U/euf/b/n on input line 96.
)) (/usr/share/texlive/texmf-dist/tex/latex/tools/xspace.sty
Package: xspace 2009/10/20 v1.13 Space after command names (DPC,MH)
) (/usr/share/texlive/texmf-dist/tex/latex/hvindex/hvindex.sty
Package: hvindex 2009/10/24\ 0.03\ Index macros (hv)
`hvindex' v0.03, 2009/10/24 (hv)) (/usr/share/texlive/texmf-dist/tex/latex/titl
esec/titlesec.sty
Package: titlesec 2011/12/15 v2.10.0 Sectioning titles
\ttl@box=\box30
\beforetitleunit=\skip52
\aftertitleunit=\skip53
\ttl@plus=\dimen119
\ttl@minus=\dimen120
\ttl@toksa=\toks21
\titlewidth=\dimen121
\titlewidthlast=\dimen122
\titlewidthfirst=\dimen123
) (/usr/share/texlive/texmf-dist/tex/latex/natbib/natbib.sty
Package: natbib 2010/09/13 8.31b (PWD, AO)
\bibhang=\skip54
\bibsep=\skip55
LaTeX Info: Redefining \cite on input line 694.
\c@NAT@ctr=\count114
) (/usr/share/texlive/texmf-dist/tex/latex/amscls/amsthm.sty
Package: amsthm 2009/07/02 v2.20.1
\thm@style=\toks22
\thm@bodyfont=\toks23
\thm@headfont=\toks24
\thm@notefont=\toks25
\thm@headpunct=\toks26
\thm@preskip=\skip56
\thm@postskip=\skip57
\thm@headsep=\skip58
\dth@everypar=\toks27
)
\c@definition=\count115
\c@example=\count116
(/usr/share/texlive/texmf-dist/tex/latex/caption/caption.sty
Package: caption 2012/02/19 v3.2f Customizing captions (AR)
(/usr/share/texlive/texmf-dist/tex/latex/caption/caption3.sty
Package: caption3 2012/01/12 v1.4b caption3 kernel (AR)
\captionmargin=\dimen124
\captionmargin@=\dimen125
\captionwidth=\dimen126
\caption@indent=\dimen127
\caption@parindent=\dimen128
\caption@hangindent=\dimen129
)
\c@ContinuedFloat=\count117
Package caption Info: hyperref package is loaded.
Package caption Info: hypcap package is loaded.
) (/usr/share/texlive/texmf-dist/tex/latex/subfig/subfig.sty
Package: subfig 2005/06/28 ver: 1.3 subfig package
\c@KVtest=\count118
\sf@farskip=\skip59
\sf@captopadj=\dimen130
\sf@capskip=\skip60
\sf@nearskip=\skip61
\c@subfigure=\count119
\c@subfigure@save=\count120
\c@lofdepth=\count121
\c@subtable=\count122
\c@subtable@save=\count123
\c@lotdepth=\count124
\sf@top=\skip62
\sf@bottom=\skip63
)) (./02ThesisInfo.tex) (./03Abstract.tex) (./04Acknowledgments.tex) (./thesis.
aux)
\openout1 = `thesis.aux'.

LaTeX Font Info:    Checking defaults for OML/cmm/m/it on input line 16.
LaTeX Font Info:    ... okay on input line 16.
LaTeX Font Info:    Checking defaults for T1/cmr/m/n on input line 16.
LaTeX Font Info:    ... okay on input line 16.
LaTeX Font Info:    Checking defaults for OT1/cmr/m/n on input line 16.
LaTeX Font Info:    ... okay on input line 16.
LaTeX Font Info:    Checking defaults for OMS/cmsy/m/n on input line 16.
LaTeX Font Info:    ... okay on input line 16.
LaTeX Font Info:    Checking defaults for OMX/cmex/m/n on input line 16.
LaTeX Font Info:    ... okay on input line 16.
LaTeX Font Info:    Checking defaults for U/cmr/m/n on input line 16.
LaTeX Font Info:    ... okay on input line 16.
LaTeX Font Info:    Checking defaults for PD1/pdf/m/n on input line 16.
LaTeX Font Info:    ... okay on input line 16.
(/usr/share/texlive/texmf-dist/tex/context/base/supp-pdf.mkii
[Loading MPS to PDF converter (version 2006.09.02).]
\scratchcounter=\count125
\scratchdimen=\dimen131
\scratchbox=\box31
\nofMPsegments=\count126
\nofMParguments=\count127
\everyMPshowfont=\toks28
\MPscratchCnt=\count128
\MPscratchDim=\dimen132
\MPnumerator=\count129
\makeMPintoPDFobject=\count130
\everyMPtoPDFconversion=\toks29
) (/usr/share/texlive/texmf-dist/tex/latex/oberdiek/epstopdf-base.sty
Package: epstopdf-base 2010/02/09 v2.5 Base part for package epstopdf
(/usr/share/texlive/texmf-dist/tex/latex/oberdiek/grfext.sty
Package: grfext 2010/08/19 v1.1 Manage graphics extensions (HO)
)
Package grfext Info: Graphics extension search list:
(grfext)             [.png,.pdf,.jpg,.mps,.jpeg,.jbig2,.jb2,.PNG,.PDF,.JPG,.JPE
G,.JBIG2,.JB2,.eps]
(grfext)             \AppendGraphicsExtensions on input line 452.
(/usr/share/texlive/texmf-dist/tex/latex/latexconfig/epstopdf-sys.cfg
File: epstopdf-sys.cfg 2010/07/13 v1.3 Configuration of (r)epstopdf for TeX Liv
e
))
\AtBeginShipoutBox=\box32
Package hyperref Info: Link coloring OFF on input line 16.
(/usr/share/texlive/texmf-dist/tex/latex/hyperref/nameref.sty
Package: nameref 2010/04/30 v2.40 Cross-referencing by name of section
(/usr/share/texlive/texmf-dist/tex/generic/oberdiek/gettitlestring.sty
Package: gettitlestring 2010/12/03 v1.4 Cleanup title references (HO)
)
\c@section@level=\count131
)
LaTeX Info: Redefining \ref on input line 16.
LaTeX Info: Redefining \pageref on input line 16.
LaTeX Info: Redefining \nameref on input line 16.
(./thesis.out) (./thesis.out)
\@outlinefile=\write4
\openout4 = `thesis.out'.

Package caption Info: Begin \AtBeginDocument code.
Package caption Info: subfig package v1.3 is loaded.
Package caption Info: End \AtBeginDocument code.
\cam@logo=\box33
<CUni.pdf, id=144, 330.23375pt x 69.25874pt>
File: CUni.pdf Graphic file (type pdf)
<use CUni.pdf>
Package pdftex.def Info: CUni.pdf used on input line 18.
(pdftex.def)             Requested size: 207.70511pt x 43.56242pt.
\cam@title=\box34
LaTeX Font Info:    Try loading font information for U+msa on input line 18.
(/usr/share/texlive/texmf-dist/tex/latex/amsfonts/umsa.fd
File: umsa.fd 2009/06/22 v3.00 AMS symbols A
)
LaTeX Font Info:    Try loading font information for U+msb on input line 18.
(/usr/share/texlive/texmf-dist/tex/latex/amsfonts/umsb.fd
File: umsb.fd 2009/06/22 v3.00 AMS symbols B
)
\cam@collegeshieldbox=\box35
<CollegeShields/Darwin.pdf, id=145, 146.7081pt x 173.448pt>
File: CollegeShields/Darwin.pdf Graphic file (type pdf)
<use CollegeShields/Darwin.pdf>
Package pdftex.def Info: CollegeShields/Darwin.pdf used on input line 18.
(pdftex.def)             Requested size: 48.13174pt x 56.9055pt.
\cam@authorcollege=\box36
\cam@submitnotice=\box37
\cam@titlepagevspace=\skip64
[1

{/var/lib/texmf/fonts/map/pdftex/updmap/pdftex.map} <./CUni.pdf> <./CollegeShie
lds/Darwin.pdf>] [2

] [3] [4

]
LaTeX Font Info:    Try loading font information for OMS+cmr on input line 18.
(/usr/share/texlive/texmf-dist/tex/latex/base/omscmr.fd
File: omscmr.fd 1999/05/25 v2.5h Standard LaTeX font definitions
)
LaTeX Font Info:    Font shape `OMS/cmr/m/n' in size <12> not available
(Font)              Font shape `OMS/cmsy/m/n' tried instead on input line 18.
[5] [6

] [7] [8

] (./thesis.toc
Overfull \hbox (12.1585pt too wide) in paragraph at lines 22--22
 [][] [][]\OT1/cmr/m/n/12 Chapter 2 - De-scrip-tion log-ics and biomed-i-cal kn
owl- 
 []

[9])
\tf@toc=\write5
\openout5 = `thesis.toc'.

[10] (./11Chapter1.tex
Chapter 1.
Missing character: There is no ‚ in font cmbx12!
Missing character: There is no Ä in font cmbx12!
Missing character: There is no ô in font cmbx12!
[11


] [12] [13] <./Figures/fig1-1.pdf, id=287, 397.485pt x 252.945pt>
File: ./Figures/fig1-1.pdf Graphic file (type pdf)
<use ./Figures/fig1-1.pdf>
Package pdftex.def Info: ./Figures/fig1-1.pdf used on input line 38.
(pdftex.def)             Requested size: 397.48402pt x 252.94438pt.
<./Figures/fig1-2.pdf, id=291, 397.485pt x 252.945pt>
File: ./Figures/fig1-2.pdf Graphic file (type pdf)
<use ./Figures/fig1-2.pdf>
Package pdftex.def Info: ./Figures/fig1-2.pdf used on input line 47.
(pdftex.def)             Requested size: 397.48402pt x 252.94438pt.
[14 <./Figures/fig1-1.pdf>] [15 <./Figures/fig1-2.pdf>] [16] [17] <./Figures/fi
g1-3.pdf, id=362, 397.485pt x 252.945pt>
File: ./Figures/fig1-3.pdf Graphic file (type pdf)
<use ./Figures/fig1-3.pdf>
Package pdftex.def Info: ./Figures/fig1-3.pdf used on input line 82.
(pdftex.def)             Requested size: 397.48402pt x 252.94438pt.
Missing character: There is no ‚ in font cmr12!
Missing character: There is no Ä in font cmr12!
Missing character: There is no ô in font cmr12!

Underfull \vbox (badness 1412) has occurred while \output is active []

[18]
Missing character: There is no ‚ in font cmr12!
Missing character: There is no Ä in font cmr12!
Missing character: There is no ô in font cmr12!
[19 <./Figures/fig1-3.pdf>] [20]
Overfull \hbox (19.20074pt too wide) in paragraph at lines 97--97
 |[]\OT1/cmr/bx/n/17.28 Computational ap-proaches to-wards drug repo-
 []

[21] <./Figures/fig1-4.pdf, id=435, 397.485pt x 252.945pt>
File: ./Figures/fig1-4.pdf Graphic file (type pdf)
<use ./Figures/fig1-4.pdf>
Package pdftex.def Info: ./Figures/fig1-4.pdf used on input line 106.
(pdftex.def)             Requested size: 397.48402pt x 252.94438pt.
[22 <./Figures/fig1-4.pdf>] <./Figures/fig1-5.pdf, id=464, 397.485pt x 180.675p
t>
File: ./Figures/fig1-5.pdf Graphic file (type pdf)
<use ./Figures/fig1-5.pdf>
Package pdftex.def Info: ./Figures/fig1-5.pdf used on input line 121.
(pdftex.def)             Requested size: 397.48402pt x 180.67455pt.
[23]
Underfull \vbox (badness 10000) has occurred while \output is active []

[24 <./Figures/fig1-5.pdf>] <./Figures/fig1-6.pdf, id=501, 397.485pt x 252.945p
t>
File: ./Figures/fig1-6.pdf Graphic file (type pdf)
<use ./Figures/fig1-6.pdf>
Package pdftex.def Info: ./Figures/fig1-6.pdf used on input line 135.
(pdftex.def)             Requested size: 397.48402pt x 252.94438pt.
[25]
Underfull \vbox (badness 1430) has occurred while \output is active []

[26 <./Figures/fig1-6.pdf>] [27]
Missing character: There is no ‚ in font cmr12!
Missing character: There is no Ä in font cmr12!
Missing character: There is no ô in font cmr12!
<./Figures/fig1-7.pdf, id=557, 397.485pt x 209.58301pt>
File: ./Figures/fig1-7.pdf Graphic file (type pdf)
<use ./Figures/fig1-7.pdf>
Package pdftex.def Info: ./Figures/fig1-7.pdf used on input line 162.
(pdftex.def)             Requested size: 397.48402pt x 209.58249pt.
Missing character: There is no ‚ in font cmr12!
Missing character: There is no Ä in font cmr12!
Missing character: There is no ú in font cmr12!
Missing character: There is no ‚ in font cmr12!
Missing character: There is no Ä in font cmr12!
Missing character: There is no ù in font cmr12!
Missing character: There is no ‚ in font cmr12!
Missing character: There is no Ä in font cmr12!
Missing character: There is no ô in font cmr12!
[28]
Missing character: There is no ‚ in font cmr12!
Missing character: There is no Ä in font cmr12!
Missing character: There is no ú in font cmr12!
Missing character: There is no ‚ in font cmr12!
Missing character: There is no Ä in font cmr12!
Missing character: There is no ù in font cmr12!
Missing character: There is no ‚ in font cmr12!
Missing character: There is no Ä in font cmr12!
Missing character: There is no ô in font cmr12!

Underfull \vbox (badness 1783) has occurred while \output is active []

[29 <./Figures/fig1-7.pdf>] [30] <./Figures/fig1-8.pdf, id=615, 397.485pt x 144
.54pt>
File: ./Figures/fig1-8.pdf Graphic file (type pdf)
<use ./Figures/fig1-8.pdf>
Package pdftex.def Info: ./Figures/fig1-8.pdf used on input line 183.
(pdftex.def)             Requested size: 397.48402pt x 144.53963pt.
Missing character: There is no ‚ in font cmr12!
Missing character: There is no Ä in font cmr12!
Missing character: There is no ô in font cmr12!
[31 <./Figures/fig1-8.pdf>] [32]
Missing character: There is no ‚ in font cmr12!
Missing character: There is no Ä in font cmr12!
Missing character: There is no ô in font cmr12!

Overfull \hbox (3.41823pt too wide) in paragraph at lines 196--197
\OT1/cmr/m/n/12 tional Hu-man Genome Re-search In-sti-tute (http://www.genome.g
ov/gwastudies/).
 []

[33] <./Figures/fig1-9.pdf, id=680, 397.485pt x 252.945pt>
File: ./Figures/fig1-9.pdf Graphic file (type pdf)
<use ./Figures/fig1-9.pdf>
Package pdftex.def Info: ./Figures/fig1-9.pdf used on input line 200.
(pdftex.def)             Requested size: 397.48402pt x 252.94438pt.
[34 <./Figures/fig1-9.pdf>]
Missing character: There is no ‚ in font cmr12!
Missing character: There is no Ä in font cmr12!
Missing character: There is no ú in font cmr12!
Missing character: There is no ‚ in font cmr12!
Missing character: There is no Ä in font cmr12!
Missing character: There is no ù in font cmr12!
<./Figures/fig1-10.pdf, id=700, 397.485pt x 216.81pt>
File: ./Figures/fig1-10.pdf Graphic file (type pdf)
<use ./Figures/fig1-10.pdf>
Package pdftex.def Info: ./Figures/fig1-10.pdf used on input line 213.
(pdftex.def)             Requested size: 397.48402pt x 216.80946pt.
Missing character: There is no ‚ in font cmr10!
Missing character: There is no Ä in font cmr10!
Missing character: There is no ú in font cmr10!
Missing character: There is no ‚ in font cmr10!
Missing character: There is no Ä in font cmr10!
Missing character: There is no ù in font cmr10!
Missing character: There is no ‚ in font cmr10!
Missing character: There is no Ä in font cmr10!
Missing character: There is no ú in font cmr10!
Missing character: There is no ‚ in font cmr10!
Missing character: There is no Ä in font cmr10!
Missing character: There is no ù in font cmr10!
Missing character: There is no ‚ in font cmr12!
Missing character: There is no Ä in font cmr12!
Missing character: There is no ô in font cmr12!
[35 <./Figures/fig1-10.pdf>]
Overfull \hbox (22.88115pt too wide) in paragraph at lines 223--223
 |[]\OT1/cmr/bx/n/14.4 Machine learn-ing and con-cepts com-bi-na-tion ap-proach
es| 
 []


Underfull \vbox (badness 10000) has occurred while \output is active []

[36] <./Figures/fig1-11.pdf, id=737, 397.485pt x 202.356pt>
File: ./Figures/fig1-11.pdf Graphic file (type pdf)
<use ./Figures/fig1-11.pdf>
Package pdftex.def Info: ./Figures/fig1-11.pdf used on input line 229.
(pdftex.def)             Requested size: 397.48402pt x 202.3555pt.
Missing character: There is no ‚ in font cmr10!
Missing character: There is no Ä in font cmr10!
Missing character: There is no ¶ in font cmr10!
Missing character: There is no ‚ in font cmr10!
Missing character: There is no Ä in font cmr10!
Missing character: There is no ¶ in font cmr10!
[37 <./Figures/fig1-11.pdf>] [38]
Missing character: There is no ‚ in font cmr12!
Missing character: There is no Ä in font cmr12!
Missing character: There is no ú in font cmr12!
Missing character: There is no ‚ in font cmr12!
Missing character: There is no Ä in font cmr12!
Missing character: There is no ù in font cmr12!
[39]
Underfull \hbox (badness 10000) in paragraph at lines 290--290
[]\OT1/cmr/m/n/8 Biomedical
 []


Underfull \hbox (badness 7221) in paragraph at lines 290--290
[]\OT1/cmr/m/n/8 Technical pit-
 []


Underfull \hbox (badness 10000) in paragraph at lines 290--290
[]\OT1/cmr/m/n/8 Chemical
 []


Underfull \hbox (badness 10000) in paragraph at lines 290--290
[]\OT1/cmr/m/n/8 Off-target iden-ti-fi-ca-tion -
 []


Underfull \hbox (badness 10000) in paragraph at lines 290--290
\OT1/cmr/m/n/8 struc-tures with un-known
 []


Underfull \hbox (badness 4595) in paragraph at lines 290--290
\OT1/cmr/m/n/8 able to en-code and
 []


Underfull \hbox (badness 10000) in paragraph at lines 290--290
\OT1/cmr/m/n/8 search for chem-i-cal
 []


Underfull \hbox (badness 7814) in paragraph at lines 290--290
\OT1/cmr/m/n/8 - Large num-ber of
 []


Underfull \hbox (badness 1237) in paragraph at lines 290--290
\OT1/cmr/m/n/8 dergo chem-i-cal mod-i-fi-ca-tions
 []


Underfull \hbox (badness 10000) in paragraph at lines 290--290
[]\OT1/cmr/m/n/8 Chemical
 []


Underfull \hbox (badness 10000) in paragraph at lines 290--290
\OT1/cmr/m/n/8 struc-tures
 []


Underfull \hbox (badness 10000) in paragraph at lines 290--290
\OT1/cmr/m/n/8 in-for-ma-tion
 []


Underfull \hbox (badness 10000) in paragraph at lines 290--290
\OT1/cmr/m/n/8 in databases
 []


Underfull \hbox (badness 10000) in paragraph at lines 290--290
\OT1/cmr/m/n/8 is some-times
 []


Underfull \hbox (badness 10000) in paragraph at lines 290--290
[]\OT1/cmr/m/n/8 Gene ex-pres-
 []


Underfull \hbox (badness 10000) in paragraph at lines 290--290
\OT1/cmr/m/n/8 expressed (sig-na-ture)
 []


Underfull \hbox (badness 2680) in paragraph at lines 290--290
\OT1/cmr/m/n/8 is pos-si-ble to de-fine
 []


Underfull \hbox (badness 10000) in paragraph at lines 290--290
\OT1/cmr/m/n/8 states (Con-nec-tiv-ity
 []


Underfull \hbox (badness 2635) in paragraph at lines 290--290
\OT1/cmr/m/n/8 pre-vi-ous knowl-edge re-quired
 []


Underfull \hbox (badness 1077) in paragraph at lines 290--290
\OT1/cmr/m/n/8 avail-able and ex-tend-
 []


Underfull \hbox (badness 10000) in paragraph at lines 290--290
[]\OT1/cmr/m/n/8 Selection of
 []


Underfull \hbox (badness 10000) in paragraph at lines 290--290
\OT1/cmr/m/n/8 the rep-re-sen-
 []


Underfull \hbox (badness 10000) in paragraph at lines 290--290
\OT1/cmr/m/n/8 chal-leng-ing -
 []


Underfull \hbox (badness 10000) in paragraph at lines 290--290
\OT1/cmr/m/n/8 Con-nec-tiv-ity
 []


Underfull \hbox (badness 10000) in paragraph at lines 290--290
\OT1/cmr/m/n/8 recorded on
 []


Underfull \hbox (badness 10000) in paragraph at lines 290--290
\OT1/cmr/m/n/8 can-cer cell,
 []


Underfull \hbox (badness 10000) in paragraph at lines 290--290
\OT1/cmr/m/n/8 all types of
 []


Underfull \hbox (badness 3260) in paragraph at lines 290--290
\OT1/cmr/m/n/8 dis-eases or it
 []


Underfull \hbox (badness 7576) in paragraph at lines 290--290
\OT1/cmr/m/n/8 can bias the
 []


Underfull \hbox (badness 1406) in paragraph at lines 290--290
[]\OT1/cmr/m/n/8 f. ioro - 21849665-
 []


Underfull \hbox (badness 10000) in paragraph at lines 290--290
[]\OT1/cmr/m/n/8 Computational mod-
 []


Underfull \hbox (badness 10000) in paragraph at lines 290--290
[]\OT1/cmr/m/n/8 Off-target iden-ti-fi-ca-tion -
 []


Underfull \hbox (badness 7116) in paragraph at lines 290--290
\OT1/cmr/m/n/8 Straigt-for-ward in-ter-pre-ta-tion
 []


Underfull \hbox (badness 1005) in paragraph at lines 290--290
\OT1/cmr/m/n/8 dy-nam-ics - High num-ber of
 []


Underfull \hbox (badness 10000) in paragraph at lines 290--290
[]\OT1/cmr/m/n/8 Structural
 []


Underfull \hbox (badness 10000) in paragraph at lines 290--290
\OT1/cmr/m/n/8 databases are
 []


Underfull \hbox (badness 10000) in paragraph at lines 290--290
\OT1/cmr/m/n/8 not com-plete,
 []

Missing character: There is no ‚ in font cmr8!
Missing character: There is no Ä in font cmr8!
Missing character: There is no é in font cmr8!

Overfull \hbox (56.9696pt too wide) in paragraph at lines 290--290
 [][] 
 []

[40


]
Underfull \hbox (badness 10000) in paragraph at lines 290--290
[]\OT1/cmr/m/n/8 Biomedical
 []


Underfull \hbox (badness 10000) in paragraph at lines 290--290
\OT1/cmr/m/n/8 in-for-ma-tion al-ready
 []


Underfull \hbox (badness 10000) in paragraph at lines 290--290
[]\OT1/cmr/m/n/8 19571805 -
 []


Underfull \hbox (badness 10000) in paragraph at lines 290--290
\OT1/cmr/m/n/8 19194489 -
 []


Underfull \hbox (badness 10000) in paragraph at lines 290--290
\OT1/cmr/m/n/8 learning al-go-rithm
 []


Underfull \hbox (badness 1642) in paragraph at lines 290--290
\OT1/cmr/m/n/8 from a se-ries of de-
 []


Underfull \hbox (badness 1635) in paragraph at lines 290--290
\OT1/cmr/m/n/8 men-sions, pro-vid-ing a more
 []


Underfull \hbox (badness 10000) in paragraph at lines 290--290
[]\OT1/cmr/m/n/8 Numerous machine-
 []


Underfull \hbox (badness 10000) in paragraph at lines 290--290
\OT1/cmr/m/n/8 learning pro-gram
 []


Underfull \hbox (badness 10000) in paragraph at lines 290--290
\OT1/cmr/m/n/8 and method-olo-gies
 []


Underfull \hbox (badness 1014) in paragraph at lines 290--290
\OT1/cmr/m/n/8 cult (black box ap-proach) -
 []


Underfull \hbox (badness 10000) in paragraph at lines 290--290
[]\OT1/cmr/m/n/8 21654673 -
 []


Underfull \hbox (badness 10000) in paragraph at lines 290--290
[]\OT1/cmr/m/n/8 Formal rep-re-sen-ta-
 []


Underfull \hbox (badness 3849) in paragraph at lines 290--290
[]\OT1/cmr/m/n/8 Systemic char-ac-ter-i-sa-tion of
 []


Underfull \hbox (badness 4995) in paragraph at lines 290--290
[]\OT1/cmr/m/n/8 Predictions can have weak
 []


Overfull \hbox (56.9696pt too wide) in paragraph at lines 290--290
 [][] 
 []

[41




] <./Figures/fig1-13.pdf, id=793, 397.485pt x 252.945pt>
File: ./Figures/fig1-13.pdf Graphic file (type pdf)
<use ./Figures/fig1-13.pdf>
Package pdftex.def Info: ./Figures/fig1-13.pdf used on input line 293.
(pdftex.def)             Requested size: 397.48402pt x 252.94438pt.

Overfull \hbox (16.5268pt too wide) in paragraph at lines 299--299
 |[]\OT1/cmr/bx/n/17.28 Thesis: Bi-o-log-i-cal pro-cess and molec-u-lar func-
 []

[42


 <./Figures/fig1-13.pdf>]
Missing character: There is no ‚ in font cmr12!
Missing character: There is no Ä in font cmr12!
Missing character: There is no ú in font cmr12!
Missing character: There is no ‚ in font cmr12!
Missing character: There is no Ä in font cmr12!
Missing character: There is no ù in font cmr12!
Missing character: There is no ‚ in font cmr12!
Missing character: There is no Ä in font cmr12!
Missing character: There is no ú in font cmr12!
Missing character: There is no ‚ in font cmr12!
Missing character: There is no Ä in font cmr12!
Missing character: There is no ù in font cmr12!
Missing character: There is no ‚ in font cmr12!
Missing character: There is no Ä in font cmr12!
Missing character: There is no ú in font cmr12!
Missing character: There is no ‚ in font cmr12!
Missing character: There is no Ä in font cmr12!
Missing character: There is no ù in font cmr12!
Missing character: There is no ‚ in font cmr12!
Missing character: There is no Ä in font cmr12!
Missing character: There is no ú in font cmr12!
Missing character: There is no ‚ in font cmr12!
Missing character: There is no Ä in font cmr12!
Missing character: There is no ù in font cmr12!
<./Figures/fig1-12.pdf, id=813, 397.485pt x 252.945pt>
File: ./Figures/fig1-12.pdf Graphic file (type pdf)
<use ./Figures/fig1-12.pdf>
Package pdftex.def Info: ./Figures/fig1-12.pdf used on input line 315.
(pdftex.def)             Requested size: 397.48402pt x 252.94438pt.
[43]
Underfull \vbox (badness 10000) has occurred while \output is active []

[44 <./Figures/fig1-12.pdf>]
Missing character: There is no ‚ in font cmr12!
Missing character: There is no Ä in font cmr12!
Missing character: There is no ô in font cmr12!
[45]
Overfull \hbox (5.73087pt too wide) in paragraph at lines 332--332
 |[]\OT1/cmr/bx/n/12 Chapter 2 - De-scrip-tion log-ics and biomed-i-cal knowl-e
dge (Spec-
 []

Missing character: There is no ‚ in font cmr12!
Missing character: There is no Ä in font cmr12!
Missing character: There is no ô in font cmr12!
Missing character: There is no ‚ in font cmr12!
Missing character: There is no Ä in font cmr12!
Missing character: There is no ô in font cmr12!
Missing character: There is no ‚ in font cmr12!
Missing character: There is no Ä in font cmr12!
Missing character: There is no ô in font cmr12!
[46]) (./12Chapter2.tex [47] [48

]
Chapter 2.
Missing character: There is no ‚ in font cmr12!
Missing character: There is no Ä in font cmr12!
Missing character: There is no ú in font cmr12!
Missing character: There is no ‚ in font cmr12!
Missing character: There is no Ä in font cmr12!
Missing character: There is no ù in font cmr12!
Missing character: There is no ‚ in font cmr12!
Missing character: There is no Ä in font cmr12!
Missing character: There is no ú in font cmr12!
Missing character: There is no ‚ in font cmr12!
Missing character: There is no Ä in font cmr12!
Missing character: There is no ù in font cmr12!

Underfull \vbox (badness 10000) has occurred while \output is active []

[49] [50] [51] [52] [53]
Underfull \vbox (badness 10000) has occurred while \output is active []

[54]) [55] (./thesis.bbl [56] [57

]
Underfull \hbox (badness 10000) in paragraph at lines 88--92
\OT1/cmtt/m/n/12 AboutFDA / CentersOffices / OfficeofMedicalProductsandTobacco 
/ CDER /
 []

[58] [59] [60]
Underfull \hbox (badness 3668) in paragraph at lines 289--293
[]\OT1/cmr/m/n/12 New-York-Times-Archives (March 1998).  U.s. ap-proves sale of
 im-po-
 []


Underfull \hbox (badness 1888) in paragraph at lines 289--293
\OT1/cmr/m/n/12 tence pill; huge mar-ket seen.  []$\OT1/cmtt/m/n/12 http : / / 
www . nytimes . com / 1998 / 03 / 28 /
 []


Underfull \hbox (badness 10000) in paragraph at lines 289--293
\OT1/cmtt/m/n/12 us / us-[]approves-[]sale-[]of-[]impotence-[]pill-[]huge-[]mar
ket-[]seen . html ?
 []

[61] [62]) (./21Appendix.tex [63] [64

]
Appendix A.
) (./22Index.tex [65] [66

] (./thesis.ind))
Package atveryend Info: Empty hook `BeforeClearDocument' on input line 39.
Package atveryend Info: Empty hook `AfterLastShipout' on input line 39.
(./thesis.aux)
Package atveryend Info: Executing hook `AtVeryEndDocument' on input line 39.
Package atveryend Info: Executing hook `AtEndAfterFileList' on input line 39.
Package rerunfilecheck Info: File `thesis.out' has not changed.
(rerunfilecheck)             Checksum: 57E0E85F29133EF1816EAAC4E7F5AF9C;3273.
Package atveryend Info: Empty hook `AtVeryVeryEnd' on input line 39.
 ) 
Here is how much of TeX's memory you used:
 8528 strings out of 495059
 127758 string characters out of 3182030
 224789 words of memory out of 3000000
 11360 multiletter control sequences out of 15000+200000
 13081 words of font info for 49 fonts, out of 3000000 for 9000
 14 hyphenation exceptions out of 8191
 38i,8n,39p,2791b,534s stack positions out of 5000i,500n,10000p,200000b,50000s
</usr/share/texlive/texmf-dist/fonts/type1/public/amsfonts/cm/cmbx10.pfb></us
r/share/texlive/texmf-dist/fonts/type1/public/amsfonts/cm/cmbx12.pfb></usr/shar
e/texlive/texmf-dist/fonts/type1/public/amsfonts/cm/cmcsc10.pfb></usr/share/tex
live/texmf-dist/fonts/type1/public/amsfonts/cm/cmr10.pfb></usr/share/texlive/te
xmf-dist/fonts/type1/public/amsfonts/cm/cmr12.pfb></usr/share/texlive/texmf-dis
t/fonts/type1/public/amsfonts/cm/cmr8.pfb></usr/share/texlive/texmf-dist/fonts/
type1/public/amsfonts/cm/cmsy10.pfb></usr/share/texlive/texmf-dist/fonts/type1/
public/amsfonts/cm/cmti12.pfb></usr/share/texlive/texmf-dist/fonts/type1/public
/amsfonts/cm/cmtt12.pfb>
Output written on thesis.pdf (66 pages, 765732 bytes).
PDF statistics:
 1034 PDF objects out of 1200 (max. 8388607)
 887 compressed objects within 9 object streams
 188 named destinations out of 1000 (max. 500000)
 356 words of extra memory for PDF output out of 10000 (max. 10000000)

