This is pdfTeX, Version 3.1415926-2.4-1.40.13 (TeX Live 2012/Debian) (format=pdflatex 2013.10.8)  19 JAN 2014 18:03
entering extended mode
 restricted \write18 enabled.
 file:line:error style messages enabled.
 %&-line parsing enabled.
**thesis.tex
(./thesis.tex
LaTeX2e <2011/06/27>
Babel <v3.8m> and hyphenation patterns for english, dumylang, nohyphenation, lo
aded.
(./cam-thesis.cls
Document Class: cam-thesis 2012/04/12 University of Cambridge thesis class

***********************************************
***********************************************

(/usr/share/texlive/texmf-dist/tex/latex/base/report.cls
Document Class: report 2007/10/19 v1.4h Standard LaTeX document class
(/usr/share/texlive/texmf-dist/tex/latex/base/size12.clo
File: size12.clo 2007/10/19 v1.4h Standard LaTeX file (size option)
)
\c@part=\count79
\c@chapter=\count80
\c@section=\count81
\c@subsection=\count82
\c@subsubsection=\count83
\c@paragraph=\count84
\c@subparagraph=\count85
\c@figure=\count86
\c@table=\count87
\abovecaptionskip=\skip41
\belowcaptionskip=\skip42
\bibindent=\dimen102
) (/usr/share/texlive/texmf-dist/tex/latex/graphics/graphicx.sty
Package: graphicx 1999/02/16 v1.0f Enhanced LaTeX Graphics (DPC,SPQR)
(/usr/share/texlive/texmf-dist/tex/latex/graphics/keyval.sty
Package: keyval 1999/03/16 v1.13 key=value parser (DPC)
\KV@toks@=\toks14
) (/usr/share/texlive/texmf-dist/tex/latex/graphics/graphics.sty
Package: graphics 2009/02/05 v1.0o Standard LaTeX Graphics (DPC,SPQR)
(/usr/share/texlive/texmf-dist/tex/latex/graphics/trig.sty
Package: trig 1999/03/16 v1.09 sin cos tan (DPC)
) (/usr/share/texlive/texmf-dist/tex/latex/latexconfig/graphics.cfg
File: graphics.cfg 2010/04/23 v1.9 graphics configuration of TeX Live
)
Package graphics Info: Driver file: pdftex.def on input line 91.
(/usr/share/texlive/texmf-dist/tex/latex/pdftex-def/pdftex.def
File: pdftex.def 2011/05/27 v0.06d Graphics/color for pdfTeX
(/usr/share/texlive/texmf-dist/tex/generic/oberdiek/infwarerr.sty
Package: infwarerr 2010/04/08 v1.3 Providing info/warning/error messages (HO)
) (/usr/share/texlive/texmf-dist/tex/generic/oberdiek/ltxcmds.sty
Package: ltxcmds 2011/11/09 v1.22 LaTeX kernel commands for general use (HO)
)
\Gread@gobject=\count88
))
\Gin@req@height=\dimen103
\Gin@req@width=\dimen104
) (/usr/share/texlive/texmf-dist/tex/latex/tools/calc.sty
Package: calc 2007/08/22 v4.3 Infix arithmetic (KKT,FJ)
\calc@Acount=\count89
\calc@Bcount=\count90
\calc@Adimen=\dimen105
\calc@Bdimen=\dimen106
\calc@Askip=\skip43
\calc@Bskip=\skip44
LaTeX Info: Redefining \setlength on input line 76.
LaTeX Info: Redefining \addtolength on input line 77.
\calc@Ccount=\count91
\calc@Cskip=\skip45
) (/usr/share/texlive/texmf-dist/tex/latex/setspace/setspace.sty
Package: setspace 2011/12/19 v6.7a set line spacing
) (/usr/share/texlive/texmf-dist/tex/latex/rotating/rotating.sty
Package: rotating 2009/03/28 v2.16a rotated objects in LaTeX
(/usr/share/texlive/texmf-dist/tex/latex/base/ifthen.sty
Package: ifthen 2001/05/26 v1.1c Standard LaTeX ifthen package (DPC)
)
\c@r@tfl@t=\count92
\rotFPtop=\skip46
\rotFPbot=\skip47
\rot@float@box=\box26
\rot@mess@toks=\toks15
) (/usr/share/texlive/texmf-dist/tex/latex/hyperref/hyperref.sty
Package: hyperref 2012/05/13 v6.82q Hypertext links for LaTeX
(/usr/share/texlive/texmf-dist/tex/generic/oberdiek/hobsub-hyperref.sty
Package: hobsub-hyperref 2012/05/28 v1.13 Bundle oberdiek, subset hyperref (HO)

(/usr/share/texlive/texmf-dist/tex/generic/oberdiek/hobsub-generic.sty
Package: hobsub-generic 2012/05/28 v1.13 Bundle oberdiek, subset generic (HO)
Package: hobsub 2012/05/28 v1.13 Construct package bundles (HO)
Package hobsub Info: Skipping package `infwarerr' (already loaded).
Package hobsub Info: Skipping package `ltxcmds' (already loaded).
Package: ifluatex 2010/03/01 v1.3 Provides the ifluatex switch (HO)
Package ifluatex Info: LuaTeX not detected.
Package: ifvtex 2010/03/01 v1.5 Detect VTeX and its facilities (HO)
Package ifvtex Info: VTeX not detected.
Package: intcalc 2007/09/27 v1.1 Expandable calculations with integers (HO)
Package: ifpdf 2011/01/30 v2.3 Provides the ifpdf switch (HO)
Package ifpdf Info: pdfTeX in PDF mode is detected.
Package: etexcmds 2011/02/16 v1.5 Avoid name clashes with e-TeX commands (HO)
Package etexcmds Info: Could not find \expanded.
(etexcmds)             That can mean that you are not using pdfTeX 1.50 or
(etexcmds)             that some package has redefined \expanded.
(etexcmds)             In the latter case, load this package earlier.
Package: kvsetkeys 2012/04/25 v1.16 Key value parser (HO)
Package: kvdefinekeys 2011/04/07 v1.3 Define keys (HO)
Package: pdftexcmds 2011/11/29 v0.20 Utility functions of pdfTeX for LuaTeX (HO
)
Package pdftexcmds Info: LuaTeX not detected.
Package pdftexcmds Info: \pdf@primitive is available.
Package pdftexcmds Info: \pdf@ifprimitive is available.
Package pdftexcmds Info: \pdfdraftmode found.
Package: pdfescape 2011/11/25 v1.13 Implements pdfTeX's escape features (HO)
Package: bigintcalc 2012/04/08 v1.3 Expandable calculations on big integers (HO
)
Package: bitset 2011/01/30 v1.1 Handle bit-vector datatype (HO)
Package: uniquecounter 2011/01/30 v1.2 Provide unlimited unique counter (HO)
)
Package hobsub Info: Skipping package `hobsub' (already loaded).
Package: letltxmacro 2010/09/02 v1.4 Let assignment for LaTeX macros (HO)
Package: hopatch 2012/05/28 v1.2 Wrapper for package hooks (HO)
Package: xcolor-patch 2011/01/30 xcolor patch
Package: atveryend 2011/06/30 v1.8 Hooks at the very end of document (HO)
Package atveryend Info: \enddocument detected (standard20110627).
Package: atbegshi 2011/10/05 v1.16 At begin shipout hook (HO)
Package: refcount 2011/10/16 v3.4 Data extraction from label references (HO)
Package: hycolor 2011/01/30 v1.7 Color options for hyperref/bookmark (HO)
) (/usr/share/texlive/texmf-dist/tex/generic/ifxetex/ifxetex.sty
Package: ifxetex 2010/09/12 v0.6 Provides ifxetex conditional
) (/usr/share/texlive/texmf-dist/tex/latex/oberdiek/kvoptions.sty
Package: kvoptions 2011/06/30 v3.11 Key value format for package options (HO)
)
\@linkdim=\dimen107
\Hy@linkcounter=\count93
\Hy@pagecounter=\count94
(/usr/share/texlive/texmf-dist/tex/latex/hyperref/pd1enc.def
File: pd1enc.def 2012/05/13 v6.82q Hyperref: PDFDocEncoding definition (HO)
)
\Hy@SavedSpaceFactor=\count95
(/usr/share/texlive/texmf-dist/tex/latex/latexconfig/hyperref.cfg
File: hyperref.cfg 2002/06/06 v1.2 hyperref configuration of TeXLive
)
Package hyperref Info: Option `pdffitwindow' set `true' on input line 3941.
Package hyperref Info: Option `pdfpagelabels' set `true' on input line 3941.
Package hyperref Info: Option `colorlinks' set `false' on input line 3941.
Package hyperref Info: Option `pdfusetitle' set `true' on input line 3941.
Package hyperref Info: Hyper figures OFF on input line 4062.
Package hyperref Info: Link nesting OFF on input line 4067.
Package hyperref Info: Hyper index ON on input line 4070.
Package hyperref Info: Plain pages OFF on input line 4077.
Package hyperref Info: Backreferencing OFF on input line 4082.
Package hyperref Info: Implicit mode ON; LaTeX internals redefined.
Package hyperref Info: Bookmarks ON on input line 4300.
\c@Hy@tempcnt=\count96
(/usr/share/texlive/texmf-dist/tex/latex/url/url.sty
\Urlmuskip=\muskip10
Package: url 2006/04/12  ver 3.3  Verb mode for urls, etc.
)
LaTeX Info: Redefining \url on input line 4653.
\Fld@menulength=\count97
\Field@Width=\dimen108
\Fld@charsize=\dimen109
Package hyperref Info: Hyper figures OFF on input line 5773.
Package hyperref Info: Link nesting OFF on input line 5778.
Package hyperref Info: Hyper index ON on input line 5781.
Package hyperref Info: backreferencing OFF on input line 5788.
Package hyperref Info: Link coloring OFF on input line 5793.
Package hyperref Info: Link coloring with OCG OFF on input line 5798.
Package hyperref Info: PDF/A mode OFF on input line 5803.
LaTeX Info: Redefining \ref on input line 5843.
LaTeX Info: Redefining \pageref on input line 5847.
\Hy@abspage=\count98
\c@Item=\count99
\c@Hfootnote=\count100
)

Package hyperref Message: Driver (autodetected): hpdftex.

(/usr/share/texlive/texmf-dist/tex/latex/hyperref/hpdftex.def
File: hpdftex.def 2012/05/13 v6.82q Hyperref driver for pdfTeX
\Fld@listcount=\count101
\c@bookmark@seq@number=\count102
(/usr/share/texlive/texmf-dist/tex/latex/oberdiek/rerunfilecheck.sty
Package: rerunfilecheck 2011/04/15 v1.7 Rerun checks for auxiliary files (HO)
Package uniquecounter Info: New unique counter `rerunfilecheck' on input line 2
82.
)
\Hy@SectionHShift=\skip48
) (/usr/share/texlive/texmf-dist/tex/latex/oberdiek/hypcap.sty
Package: hypcap 2011/02/16 v1.11 Adjusting the anchors of captions (HO)
) (/usr/share/texlive/texmf-dist/tex/latex/base/makeidx.sty
Package: makeidx 2000/03/29 v1.0m Standard LaTeX package
)
\@indexfile=\write3
\openout3 = `thesis.idx'.

Writing index file thesis.idx
\cam@topmargin=\skip49
\cam@bottommargin=\skip50
) (./01Preamble.tex (/usr/share/texlive/texmf-dist/tex/latex/amsmath/amsmath.st
y
Package: amsmath 2000/07/18 v2.13 AMS math features
\@mathmargin=\skip51
For additional information on amsmath, use the `?' option.
(/usr/share/texlive/texmf-dist/tex/latex/amsmath/amstext.sty
Package: amstext 2000/06/29 v2.01
(/usr/share/texlive/texmf-dist/tex/latex/amsmath/amsgen.sty
File: amsgen.sty 1999/11/30 v2.0
\@emptytoks=\toks16
\ex@=\dimen110
)) (/usr/share/texlive/texmf-dist/tex/latex/amsmath/amsbsy.sty
Package: amsbsy 1999/11/29 v1.2d
\pmbraise@=\dimen111
) (/usr/share/texlive/texmf-dist/tex/latex/amsmath/amsopn.sty
Package: amsopn 1999/12/14 v2.01 operator names
)
\inf@bad=\count103
LaTeX Info: Redefining \frac on input line 211.
\uproot@=\count104
\leftroot@=\count105
LaTeX Info: Redefining \overline on input line 307.
\classnum@=\count106
\DOTSCASE@=\count107
LaTeX Info: Redefining \ldots on input line 379.
LaTeX Info: Redefining \dots on input line 382.
LaTeX Info: Redefining \cdots on input line 467.
\Mathstrutbox@=\box27
\strutbox@=\box28
\big@size=\dimen112
LaTeX Font Info:    Redeclaring font encoding OML on input line 567.
LaTeX Font Info:    Redeclaring font encoding OMS on input line 568.
\macc@depth=\count108
\c@MaxMatrixCols=\count109
\dotsspace@=\muskip11
\c@parentequation=\count110
\dspbrk@lvl=\count111
\tag@help=\toks17
\row@=\count112
\column@=\count113
\maxfields@=\count114
\andhelp@=\toks18
\eqnshift@=\dimen113
\alignsep@=\dimen114
\tagshift@=\dimen115
\tagwidth@=\dimen116
\totwidth@=\dimen117
\lineht@=\dimen118
\@envbody=\toks19
\multlinegap=\skip52
\multlinetaggap=\skip53
\mathdisplay@stack=\toks20
LaTeX Info: Redefining \[ on input line 2666.
LaTeX Info: Redefining \] on input line 2667.
) (/usr/share/texlive/texmf-dist/tex/latex/amsfonts/amssymb.sty
Package: amssymb 2009/06/22 v3.00
(/usr/share/texlive/texmf-dist/tex/latex/amsfonts/amsfonts.sty
Package: amsfonts 2009/06/22 v3.00 Basic AMSFonts support
\symAMSa=\mathgroup4
\symAMSb=\mathgroup5
LaTeX Font Info:    Overwriting math alphabet `\mathfrak' in version `bold'
(Font)                  U/euf/m/n --> U/euf/b/n on input line 96.
)) (/usr/share/texlive/texmf-dist/tex/latex/tools/xspace.sty
Package: xspace 2009/10/20 v1.13 Space after command names (DPC,MH)
) (/usr/share/texlive/texmf-dist/tex/latex/hvindex/hvindex.sty
Package: hvindex 2009/10/24\ 0.03\ Index macros (hv)
`hvindex' v0.03, 2009/10/24 (hv)) (/usr/share/texlive/texmf-dist/tex/latex/titl
esec/titlesec.sty
Package: titlesec 2011/12/15 v2.10.0 Sectioning titles
\ttl@box=\box29
\beforetitleunit=\skip54
\aftertitleunit=\skip55
\ttl@plus=\dimen119
\ttl@minus=\dimen120
\ttl@toksa=\toks21
\titlewidth=\dimen121
\titlewidthlast=\dimen122
\titlewidthfirst=\dimen123
) (/usr/share/texlive/texmf-dist/tex/latex/natbib/natbib.sty
Package: natbib 2010/09/13 8.31b (PWD, AO)
\bibhang=\skip56
\bibsep=\skip57
LaTeX Info: Redefining \cite on input line 694.
\c@NAT@ctr=\count115
) (/usr/share/texlive/texmf-dist/tex/latex/amscls/amsthm.sty
Package: amsthm 2009/07/02 v2.20.1
\thm@style=\toks22
\thm@bodyfont=\toks23
\thm@headfont=\toks24
\thm@notefont=\toks25
\thm@headpunct=\toks26
\thm@preskip=\skip58
\thm@postskip=\skip59
\thm@headsep=\skip60
\dth@everypar=\toks27
)
\c@definition=\count116
\c@example=\count117
(/usr/share/texlive/texmf-dist/tex/latex/caption/caption.sty
Package: caption 2012/02/19 v3.2f Customizing captions (AR)
(/usr/share/texlive/texmf-dist/tex/latex/caption/caption3.sty
Package: caption3 2012/01/12 v1.4b caption3 kernel (AR)
\captionmargin=\dimen124
\captionmargin@=\dimen125
\captionwidth=\dimen126
\caption@indent=\dimen127
\caption@parindent=\dimen128
\caption@hangindent=\dimen129
)
\c@ContinuedFloat=\count118
Package caption Info: hyperref package is loaded.
Package caption Info: hypcap package is loaded.
Package caption Info: rotating package is loaded.
) (/usr/share/texlive/texmf-dist/tex/latex/subfig/subfig.sty
Package: subfig 2005/06/28 ver: 1.3 subfig package
\c@KVtest=\count119
\sf@farskip=\skip61
\sf@captopadj=\dimen130
\sf@capskip=\skip62
\sf@nearskip=\skip63
\c@subfigure=\count120
\c@subfigure@save=\count121
\c@lofdepth=\count122
\c@subtable=\count123
\c@subtable@save=\count124
\c@lotdepth=\count125
\sf@top=\skip64
\sf@bottom=\skip65
)) (./02ThesisInfo.tex) (./03Abstract.tex) (./04Acknowledgments.tex) (./thesis.
aux)
\openout1 = `thesis.aux'.

LaTeX Font Info:    Checking defaults for OML/cmm/m/it on input line 16.
LaTeX Font Info:    ... okay on input line 16.
LaTeX Font Info:    Checking defaults for T1/cmr/m/n on input line 16.
LaTeX Font Info:    ... okay on input line 16.
LaTeX Font Info:    Checking defaults for OT1/cmr/m/n on input line 16.
LaTeX Font Info:    ... okay on input line 16.
LaTeX Font Info:    Checking defaults for OMS/cmsy/m/n on input line 16.
LaTeX Font Info:    ... okay on input line 16.
LaTeX Font Info:    Checking defaults for OMX/cmex/m/n on input line 16.
LaTeX Font Info:    ... okay on input line 16.
LaTeX Font Info:    Checking defaults for U/cmr/m/n on input line 16.
LaTeX Font Info:    ... okay on input line 16.
LaTeX Font Info:    Checking defaults for PD1/pdf/m/n on input line 16.
LaTeX Font Info:    ... okay on input line 16.
(/usr/share/texlive/texmf-dist/tex/context/base/supp-pdf.mkii
[Loading MPS to PDF converter (version 2006.09.02).]
\scratchcounter=\count126
\scratchdimen=\dimen131
\scratchbox=\box30
\nofMPsegments=\count127
\nofMParguments=\count128
\everyMPshowfont=\toks28
\MPscratchCnt=\count129
\MPscratchDim=\dimen132
\MPnumerator=\count130
\makeMPintoPDFobject=\count131
\everyMPtoPDFconversion=\toks29
) (/usr/share/texlive/texmf-dist/tex/latex/oberdiek/epstopdf-base.sty
Package: epstopdf-base 2010/02/09 v2.5 Base part for package epstopdf
(/usr/share/texlive/texmf-dist/tex/latex/oberdiek/grfext.sty
Package: grfext 2010/08/19 v1.1 Manage graphics extensions (HO)
)
Package grfext Info: Graphics extension search list:
(grfext)             [.png,.pdf,.jpg,.mps,.jpeg,.jbig2,.jb2,.PNG,.PDF,.JPG,.JPE
G,.JBIG2,.JB2,.eps]
(grfext)             \AppendGraphicsExtensions on input line 452.
(/usr/share/texlive/texmf-dist/tex/latex/latexconfig/epstopdf-sys.cfg
File: epstopdf-sys.cfg 2010/07/13 v1.3 Configuration of (r)epstopdf for TeX Liv
e
))
\AtBeginShipoutBox=\box31
Package hyperref Info: Link coloring OFF on input line 16.
(/usr/share/texlive/texmf-dist/tex/latex/hyperref/nameref.sty
Package: nameref 2010/04/30 v2.40 Cross-referencing by name of section
(/usr/share/texlive/texmf-dist/tex/generic/oberdiek/gettitlestring.sty
Package: gettitlestring 2010/12/03 v1.4 Cleanup title references (HO)
)
\c@section@level=\count132
)
LaTeX Info: Redefining \ref on input line 16.
LaTeX Info: Redefining \pageref on input line 16.
LaTeX Info: Redefining \nameref on input line 16.
(./thesis.out) (./thesis.out)
\@outlinefile=\write4
\openout4 = `thesis.out'.

Package caption Info: Begin \AtBeginDocument code.
Package caption Info: subfig package v1.3 is loaded.
Package caption Info: End \AtBeginDocument code.
\cam@logo=\box32
<CUni.pdf, id=72, 330.23375pt x 69.25874pt>
File: CUni.pdf Graphic file (type pdf)
<use CUni.pdf>
Package pdftex.def Info: CUni.pdf used on input line 18.
(pdftex.def)             Requested size: 207.70511pt x 43.56242pt.
\cam@title=\box33
LaTeX Font Info:    Try loading font information for U+msa on input line 18.
(/usr/share/texlive/texmf-dist/tex/latex/amsfonts/umsa.fd
File: umsa.fd 2009/06/22 v3.00 AMS symbols A
)
LaTeX Font Info:    Try loading font information for U+msb on input line 18.
(/usr/share/texlive/texmf-dist/tex/latex/amsfonts/umsb.fd
File: umsb.fd 2009/06/22 v3.00 AMS symbols B
)
\cam@collegeshieldbox=\box34
<CollegeShields/Darwin.pdf, id=73, 146.7081pt x 173.448pt>
File: CollegeShields/Darwin.pdf Graphic file (type pdf)
<use CollegeShields/Darwin.pdf>
Package pdftex.def Info: CollegeShields/Darwin.pdf used on input line 18.
(pdftex.def)             Requested size: 48.13174pt x 56.9055pt.
\cam@authorcollege=\box35
\cam@submitnotice=\box36
\cam@titlepagevspace=\skip66
[1

{/var/lib/texmf/fonts/map/pdftex/updmap/pdftex.map} <./CUni.pdf> <./CollegeShie
lds/Darwin.pdf>] [2

] [3] [4

]
LaTeX Font Info:    Try loading font information for OMS+cmr on input line 18.
(/usr/share/texlive/texmf-dist/tex/latex/base/omscmr.fd
File: omscmr.fd 1999/05/25 v2.5h Standard LaTeX font definitions
)
LaTeX Font Info:    Font shape `OMS/cmr/m/n' in size <12> not available
(Font)              Font shape `OMS/cmsy/m/n' tried instead on input line 18.
[5] [6

] [7] [8

] (./thesis.toc)
\tf@toc=\write5
\openout5 = `thesis.toc'.

[9] [10

] (./11Chapter1.tex
Chapter 1.
Missing character: There is no ‚ in font cmbx12!
Missing character: There is no Ä in font cmbx12!
Missing character: There is no ô in font cmbx12!

Package natbib Warning: Citation `prehistoricwiki' on page 11 undefined on inpu
t line 15.

[11

]

Package natbib Warning: Citation `dimasi2001new' on page 12 undefined on input 
line 17.


Package natbib Warning: Citation `barratt2012drug' on page 12 undefined on inpu
t line 23.

[12]

Package natbib Warning: Citation `men20101' on page 13 undefined on input line 
25.


Package natbib Warning: Citation `swinney2011were' on page 13 undefined on inpu
t line 32.


Package natbib Warning: Citation `prehistoricwiki' on page 13 undefined on inpu
t line 34.

<./Figures/fig1-1.pdf, id=152, 397.485pt x 252.945pt>
File: ./Figures/fig1-1.pdf Graphic file (type pdf)
<use ./Figures/fig1-1.pdf>
Package pdftex.def Info: ./Figures/fig1-1.pdf used on input line 38.
(pdftex.def)             Requested size: 397.48402pt x 252.94438pt.
[13]

Package natbib Warning: Citation `barratt2012drug' on page 14 undefined on inpu
t line 43.

<./Figures/fig1-2.pdf, id=160, 397.485pt x 252.945pt>
File: ./Figures/fig1-2.pdf Graphic file (type pdf)
<use ./Figures/fig1-2.pdf>
Package pdftex.def Info: ./Figures/fig1-2.pdf used on input line 47.
(pdftex.def)             Requested size: 397.48402pt x 252.94438pt.

Package natbib Warning: Citation `ehrlichwiki' on page 14 undefined on input li
ne 52.


Package natbib Warning: Citation `paolini2006global' on page 14 undefined on in
put line 52.


Package natbib Warning: Citation `li2010pubchem' on page 14 undefined on input 
line 52.

[14 <./Figures/fig1-1.pdf>] [15 <./Figures/fig1-2.pdf>]

Package natbib Warning: Citation `offlabelwiki' on page 16 undefined on input l
ine 56.


Package natbib Warning: Citation `barratt2012drug' on page 16 undefined on inpu
t line 64.

[16]

Package natbib Warning: Citation `anginanhs' on page 17 undefined on input line
 78.


Package natbib Warning: Citation `nytimes' on page 17 undefined on input line 7
8.


Package natbib Warning: Citation `renaud2002erectile' on page 17 undefined on i
nput line 78.


Package natbib Warning: Citation `renaud2002erectile' on page 17 undefined on i
nput line 78.


Package natbib Warning: Citation `ghofrani2006sildenafil' on page 17 undefined 
on input line 78.


Underfull \vbox (badness 10000) has occurred while \output is active []

[17] <./Figures/fig1-3.pdf, id=206, 397.485pt x 252.945pt>
File: ./Figures/fig1-3.pdf Graphic file (type pdf)
<use ./Figures/fig1-3.pdf>
Package pdftex.def Info: ./Figures/fig1-3.pdf used on input line 82.
(pdftex.def)             Requested size: 397.48402pt x 252.94438pt.

Package natbib Warning: Citation `krall1988characterization' on page 18 undefin
ed on input line 87.

Missing character: There is no ‚ in font cmr12!
Missing character: There is no Ä in font cmr12!
Missing character: There is no ô in font cmr12!

Package natbib Warning: Citation `stephens2009dark' on page 18 undefined on inp
ut line 91.

Missing character: There is no ‚ in font cmr12!
Missing character: There is no Ä in font cmr12!
Missing character: There is no ô in font cmr12!

Package natbib Warning: Citation `stephens2009dark' on page 18 undefined on inp
ut line 91.


Package natbib Warning: Citation `barratt2012drug' on page 18 undefined on inpu
t line 91.


Package natbib Warning: Citation `sampaio1991thalidomide' on page 18 undefined 
on input line 91.


Underfull \vbox (badness 10000) has occurred while \output is active []

[18]
Underfull \vbox (badness 6559) has occurred while \output is active []

[19 <./Figures/fig1-3.pdf>]

Package natbib Warning: Citation `jordan1987effects' on page 20 undefined on in
put line 95.


Package natbib Warning: Citation `black1994raloxifene' on page 20 undefined on 
input line 95.


Package natbib Warning: Citation `fdaraloxifen' on page 20 undefined on input l
ine 95.

[20]
Overfull \hbox (19.20074pt too wide) in paragraph at lines 97--97
 |[]\OT1/cmr/bx/n/17.28 Computational ap-proaches to-wards drug repo-
 []


Package natbib Warning: Citation `dudley2011exploiting' on page 21 undefined on
 input line 100.


Package natbib Warning: Citation `hurle2013computational' on page 21 undefined 
on input line 100.

[21] <./Figures/fig1-4.pdf, id=246, 397.485pt x 252.945pt>
File: ./Figures/fig1-4.pdf Graphic file (type pdf)
<use ./Figures/fig1-4.pdf>
Package pdftex.def Info: ./Figures/fig1-4.pdf used on input line 106.
(pdftex.def)             Requested size: 397.48402pt x 252.94438pt.

Package natbib Warning: Citation `lipinski1997experimental' on page 22 undefine
d on input line 113.


Package natbib Warning: Citation `johnson1990concepts' on page 22 undefined on 
input line 113.


Package natbib Warning: Citation `eckert2007molecular' on page 22 undefined on 
input line 113.

[22 <./Figures/fig1-4.pdf>]

Package natbib Warning: Citation `noeske2006predicting' on page 23 undefined on
 input line 115.


Package natbib Warning: Citation `keiser2009predicting' on page 23 undefined on
 input line 117.


Package natbib Warning: Citation `lounkine2012large' on page 23 undefined on in
put line 117.

<./Figures/fig1-5.pdf, id=260, 397.485pt x 180.675pt>
File: ./Figures/fig1-5.pdf Graphic file (type pdf)
<use ./Figures/fig1-5.pdf>
Package pdftex.def Info: ./Figures/fig1-5.pdf used on input line 121.
(pdftex.def)             Requested size: 397.48402pt x 180.67455pt.

Package natbib Warning: Citation `keiser2009predicting' on page 23 undefined on
 input line 122.


Package natbib Warning: Citation `keiser2009predicting' on page 23 undefined on
 input line 122.


Package natbib Warning: Citation `eckert2007molecular' on page 23 undefined on 
input line 126.

[23]

Package natbib Warning: Citation `lamb2006connectivity' on page 24 undefined on
 input line 131.

[24 <./Figures/fig1-5.pdf>] <./Figures/fig1-6.pdf, id=285, 397.485pt x 252.945p
t>
File: ./Figures/fig1-6.pdf Graphic file (type pdf)
<use ./Figures/fig1-6.pdf>
Package pdftex.def Info: ./Figures/fig1-6.pdf used on input line 135.
(pdftex.def)             Requested size: 397.48402pt x 252.94438pt.

Package natbib Warning: Citation `iorio2010discovery' on page 25 undefined on i
nput line 143.

[25 <./Figures/fig1-6.pdf>]

Package natbib Warning: Citation `sirota2011discovery' on page 26 undefined on 
input line 145.


Package natbib Warning: Citation `dudley2011computational' on page 26 undefined
 on input line 145.


Package natbib Warning: Citation `wei2006gene' on page 26 undefined on input li
ne 147.


Package natbib Warning: Citation `kunkel2011mrna' on page 26 undefined on input
 line 147.

[26]

Package natbib Warning: Citation `cmap' on page 27 undefined on input line 151.



Package natbib Warning: Citation `lamb2006connectivity' on page 27 undefined on
 input line 151.


Package natbib Warning: Citation `haupt2011old' on page 27 undefined on input l
ine 156.

[27]

Package natbib Warning: Citation `haupt2011old' on page 28 undefined on input l
ine 158.

Missing character: There is no ‚ in font cmr12!
Missing character: There is no Ä in font cmr12!
Missing character: There is no ô in font cmr12!

Package natbib Warning: Citation `de2010binding' on page 28 undefined on input 
line 158.


Package natbib Warning: Citation `de2010binding' on page 28 undefined on input 
line 158.

<./Figures/fig1-7.pdf, id=311, 397.485pt x 209.58301pt>
File: ./Figures/fig1-7.pdf Graphic file (type pdf)
<use ./Figures/fig1-7.pdf>
Package pdftex.def Info: ./Figures/fig1-7.pdf used on input line 162.
(pdftex.def)             Requested size: 397.48402pt x 209.58249pt.

Package natbib Warning: Citation `zahler2007inverse' on page 28 undefined on in
put line 167.

Missing character: There is no ‚ in font cmr12!
Missing character: There is no Ä in font cmr12!
Missing character: There is no ú in font cmr12!
Missing character: There is no ‚ in font cmr12!
Missing character: There is no Ä in font cmr12!
Missing character: There is no ù in font cmr12!
Missing character: There is no ‚ in font cmr12!
Missing character: There is no Ä in font cmr12!
Missing character: There is no ô in font cmr12!
[28 <./Figures/fig1-7.pdf>]

Package natbib Warning: Citation `kinnings2009drug' on page 29 undefined on inp
ut line 169.

Missing character: There is no ‚ in font cmr12!
Missing character: There is no Ä in font cmr12!
Missing character: There is no ú in font cmr12!
Missing character: There is no ‚ in font cmr12!
Missing character: There is no Ä in font cmr12!
Missing character: There is no ù in font cmr12!

Package natbib Warning: Citation `wermuth2006selective' on page 29 undefined on
 input line 169.

Missing character: There is no ‚ in font cmr12!
Missing character: There is no Ä in font cmr12!
Missing character: There is no ô in font cmr12!

Package natbib Warning: Citation `haupt2011old' on page 29 undefined on input l
ine 171.


Package natbib Warning: Citation `kruger2012mapping' on page 29 undefined on in
put line 171.

[29]

Package natbib Warning: Citation `phenotypewiki' on page 30 undefined on input 
line 177.


Package natbib Warning: Citation `darwin2009origin' on page 30 undefined on inp
ut line 177.


Package natbib Warning: Citation `mendel1866versuche' on page 30 undefined on i
nput line 177.


Package natbib Warning: Citation `swinney2011were' on page 30 undefined on inpu
t line 177.


Package natbib Warning: Citation `duran2012recycling' on page 30 undefined on i
nput line 177.

<./Figures/fig1-8.pdf, id=334, 397.485pt x 144.54pt>
File: ./Figures/fig1-8.pdf Graphic file (type pdf)
<use ./Figures/fig1-8.pdf>
Package pdftex.def Info: ./Figures/fig1-8.pdf used on input line 183.
(pdftex.def)             Requested size: 397.48402pt x 144.53963pt.

Package natbib Warning: Citation `fliri2005analysis' on page 30 undefined on in
put line 188.


Package natbib Warning: Citation `fliri2007analysis' on page 30 undefined on in
put line 188.


Package natbib Warning: Citation `campillos2008drug' on page 30 undefined on in
put line 188.

Missing character: There is no ‚ in font cmr12!
Missing character: There is no Ä in font cmr12!
Missing character: There is no ô in font cmr12!

Package natbib Warning: Citation `campillos2008drug' on page 30 undefined on in
put line 188.


Package natbib Warning: Citation `bodenreider2004unified' on page 30 undefined 
on input line 188.

[30]

Package natbib Warning: Citation `yang2011systematic' on page 31 undefined on i
nput line 190.


Package natbib Warning: Citation `whirl2012pharmacogenomics' on page 31 undefin
ed on input line 190.


Underfull \vbox (badness 10000) has occurred while \output is active []

[31 <./Figures/fig1-8.pdf>]

Package natbib Warning: Citation `duran2012recycling' on page 32 undefined on i
nput line 192.


Package natbib Warning: Citation `hoehndorf2011phenomenet' on page 32 undefined
 on input line 192.


Package natbib Warning: Citation `hoehndorf2007representing' on page 32 undefin
ed on input line 192.


Package natbib Warning: Citation `sanseau2012use' on page 32 undefined on input
 line 196.


Package natbib Warning: Citation `kathiresan2008six' on page 32 undefined on in
put line 196.

Missing character: There is no ‚ in font cmr12!
Missing character: There is no Ä in font cmr12!
Missing character: There is no ô in font cmr12!

Package natbib Warning: Citation `franke2010genome' on page 32 undefined on inp
ut line 196.


Package natbib Warning: Citation `furberg2010genome' on page 32 undefined on in
put line 196.


Overfull \hbox (3.41823pt too wide) in paragraph at lines 196--197
\OT1/cmr/m/n/12 tional Hu-man Genome Re-search In-sti-tute (http://www.genome.g
ov/gwastudies/).
 []

[32] <./Figures/fig1-9.pdf, id=358, 397.485pt x 252.945pt>
File: ./Figures/fig1-9.pdf Graphic file (type pdf)
<use ./Figures/fig1-9.pdf>
Package pdftex.def Info: ./Figures/fig1-9.pdf used on input line 200.
(pdftex.def)             Requested size: 397.48402pt x 252.94438pt.

Package natbib Warning: Citation `sanseau2012use' on page 33 undefined on input
 line 201.


Package natbib Warning: Citation `sanseau2012use' on page 33 undefined on input
 line 201.

Missing character: There is no ‚ in font cmr12!
Missing character: There is no Ä in font cmr12!
Missing character: There is no ú in font cmr12!
Missing character: There is no ‚ in font cmr12!
Missing character: There is no Ä in font cmr12!
Missing character: There is no ù in font cmr12!
[33] <./Figures/fig1-10.pdf, id=365, 397.485pt x 216.81pt>
File: ./Figures/fig1-10.pdf Graphic file (type pdf)
<use ./Figures/fig1-10.pdf>
Package pdftex.def Info: ./Figures/fig1-10.pdf used on input line 213.
(pdftex.def)             Requested size: 397.48402pt x 216.80946pt.
Missing character: There is no ‚ in font cmr10!
Missing character: There is no Ä in font cmr10!
Missing character: There is no ú in font cmr10!
Missing character: There is no ‚ in font cmr10!
Missing character: There is no Ä in font cmr10!
Missing character: There is no ù in font cmr10!
Missing character: There is no ‚ in font cmr10!
Missing character: There is no Ä in font cmr10!
Missing character: There is no ú in font cmr10!
Missing character: There is no ‚ in font cmr10!
Missing character: There is no Ä in font cmr10!
Missing character: There is no ù in font cmr10!

Package natbib Warning: Citation `chiang2009systematic' on page 34 undefined on
 input line 218.

Missing character: There is no ‚ in font cmr12!
Missing character: There is no Ä in font cmr12!
Missing character: There is no ô in font cmr12!

Package natbib Warning: Citation `li2009pathway' on page 34 undefined on input 
line 219.


Package natbib Warning: Citation `matthews2009reactome' on page 34 undefined on
 input line 219.


Package natbib Warning: Citation `goto1996organizing' on page 34 undefined on i
nput line 219.


Package natbib Warning: Citation `suthram2010network' on page 34 undefined on i
nput line 220.


Underfull \vbox (badness 1178) has occurred while \output is active []

[34 <./Figures/fig1-9.pdf>]
Underfull \vbox (badness 10000) has occurred while \output is active []

[35 <./Figures/fig1-10.pdf>]
Overfull \hbox (22.88115pt too wide) in paragraph at lines 223--223
 |[]\OT1/cmr/bx/n/14.4 Machine learn-ing and con-cepts com-bi-na-tion ap-proach
es| 
 []

<./Figures/fig1-11.pdf, id=393, 397.485pt x 202.356pt>
File: ./Figures/fig1-11.pdf Graphic file (type pdf)
<use ./Figures/fig1-11.pdf>
Package pdftex.def Info: ./Figures/fig1-11.pdf used on input line 229.
(pdftex.def)             Requested size: 397.48402pt x 202.3555pt.
Missing character: There is no ‚ in font cmr10!
Missing character: There is no Ä in font cmr10!
Missing character: There is no ¶ in font cmr10!
Missing character: There is no ‚ in font cmr10!
Missing character: There is no Ä in font cmr10!
Missing character: There is no ¶ in font cmr10!

Package natbib Warning: Citation `gottlieb2011predict' on page 36 undefined on 
input line 234.


Package natbib Warning: Citation `lamb2006connectivity' on page 36 undefined on
 input line 234.

[36]

Package natbib Warning: Citation `napolitano2013drug' on page 37 undefined on i
nput line 236.

[37 <./Figures/fig1-11.pdf>]
Missing character: There is no ‚ in font cmr12!
Missing character: There is no Ä in font cmr12!
Missing character: There is no ú in font cmr12!
Missing character: There is no ‚ in font cmr12!
Missing character: There is no Ä in font cmr12!
Missing character: There is no ù in font cmr12!

Package natbib Warning: Citation `an2006large' on page 38 undefined on input li
ne 244.


LaTeX Warning: Reference `table1' on page 38 undefined on input line 247.

[38]
Underfull \hbox (badness 8151) in paragraph at lines 252--252
[]\OT1/cmr/m/n/12 Biomedical ad-
 []


Underfull \hbox (badness 10000) in paragraph at lines 253--254
\OT1/cmr/m/n/12 How-ever, the
 []


Underfull \hbox (badness 10000) in paragraph at lines 253--254
\OT1/cmr/m/n/12 strong breeze
 []


Underfull \hbox (badness 10000) in paragraph at lines 253--254
\OT1/cmr/m/n/12 the tem-per-a-
 []


Underfull \hbox (badness 10000) in paragraph at lines 255--257
[]\OT1/cmr/m/n/12 Cloudy with
 []


Underfull \hbox (badness 10000) in paragraph at lines 255--257
\OT1/cmr/m/n/12 rain, across
 []


Underfull \hbox (badness 10000) in paragraph at lines 255--257
\OT1/cmr/m/n/12 many north-ern
 []


Underfull \hbox (badness 1205) in paragraph at lines 255--257
\OT1/cmr/m/n/12 re-gions. Clear
 []


Underfull \hbox (badness 10000) in paragraph at lines 255--257
\OT1/cmr/m/n/12 spells across
 []


Underfull \hbox (badness 10000) in paragraph at lines 255--257
\OT1/cmr/m/n/12 and North-ern
 []


Underfull \hbox (badness 6725) in paragraph at lines 258--261
[]\OT1/cmr/m/n/12 Rain will still
 []


Underfull \hbox (badness 10000) in paragraph at lines 258--261
\OT1/cmr/m/n/12 linger for the
 []


Underfull \hbox (badness 10000) in paragraph at lines 258--261
\OT1/cmr/m/n/12 di-tions will
 []


Underfull \hbox (badness 10000) in paragraph at lines 258--261
\OT1/cmr/m/n/12 im-prove by
 []


Underfull \hbox (badness 5288) in paragraph at lines 258--261
\OT1/cmr/m/n/12 early af-ter-noon
 []


Underfull \hbox (badness 10000) in paragraph at lines 258--261
\OT1/cmr/m/n/12 and con-tinue
 []


Underfull \hbox (badness 6016) in paragraph at lines 258--261
\OT1/cmr/m/n/12 through-out the
 []


Overfull \hbox (294.4041pt too wide) in paragraph at lines 250--264
 [] 
 []


Underfull \vbox (badness 10000) has occurred while \output is active []

[39]
Underfull \hbox (badness 8151) in paragraph at lines 270--270
[]\OT1/cmr/m/n/12 Biomedical ad-
 []


./11Chapter1.tex:273: LaTeX Error: \begin{tabular} on input line 268 ended by \
end{minipage}.

See the LaTeX manual or LaTeX Companion for explanation.
Type  H <return>  for immediate help.
 ...                                              
                                                  
l.273 \end{sidewaystable}
                         
Your command was ignored.
Type  I <command> <return>  to replace it with another command,
or  <return>  to continue without it.

./11Chapter1.tex:273: Missing } inserted.
<inserted text> 
                }
l.273 \end{sidewaystable}
                         
I've inserted something that you may have forgotten.
(See the <inserted text> above.)
With luck, this will get me unwedged. But if you
really didn't forget anything, try typing `2' now; then
my insertion and my current dilemma will both disappear.

./11Chapter1.tex:273: Missing \cr inserted.
<inserted text> 
                \cr 
l.273 \end{sidewaystable}
                         
I'm guessing that you meant to end an alignment here.

./11Chapter1.tex:273: Missing \cr inserted.
<inserted text> 
                \cr 
l.273 \end{sidewaystable}
                         
I'm guessing that you meant to end an alignment here.

./11Chapter1.tex:273: Misplaced \cr.
<inserted text> \cr 
                    
l.273 \end{sidewaystable}
                         
I can't figure out why you would want to use a tab mark
or \cr or \span just now. If something like a right brace
up above has ended a previous alignment prematurely,
you're probably due for more error messages, and you
might try typing `S' now just to see what is salvageable.

./11Chapter1.tex:273: Missing \cr inserted.
<inserted text> 
                \cr 
l.273 \end{sidewaystable}
                         
I'm guessing that you meant to end an alignment here.

./11Chapter1.tex:273: Misplaced \cr.
<inserted text> \cr 
                    
l.273 \end{sidewaystable}
                         
I can't figure out why you would want to use a tab mark
or \cr or \span just now. If something like a right brace
up above has ended a previous alignment prematurely,
you're probably due for more error messages, and you
might try typing `S' now just to see what is salvageable.

./11Chapter1.tex:273: Missing \cr inserted.
<inserted text> 
                \cr 
l.273 \end{sidewaystable}
                         
I'm guessing that you meant to end an alignment here.

./11Chapter1.tex:273: Misplaced \cr.
<inserted text> \cr 
                    
l.273 \end{sidewaystable}
                         
I can't figure out why you would want to use a tab mark
or \cr or \span just now. If something like a right brace
up above has ended a previous alignment prematurely,
you're probably due for more error messages, and you
might try typing `S' now just to see what is salvageable.

./11Chapter1.tex:273: Missing \cr inserted.
<inserted text> 
                \cr 
l.273 \end{sidewaystable}
                         
I'm guessing that you meant to end an alignment here.

./11Chapter1.tex:273: Misplaced \cr.
<inserted text> \cr 
                    
l.273 \end{sidewaystable}
                         
I can't figure out why you would want to use a tab mark
or \cr or \span just now. If something like a right brace
up above has ended a previous alignment prematurely,
you're probably due for more error messages, and you
might try typing `S' now just to see what is salvageable.

./11Chapter1.tex:273: Missing \cr inserted.
<inserted text> 
                \cr 
l.273 \end{sidewaystable}
                         
I'm guessing that you meant to end an alignment here.

./11Chapter1.tex:273: Misplaced \cr.
<inserted text> \cr 
                    
l.273 \end{sidewaystable}
                         
I can't figure out why you would want to use a tab mark
or \cr or \span just now. If something like a right brace
up above has ended a previous alignment prematurely,
you're probably due for more error messages, and you
might try typing `S' now just to see what is salvageable.

./11Chapter1.tex:273: Missing \cr inserted.
<inserted text> 
                \cr 
l.273 \end{sidewaystable}
                         
I'm guessing that you meant to end an alignment here.

./11Chapter1.tex:273: Misplaced \cr.
<inserted text> \cr 
                    
l.273 \end{sidewaystable}
                         
I can't figure out why you would want to use a tab mark
or \cr or \span just now. If something like a right brace
up above has ended a previous alignment prematurely,
you're probably due for more error messages, and you
might try typing `S' now just to see what is salvageable.

./11Chapter1.tex:273: Missing \cr inserted.
<inserted text> 
                \cr 
l.273 \end{sidewaystable}
                         
I'm guessing that you meant to end an alignment here.

./11Chapter1.tex:273: Misplaced \cr.
<inserted text> \cr 
                    
l.273 \end{sidewaystable}
                         
I can't figure out why you would want to use a tab mark
or \cr or \span just now. If something like a right brace
up above has ended a previous alignment prematurely,
you're probably due for more error messages, and you
might try typing `S' now just to see what is salvageable.

./11Chapter1.tex:273: Missing \cr inserted.
<inserted text> 
                \cr 
l.273 \end{sidewaystable}
                         
I'm guessing that you meant to end an alignment here.

./11Chapter1.tex:273: Misplaced \cr.
<inserted text> \cr 
                    
l.273 \end{sidewaystable}
                         
I can't figure out why you would want to use a tab mark
or \cr or \span just now. If something like a right brace
up above has ended a previous alignment prematurely,
you're probably due for more error messages, and you
might try typing `S' now just to see what is salvageable.

./11Chapter1.tex:273: Missing \cr inserted.
<inserted text> 
                \cr 
l.273 \end{sidewaystable}
                         
I'm guessing that you meant to end an alignment here.

./11Chapter1.tex:273: Misplaced \cr.
<inserted text> \cr 
                    
l.273 \end{sidewaystable}
                         
I can't figure out why you would want to use a tab mark
or \cr or \span just now. If something like a right brace
up above has ended a previous alignment prematurely,
you're probably due for more error messages, and you
might try typing `S' now just to see what is salvageable.

./11Chapter1.tex:273: Missing \cr inserted.
<inserted text> 
                \cr 
l.273 \end{sidewaystable}
                         
I'm guessing that you meant to end an alignment here.

./11Chapter1.tex:273: Misplaced \cr.
<inserted text> \cr 
                    
l.273 \end{sidewaystable}
                         
I can't figure out why you would want to use a tab mark
or \cr or \span just now. If something like a right brace
up above has ended a previous alignment prematurely,
you're probably due for more error messages, and you
might try typing `S' now just to see what is salvageable.

./11Chapter1.tex:273: Missing \cr inserted.
<inserted text> 
                \cr 
l.273 \end{sidewaystable}
                         
I'm guessing that you meant to end an alignment here.

./11Chapter1.tex:273: Misplaced \cr.
<inserted text> \cr 
                    
l.273 \end{sidewaystable}
                         
I can't figure out why you would want to use a tab mark
or \cr or \span just now. If something like a right brace
up above has ended a previous alignment prematurely,
you're probably due for more error messages, and you
might try typing `S' now just to see what is salvageable.

./11Chapter1.tex:273: Missing \cr inserted.
<inserted text> 
                \cr 
l.273 \end{sidewaystable}
                         
I'm guessing that you meant to end an alignment here.

./11Chapter1.tex:273: Misplaced \cr.
<inserted text> \cr 
                    
l.273 \end{sidewaystable}
                         
I can't figure out why you would want to use a tab mark
or \cr or \span just now. If something like a right brace
up above has ended a previous alignment prematurely,
you're probably due for more error messages, and you
might try typing `S' now just to see what is salvageable.

./11Chapter1.tex:273: Missing \cr inserted.
<inserted text> 
                \cr 
l.273 \end{sidewaystable}
                         
I'm guessing that you meant to end an alignment here.

./11Chapter1.tex:273: Misplaced \cr.
<inserted text> \cr 
                    
l.273 \end{sidewaystable}
                         
I can't figure out why you would want to use a tab mark
or \cr or \span just now. If something like a right brace
up above has ended a previous alignment prematurely,
you're probably due for more error messages, and you
might try typing `S' now just to see what is salvageable.

./11Chapter1.tex:273: Missing \cr inserted.
<inserted text> 
                \cr 
l.273 \end{sidewaystable}
                         
I'm guessing that you meant to end an alignment here.

./11Chapter1.tex:273: Misplaced \cr.
<inserted text> \cr 
                    
l.273 \end{sidewaystable}
                         
I can't figure out why you would want to use a tab mark
or \cr or \span just now. If something like a right brace
up above has ended a previous alignment prematurely,
you're probably due for more error messages, and you
might try typing `S' now just to see what is salvageable.

./11Chapter1.tex:273: Missing \cr inserted.
<inserted text> 
                \cr 
l.273 \end{sidewaystable}
                         
I'm guessing that you meant to end an alignment here.

./11Chapter1.tex:273: Misplaced \cr.
<inserted text> \cr 
                    
l.273 \end{sidewaystable}
                         
I can't figure out why you would want to use a tab mark
or \cr or \span just now. If something like a right brace
up above has ended a previous alignment prematurely,
you're probably due for more error messages, and you
might try typing `S' now just to see what is salvageable.

./11Chapter1.tex:273: Missing \cr inserted.
<inserted text> 
                \cr 
l.273 \end{sidewaystable}
                         
I'm guessing that you meant to end an alignment here.

./11Chapter1.tex:273: Misplaced \cr.
<inserted text> \cr 
                    
l.273 \end{sidewaystable}
                         
I can't figure out why you would want to use a tab mark
or \cr or \span just now. If something like a right brace
up above has ended a previous alignment prematurely,
you're probably due for more error messages, and you
might try typing `S' now just to see what is salvageable.

./11Chapter1.tex:273: Missing \cr inserted.
<inserted text> 
                \cr 
l.273 \end{sidewaystable}
                         
I'm guessing that you meant to end an alignment here.

./11Chapter1.tex:273: Misplaced \cr.
<inserted text> \cr 
                    
l.273 \end{sidewaystable}
                         
I can't figure out why you would want to use a tab mark
or \cr or \span just now. If something like a right brace
up above has ended a previous alignment prematurely,
you're probably due for more error messages, and you
might try typing `S' now just to see what is salvageable.

./11Chapter1.tex:273: Missing \cr inserted.
<inserted text> 
                \cr 
l.273 \end{sidewaystable}
                         
I'm guessing that you meant to end an alignment here.

./11Chapter1.tex:273: Misplaced \cr.
<inserted text> \cr 
                    
l.273 \end{sidewaystable}
                         
I can't figure out why you would want to use a tab mark
or \cr or \span just now. If something like a right brace
up above has ended a previous alignment prematurely,
you're probably due for more error messages, and you
might try typing `S' now just to see what is salvageable.

./11Chapter1.tex:273: Missing \cr inserted.
<inserted text> 
                \cr 
l.273 \end{sidewaystable}
                         
I'm guessing that you meant to end an alignment here.

./11Chapter1.tex:273: Misplaced \cr.
<inserted text> \cr 
                    
l.273 \end{sidewaystable}
                         
I can't figure out why you would want to use a tab mark
or \cr or \span just now. If something like a right brace
up above has ended a previous alignment prematurely,
you're probably due for more error messages, and you
might try typing `S' now just to see what is salvageable.

./11Chapter1.tex:273: Missing \cr inserted.
<inserted text> 
                \cr 
l.273 \end{sidewaystable}
                         
I'm guessing that you meant to end an alignment here.

./11Chapter1.tex:273: Misplaced \cr.
<inserted text> \cr 
                    
l.273 \end{sidewaystable}
                         
I can't figure out why you would want to use a tab mark
or \cr or \span just now. If something like a right brace
up above has ended a previous alignment prematurely,
you're probably due for more error messages, and you
might try typing `S' now just to see what is salvageable.

./11Chapter1.tex:273: Missing \cr inserted.
<inserted text> 
                \cr 
l.273 \end{sidewaystable}
                         
I'm guessing that you meant to end an alignment here.

./11Chapter1.tex:273: Misplaced \cr.
<inserted text> \cr 
                    
l.273 \end{sidewaystable}
                         
I can't figure out why you would want to use a tab mark
or \cr or \span just now. If something like a right brace
up above has ended a previous alignment prematurely,
you're probably due for more error messages, and you
might try typing `S' now just to see what is salvageable.

./11Chapter1.tex:273: Missing \cr inserted.
<inserted text> 
                \cr 
l.273 \end{sidewaystable}
                         
I'm guessing that you meant to end an alignment here.

./11Chapter1.tex:273: Misplaced \cr.
<inserted text> \cr 
                    
l.273 \end{sidewaystable}
                         
I can't figure out why you would want to use a tab mark
or \cr or \span just now. If something like a right brace
up above has ended a previous alignment prematurely,
you're probably due for more error messages, and you
might try typing `S' now just to see what is salvageable.

./11Chapter1.tex:273: Missing \cr inserted.
<inserted text> 
                \cr 
l.273 \end{sidewaystable}
                         
I'm guessing that you meant to end an alignment here.

./11Chapter1.tex:273: Misplaced \cr.
<inserted text> \cr 
                    
l.273 \end{sidewaystable}
                         
I can't figure out why you would want to use a tab mark
or \cr or \span just now. If something like a right brace
up above has ended a previous alignment prematurely,
you're probably due for more error messages, and you
might try typing `S' now just to see what is salvageable.

./11Chapter1.tex:273: Missing \cr inserted.
<inserted text> 
                \cr 
l.273 \end{sidewaystable}
                         
I'm guessing that you meant to end an alignment here.

./11Chapter1.tex:273: Misplaced \cr.
<inserted text> \cr 
                    
l.273 \end{sidewaystable}
                         
I can't figure out why you would want to use a tab mark
or \cr or \span just now. If something like a right brace
up above has ended a previous alignment prematurely,
you're probably due for more error messages, and you
might try typing `S' now just to see what is salvageable.

./11Chapter1.tex:273: Missing \cr inserted.
<inserted text> 
                \cr 
l.273 \end{sidewaystable}
                         
I'm guessing that you meant to end an alignment here.

./11Chapter1.tex:273: Misplaced \cr.
<inserted text> \cr 
                    
l.273 \end{sidewaystable}
                         
I can't figure out why you would want to use a tab mark
or \cr or \span just now. If something like a right brace
up above has ended a previous alignment prematurely,
you're probably due for more error messages, and you
might try typing `S' now just to see what is salvageable.

./11Chapter1.tex:273: Missing \cr inserted.
<inserted text> 
                \cr 
l.273 \end{sidewaystable}
                         
I'm guessing that you meant to end an alignment here.

./11Chapter1.tex:273: Misplaced \cr.
<inserted text> \cr 
                    
l.273 \end{sidewaystable}
                         
I can't figure out why you would want to use a tab mark
or \cr or \span just now. If something like a right brace
up above has ended a previous alignment prematurely,
you're probably due for more error messages, and you
might try typing `S' now just to see what is salvageable.

./11Chapter1.tex:273: Missing \cr inserted.
<inserted text> 
                \cr 
l.273 \end{sidewaystable}
                         
I'm guessing that you meant to end an alignment here.

./11Chapter1.tex:273: Misplaced \cr.
<inserted text> \cr 
                    
l.273 \end{sidewaystable}
                         
I can't figure out why you would want to use a tab mark
or \cr or \span just now. If something like a right brace
up above has ended a previous alignment prematurely,
you're probably due for more error messages, and you
might try typing `S' now just to see what is salvageable.

./11Chapter1.tex:273: Missing \cr inserted.
<inserted text> 
                \cr 
l.273 \end{sidewaystable}
                         
I'm guessing that you meant to end an alignment here.

./11Chapter1.tex:273: Misplaced \cr.
<inserted text> \cr 
                    
l.273 \end{sidewaystable}
                         
I can't figure out why you would want to use a tab mark
or \cr or \span just now. If something like a right brace
up above has ended a previous alignment prematurely,
you're probably due for more error messages, and you
might try typing `S' now just to see what is salvageable.

./11Chapter1.tex:273: Missing \cr inserted.
<inserted text> 
                \cr 
l.273 \end{sidewaystable}
                         
I'm guessing that you meant to end an alignment here.

./11Chapter1.tex:273: Misplaced \cr.
<inserted text> \cr 
                    
l.273 \end{sidewaystable}
                         
I can't figure out why you would want to use a tab mark
or \cr or \span just now. If something like a right brace
up above has ended a previous alignment prematurely,
you're probably due for more error messages, and you
might try typing `S' now just to see what is salvageable.

./11Chapter1.tex:273: Missing \cr inserted.
<inserted text> 
                \cr 
l.273 \end{sidewaystable}
                         
I'm guessing that you meant to end an alignment here.

./11Chapter1.tex:273: Misplaced \cr.
<inserted text> \cr 
                    
l.273 \end{sidewaystable}
                         
I can't figure out why you would want to use a tab mark
or \cr or \span just now. If something like a right brace
up above has ended a previous alignment prematurely,
you're probably due for more error messages, and you
might try typing `S' now just to see what is salvageable.

./11Chapter1.tex:273: Missing \cr inserted.
<inserted text> 
                \cr 
l.273 \end{sidewaystable}
                         
I'm guessing that you meant to end an alignment here.

./11Chapter1.tex:273: Misplaced \cr.
<inserted text> \cr 
                    
l.273 \end{sidewaystable}
                         
I can't figure out why you would want to use a tab mark
or \cr or \span just now. If something like a right brace
up above has ended a previous alignment prematurely,
you're probably due for more error messages, and you
might try typing `S' now just to see what is salvageable.

./11Chapter1.tex:273: Missing \cr inserted.
<inserted text> 
                \cr 
l.273 \end{sidewaystable}
                         
I'm guessing that you meant to end an alignment here.

./11Chapter1.tex:273: Misplaced \cr.
<inserted text> \cr 
                    
l.273 \end{sidewaystable}
                         
I can't figure out why you would want to use a tab mark
or \cr or \span just now. If something like a right brace
up above has ended a previous alignment prematurely,
you're probably due for more error messages, and you
might try typing `S' now just to see what is salvageable.

./11Chapter1.tex:273: Missing \cr inserted.
<inserted text> 
                \cr 
l.273 \end{sidewaystable}
                         
I'm guessing that you meant to end an alignment here.

./11Chapter1.tex:273: Misplaced \cr.
<inserted text> \cr 
                    
l.273 \end{sidewaystable}
                         
I can't figure out why you would want to use a tab mark
or \cr or \span just now. If something like a right brace
up above has ended a previous alignment prematurely,
you're probably due for more error messages, and you
might try typing `S' now just to see what is salvageable.

./11Chapter1.tex:273: Missing \cr inserted.
<inserted text> 
                \cr 
l.273 \end{sidewaystable}
                         
I'm guessing that you meant to end an alignment here.

./11Chapter1.tex:273: Misplaced \cr.
<inserted text> \cr 
                    
l.273 \end{sidewaystable}
                         
I can't figure out why you would want to use a tab mark
or \cr or \span just now. If something like a right brace
up above has ended a previous alignment prematurely,
you're probably due for more error messages, and you
might try typing `S' now just to see what is salvageable.

./11Chapter1.tex:273: Missing \cr inserted.
<inserted text> 
                \cr 
l.273 \end{sidewaystable}
                         
I'm guessing that you meant to end an alignment here.

./11Chapter1.tex:273: Misplaced \cr.
<inserted text> \cr 
                    
l.273 \end{sidewaystable}
                         
I can't figure out why you would want to use a tab mark
or \cr or \span just now. If something like a right brace
up above has ended a previous alignment prematurely,
you're probably due for more error messages, and you
might try typing `S' now just to see what is salvageable.

./11Chapter1.tex:273: Missing \cr inserted.
<inserted text> 
                \cr 
l.273 \end{sidewaystable}
                         
I'm guessing that you meant to end an alignment here.

./11Chapter1.tex:273: Misplaced \cr.
<inserted text> \cr 
                    
l.273 \end{sidewaystable}
                         
I can't figure out why you would want to use a tab mark
or \cr or \span just now. If something like a right brace
up above has ended a previous alignment prematurely,
you're probably due for more error messages, and you
might try typing `S' now just to see what is salvageable.

./11Chapter1.tex:273: Missing \cr inserted.
<inserted text> 
                \cr 
l.273 \end{sidewaystable}
                         
I'm guessing that you meant to end an alignment here.

./11Chapter1.tex:273: Misplaced \cr.
<inserted text> \cr 
                    
l.273 \end{sidewaystable}
                         
I can't figure out why you would want to use a tab mark
or \cr or \span just now. If something like a right brace
up above has ended a previous alignment prematurely,
you're probably due for more error messages, and you
might try typing `S' now just to see what is salvageable.

./11Chapter1.tex:273: Missing \cr inserted.
<inserted text> 
                \cr 
l.273 \end{sidewaystable}
                         
I'm guessing that you meant to end an alignment here.

./11Chapter1.tex:273: Misplaced \cr.
<inserted text> \cr 
                    
l.273 \end{sidewaystable}
                         
I can't figure out why you would want to use a tab mark
or \cr or \span just now. If something like a right brace
up above has ended a previous alignment prematurely,
you're probably due for more error messages, and you
might try typing `S' now just to see what is salvageable.

./11Chapter1.tex:273: Missing \cr inserted.
<inserted text> 
                \cr 
l.273 \end{sidewaystable}
                         
I'm guessing that you meant to end an alignment here.

./11Chapter1.tex:273: Misplaced \cr.
<inserted text> \cr 
                    
l.273 \end{sidewaystable}
                         
I can't figure out why you would want to use a tab mark
or \cr or \span just now. If something like a right brace
up above has ended a previous alignment prematurely,
you're probably due for more error messages, and you
might try typing `S' now just to see what is salvageable.

./11Chapter1.tex:273: Missing \cr inserted.
<inserted text> 
                \cr 
l.273 \end{sidewaystable}
                         
I'm guessing that you meant to end an alignment here.

./11Chapter1.tex:273: Misplaced \cr.
<inserted text> \cr 
                    
l.273 \end{sidewaystable}
                         
I can't figure out why you would want to use a tab mark
or \cr or \span just now. If something like a right brace
up above has ended a previous alignment prematurely,
you're probably due for more error messages, and you
might try typing `S' now just to see what is salvageable.

./11Chapter1.tex:273: Missing \cr inserted.
<inserted text> 
                \cr 
l.273 \end{sidewaystable}
                         
I'm guessing that you meant to end an alignment here.

./11Chapter1.tex:273: Misplaced \cr.
<inserted text> \cr 
                    
l.273 \end{sidewaystable}
                         
I can't figure out why you would want to use a tab mark
or \cr or \span just now. If something like a right brace
up above has ended a previous alignment prematurely,
you're probably due for more error messages, and you
might try typing `S' now just to see what is salvageable.

./11Chapter1.tex:273: Missing \cr inserted.
<inserted text> 
                \cr 
l.273 \end{sidewaystable}
                         
I'm guessing that you meant to end an alignment here.

./11Chapter1.tex:273: Misplaced \cr.
<inserted text> \cr 
                    
l.273 \end{sidewaystable}
                         
I can't figure out why you would want to use a tab mark
or \cr or \span just now. If something like a right brace
up above has ended a previous alignment prematurely,
you're probably due for more error messages, and you
might try typing `S' now just to see what is salvageable.

./11Chapter1.tex:273: Missing \cr inserted.
<inserted text> 
                \cr 
l.273 \end{sidewaystable}
                         
I'm guessing that you meant to end an alignment here.

./11Chapter1.tex:273: Misplaced \cr.
<inserted text> \cr 
                    
l.273 \end{sidewaystable}
                         
I can't figure out why you would want to use a tab mark
or \cr or \span just now. If something like a right brace
up above has ended a previous alignment prematurely,
you're probably due for more error messages, and you
might try typing `S' now just to see what is salvageable.

./11Chapter1.tex:273: Missing \cr inserted.
<inserted text> 
                \cr 
l.273 \end{sidewaystable}
                         
I'm guessing that you meant to end an alignment here.

./11Chapter1.tex:273: Misplaced \cr.
<inserted text> \cr 
                    
l.273 \end{sidewaystable}
                         
I can't figure out why you would want to use a tab mark
or \cr or \span just now. If something like a right brace
up above has ended a previous alignment prematurely,
you're probably due for more error messages, and you
might try typing `S' now just to see what is salvageable.

./11Chapter1.tex:273: Missing \cr inserted.
<inserted text> 
                \cr 
l.273 \end{sidewaystable}
                         
I'm guessing that you meant to end an alignment here.

./11Chapter1.tex:273: Misplaced \cr.
<inserted text> \cr 
                    
l.273 \end{sidewaystable}
                         
I can't figure out why you would want to use a tab mark
or \cr or \span just now. If something like a right brace
up above has ended a previous alignment prematurely,
you're probably due for more error messages, and you
might try typing `S' now just to see what is salvageable.

./11Chapter1.tex:273: Missing \cr inserted.
<inserted text> 
                \cr 
l.273 \end{sidewaystable}
                         
I'm guessing that you meant to end an alignment here.

./11Chapter1.tex:273: Misplaced \cr.
<inserted text> \cr 
                    
l.273 \end{sidewaystable}
                         
I can't figure out why you would want to use a tab mark
or \cr or \span just now. If something like a right brace
up above has ended a previous alignment prematurely,
you're probably due for more error messages, and you
might try typing `S' now just to see what is salvageable.

./11Chapter1.tex:273: Missing \cr inserted.
<inserted text> 
                \cr 
l.273 \end{sidewaystable}
                         
I'm guessing that you meant to end an alignment here.

./11Chapter1.tex:273: Misplaced \cr.
<inserted text> \cr 
                    
l.273 \end{sidewaystable}
                         
I can't figure out why you would want to use a tab mark
or \cr or \span just now. If something like a right brace
up above has ended a previous alignment prematurely,
you're probably due for more error messages, and you
might try typing `S' now just to see what is salvageable.

./11Chapter1.tex:273: Missing \cr inserted.
<inserted text> 
                \cr 
l.273 \end{sidewaystable}
                         
I'm guessing that you meant to end an alignment here.

./11Chapter1.tex:273: Misplaced \cr.
<inserted text> \cr 
                    
l.273 \end{sidewaystable}
                         
I can't figure out why you would want to use a tab mark
or \cr or \span just now. If something like a right brace
up above has ended a previous alignment prematurely,
you're probably due for more error messages, and you
might try typing `S' now just to see what is salvageable.

./11Chapter1.tex:273: Missing \cr inserted.
<inserted text> 
                \cr 
l.273 \end{sidewaystable}
                         
(That makes 100 errors; please try again.) 
Here is how much of TeX's memory you used:
 8262 strings out of 495059
 121380 string characters out of 3182030
 219250 words of memory out of 3000000
 11237 multiletter control sequences out of 15000+200000
 12267 words of font info for 45 fonts, out of 3000000 for 9000
 14 hyphenation exceptions out of 8191
 38i,16n,39p,2795b,501s stack positions out of 5000i,500n,10000p,200000b,50000s

./11Chapter1.tex:273:  ==> Fatal error occurred, no output PDF file produced!
